 
  number of atoms in the primitive cell:          16
 
 
  CHI_0 Matrix 
 
  -0.2322   0.0062   0.0062   0.0062   0.0017   0.0017   0.0017   0.0455
   0.0155   0.0003   0.0155   0.0155   0.0155   0.0155   0.0003   0.0155
   0.0000
   0.0062  -0.2322   0.0062   0.0062   0.0017   0.0017   0.0455   0.0017
   0.0155   0.0155   0.0155   0.0003   0.0155   0.0003   0.0155   0.0155
   0.0000
   0.0062   0.0062  -0.2322   0.0062   0.0017   0.0455   0.0017   0.0017
   0.0155   0.0155   0.0003   0.0155   0.0003   0.0155   0.0155   0.0155
   0.0000
   0.0062   0.0062   0.0062  -0.2322   0.0455   0.0017   0.0017   0.0017
   0.0003   0.0155   0.0155   0.0155   0.0155   0.0155   0.0155   0.0003
   0.0000
   0.0017   0.0017   0.0017   0.0455  -0.2322   0.0062   0.0062   0.0062
   0.0003   0.0155   0.0155   0.0155   0.0155   0.0155   0.0155   0.0003
   0.0000
   0.0017   0.0017   0.0455   0.0017   0.0062  -0.2322   0.0062   0.0062
   0.0155   0.0155   0.0003   0.0155   0.0003   0.0155   0.0155   0.0155
   0.0000
   0.0017   0.0455   0.0017   0.0017   0.0062   0.0062  -0.2322   0.0062
   0.0155   0.0155   0.0155   0.0003   0.0155   0.0003   0.0155   0.0155
   0.0000
   0.0455   0.0017   0.0017   0.0017   0.0062   0.0062   0.0062  -0.2322
   0.0155   0.0003   0.0155   0.0155   0.0155   0.0155   0.0003   0.0155
   0.0000
   0.0155   0.0155   0.0155   0.0003   0.0003   0.0155   0.0155   0.0155
  -0.0897   0.0001   0.0001   0.0001  -0.0001  -0.0001  -0.0001   0.0076
   0.0000
   0.0003   0.0155   0.0155   0.0155   0.0155   0.0155   0.0155   0.0003
   0.0001  -0.0897  -0.0001  -0.0001  -0.0001  -0.0001   0.0076  -0.0001
   0.0000
   0.0155   0.0155   0.0003   0.0155   0.0155   0.0003   0.0155   0.0155
   0.0001  -0.0001  -0.0897  -0.0001   0.0076  -0.0001  -0.0001  -0.0001
   0.0000
   0.0155   0.0003   0.0155   0.0155   0.0155   0.0155   0.0003   0.0155
   0.0001  -0.0001  -0.0001  -0.0897  -0.0001   0.0076  -0.0001  -0.0001
   0.0000
   0.0155   0.0155   0.0003   0.0155   0.0155   0.0003   0.0155   0.0155
  -0.0001  -0.0001   0.0076  -0.0001  -0.0897  -0.0001  -0.0001  -0.0001
   0.0000
   0.0155   0.0003   0.0155   0.0155   0.0155   0.0155   0.0003   0.0155
  -0.0001  -0.0001  -0.0001   0.0076  -0.0001  -0.0897  -0.0001  -0.0001
   0.0000
   0.0003   0.0155   0.0155   0.0155   0.0155   0.0155   0.0155   0.0003
  -0.0001   0.0076  -0.0001  -0.0001  -0.0001  -0.0001  -0.0897  -0.0001
   0.0000
   0.0155   0.0155   0.0155   0.0003   0.0003   0.0155   0.0155   0.0155
   0.0076  -0.0001  -0.0001  -0.0001  -0.0001  -0.0001  -0.0001  -0.0897
   0.0000
   0.0000   0.0000   0.0000   0.0000   0.0000   0.0000   0.0000   0.0000
   0.0000   0.0000   0.0000   0.0000   0.0000   0.0000   0.0000   0.0000
   1.0000
 
 
  CHI Matrix 
 
  -0.1117   0.0015   0.0015   0.0015   0.0015   0.0015   0.0015  -0.0072
   0.0071  -0.0001   0.0071   0.0071   0.0071   0.0071  -0.0001   0.0071
   0.0000
   0.0015  -0.1117   0.0015   0.0015   0.0015   0.0015  -0.0072   0.0015
   0.0071   0.0071   0.0071  -0.0001   0.0071  -0.0001   0.0071   0.0071
   0.0000
   0.0015   0.0015  -0.1117   0.0015   0.0015  -0.0072   0.0015   0.0015
   0.0071   0.0071  -0.0001   0.0071  -0.0001   0.0071   0.0071   0.0071
   0.0000
   0.0015   0.0015   0.0015  -0.1117  -0.0072   0.0015   0.0015   0.0015
  -0.0001   0.0071   0.0071   0.0071   0.0071   0.0071   0.0071  -0.0001
   0.0000
   0.0015   0.0015   0.0015  -0.0072  -0.1117   0.0015   0.0015   0.0015
  -0.0001   0.0071   0.0071   0.0071   0.0071   0.0071   0.0071  -0.0001
   0.0000
   0.0015   0.0015  -0.0072   0.0015   0.0015  -0.1117   0.0015   0.0015
   0.0071   0.0071  -0.0001   0.0071  -0.0001   0.0071   0.0071   0.0071
   0.0000
   0.0015  -0.0072   0.0015   0.0015   0.0015   0.0015  -0.1117   0.0015
   0.0071   0.0071   0.0071  -0.0001   0.0071  -0.0001   0.0071   0.0071
   0.0000
  -0.0072   0.0015   0.0015   0.0015   0.0015   0.0015   0.0015  -0.1117
   0.0071  -0.0001   0.0071   0.0071   0.0071   0.0071  -0.0001   0.0071
   0.0000
   0.0071   0.0071   0.0071  -0.0001  -0.0001   0.0071   0.0071   0.0071
  -0.0353   0.0004   0.0004   0.0004   0.0004   0.0004   0.0004  -0.0004
   0.0000
  -0.0001   0.0071   0.0071   0.0071   0.0071   0.0071   0.0071  -0.0001
   0.0004  -0.0353   0.0004   0.0004   0.0004   0.0004  -0.0004   0.0004
   0.0000
   0.0071   0.0071  -0.0001   0.0071   0.0071  -0.0001   0.0071   0.0071
   0.0004   0.0004  -0.0353   0.0004  -0.0004   0.0004   0.0004   0.0004
   0.0000
   0.0071  -0.0001   0.0071   0.0071   0.0071   0.0071  -0.0001   0.0071
   0.0004   0.0004   0.0004  -0.0353   0.0004  -0.0004   0.0004   0.0004
   0.0000
   0.0071   0.0071  -0.0001   0.0071   0.0071  -0.0001   0.0071   0.0071
   0.0004   0.0004  -0.0004   0.0004  -0.0353   0.0004   0.0004   0.0004
   0.0000
   0.0071  -0.0001   0.0071   0.0071   0.0071   0.0071  -0.0001   0.0071
   0.0004   0.0004   0.0004  -0.0004   0.0004  -0.0353   0.0004   0.0004
   0.0000
  -0.0001   0.0071   0.0071   0.0071   0.0071   0.0071   0.0071  -0.0001
   0.0004  -0.0004   0.0004   0.0004   0.0004   0.0004  -0.0353   0.0004
   0.0000
   0.0071   0.0071   0.0071  -0.0001  -0.0001   0.0071   0.0071   0.0071
  -0.0004   0.0004   0.0004   0.0004   0.0004   0.0004   0.0004  -0.0353
   0.0000
   0.0000   0.0000   0.0000   0.0000   0.0000   0.0000   0.0000   0.0000
   0.0000   0.0000   0.0000   0.0000   0.0000   0.0000   0.0000   0.0000
   1.0000
 
 
  CHI0^-1 - CHI^-1 Matrix 
 
    4.1925   -0.3924   -0.3924   -0.3923   -0.3339   -0.3344   -0.3344   -1.7674
    0.5016   -0.1801    0.5078    0.5078    0.5120    0.5120   -0.1759    0.5113
    0.0000
   -0.3924    4.1925   -0.3924   -0.3923   -0.3339   -0.3344   -1.7674   -0.3344
    0.5016    0.5078    0.5078   -0.1801    0.5120   -0.1759    0.5120    0.5113
    0.0000
   -0.3924   -0.3924    4.1925   -0.3923   -0.3339   -1.7674   -0.3344   -0.3344
    0.5016    0.5078   -0.1801    0.5078   -0.1759    0.5120    0.5120    0.5113
    0.0000
   -0.3923   -0.3923   -0.3923    4.1934   -1.7662   -0.3342   -0.3342   -0.3342
   -0.1894    0.5099    0.5099    0.5099    0.5125    0.5125    0.5125   -0.1766
    0.0000
   -0.3339   -0.3339   -0.3339   -1.7662    4.1936   -0.3923   -0.3923   -0.3923
   -0.1886    0.5100    0.5100    0.5100    0.5127    0.5127    0.5127   -0.1764
    0.0000
   -0.3344   -0.3344   -1.7674   -0.3342   -0.3923    4.1921   -0.3928   -0.3928
    0.5007    0.5076   -0.1802    0.5076   -0.1760    0.5118    0.5118    0.5111
    0.0000
   -0.3344   -1.7674   -0.3344   -0.3342   -0.3923   -0.3928    4.1921   -0.3928
    0.5007    0.5076    0.5076   -0.1802    0.5118   -0.1760    0.5118    0.5111
    0.0000
   -1.7674   -0.3344   -0.3344   -0.3342   -0.3923   -0.3928   -0.3928    4.1921
    0.5007   -0.1802    0.5076    0.5076    0.5118    0.5118   -0.1760    0.5111
    0.0000
    0.5016    0.5016    0.5016   -0.1894   -0.1886    0.5007    0.5007    0.5007
   18.0905    1.0047    1.0047    1.0047    1.0268    1.0268    1.0268   -0.2703
    0.0000
   -0.1801    0.5078    0.5078    0.5099    0.5100    0.5076    0.5076   -0.1802
    1.0047   18.1067    1.0334    1.0334    1.0375    1.0375   -0.2614    1.0343
    0.0000
    0.5078    0.5078   -0.1801    0.5099    0.5100   -0.1802    0.5076    0.5076
    1.0047    1.0334   18.1067    1.0334   -0.2614    1.0375    1.0375    1.0343
    0.0000
    0.5078   -0.1801    0.5078    0.5099    0.5100    0.5076   -0.1802    0.5076
    1.0047    1.0334    1.0334   18.1067    1.0375   -0.2614    1.0375    1.0343
    0.0000
    0.5120    0.5120   -0.1759    0.5125    0.5127   -0.1760    0.5118    0.5118
    1.0268    1.0375   -0.2614    1.0375   18.1150    1.0417    1.0417    1.0405
    0.0000
    0.5120   -0.1759    0.5120    0.5125    0.5127    0.5118   -0.1760    0.5118
    1.0268    1.0375    1.0375   -0.2614    1.0417   18.1150    1.0417    1.0405
    0.0000
   -0.1759    0.5120    0.5120    0.5125    0.5127    0.5118    0.5118   -0.1760
    1.0268   -0.2614    1.0375    1.0375    1.0417    1.0417   18.1150    1.0405
    0.0000
    0.5113    0.5113    0.5113   -0.1766   -0.1764    0.5111    0.5111    0.5111
   -0.2703    1.0343    1.0343    1.0343    1.0405    1.0405    1.0405   18.1133
    0.0000
    0.0000    0.0000    0.0000    0.0000    0.0000    0.0000    0.0000    0.0000
    0.0000    0.0000    0.0000    0.0000    0.0000    0.0000    0.0000    0.0000
    0.0000
  type:            1  U0 =    4.19247631303313     
  type:            2  U0 =    18.0905076617417     
 
 
 
  Extrapolation to a supercell            1           1           1
 
  number of atoms in the supercell:          16
 
 
  type1:            1  type2:            1
 
  number of shells:            4
 
  shell  #n: pc, sc, spinp   dist       chi_pc     chi_sc 
 
    1        1   1   1        0.0000    -0.2322    -0.2322
    2        3   3   1       11.1723     0.0062     0.0062
    3        3   3  -1       11.1723     0.0017     0.0017
    4        1   1  -1       15.8000     0.0455     0.0455
 
  type1:            1  type2:            2
 
  number of shells:            2
 
  shell  #n: pc, sc, spinp   dist       chi_pc     chi_sc 
 
    1        6   6   0        7.9000     0.0155     0.0155
    2        2   2   0       13.6832     0.0003     0.0003
 
  type1:            2  type2:            2
 
  number of shells:            3
 
  shell  #n: pc, sc, spinp   dist       chi_pc     chi_sc 
 
    1        1   1   0        0.0000    -0.0897    -0.0897
    2        6   6   0       11.1723     0.0001     0.0001
    3        1   1   0       15.8000     0.0076     0.0076
 
  CHI_0 Matrix 
 
  -0.2322   0.0062   0.0062   0.0062   0.0017   0.0017   0.0017   0.0455
   0.0155   0.0003   0.0155   0.0155   0.0155   0.0155   0.0003   0.0155
   0.0000
   0.0062  -0.2322   0.0062   0.0062   0.0017   0.0017   0.0455   0.0017
   0.0155   0.0155   0.0155   0.0003   0.0155   0.0003   0.0155   0.0155
   0.0000
   0.0062   0.0062  -0.2322   0.0062   0.0017   0.0455   0.0017   0.0017
   0.0155   0.0155   0.0003   0.0155   0.0003   0.0155   0.0155   0.0155
   0.0000
   0.0062   0.0062   0.0062  -0.2322   0.0455   0.0017   0.0017   0.0017
   0.0003   0.0155   0.0155   0.0155   0.0155   0.0155   0.0155   0.0003
   0.0000
   0.0017   0.0017   0.0017   0.0455  -0.2322   0.0062   0.0062   0.0062
   0.0003   0.0155   0.0155   0.0155   0.0155   0.0155   0.0155   0.0003
   0.0000
   0.0017   0.0017   0.0455   0.0017   0.0062  -0.2322   0.0062   0.0062
   0.0155   0.0155   0.0003   0.0155   0.0003   0.0155   0.0155   0.0155
   0.0000
   0.0017   0.0455   0.0017   0.0017   0.0062   0.0062  -0.2322   0.0062
   0.0155   0.0155   0.0155   0.0003   0.0155   0.0003   0.0155   0.0155
   0.0000
   0.0455   0.0017   0.0017   0.0017   0.0062   0.0062   0.0062  -0.2322
   0.0155   0.0003   0.0155   0.0155   0.0155   0.0155   0.0003   0.0155
   0.0000
   0.0155   0.0155   0.0155   0.0003   0.0003   0.0155   0.0155   0.0155
  -0.0897   0.0001   0.0001   0.0001   0.0001   0.0001   0.0001   0.0076
   0.0000
   0.0003   0.0155   0.0155   0.0155   0.0155   0.0155   0.0155   0.0003
   0.0001  -0.0897   0.0001   0.0001   0.0001   0.0001   0.0076   0.0001
   0.0000
   0.0155   0.0155   0.0003   0.0155   0.0155   0.0003   0.0155   0.0155
   0.0001   0.0001  -0.0897   0.0001   0.0076   0.0001   0.0001   0.0001
   0.0000
   0.0155   0.0003   0.0155   0.0155   0.0155   0.0155   0.0003   0.0155
   0.0001   0.0001   0.0001  -0.0897   0.0001   0.0076   0.0001   0.0001
   0.0000
   0.0155   0.0155   0.0003   0.0155   0.0155   0.0003   0.0155   0.0155
   0.0001   0.0001   0.0076   0.0001  -0.0897   0.0001   0.0001   0.0001
   0.0000
   0.0155   0.0003   0.0155   0.0155   0.0155   0.0155   0.0003   0.0155
   0.0001   0.0001   0.0001   0.0076   0.0001  -0.0897   0.0001   0.0001
   0.0000
   0.0003   0.0155   0.0155   0.0155   0.0155   0.0155   0.0155   0.0003
   0.0001   0.0076   0.0001   0.0001   0.0001   0.0001  -0.0897   0.0001
   0.0000
   0.0155   0.0155   0.0155   0.0003   0.0003   0.0155   0.0155   0.0155
   0.0076   0.0001   0.0001   0.0001   0.0001   0.0001   0.0001  -0.0897
   0.0000
   0.0000   0.0000   0.0000   0.0000   0.0000   0.0000   0.0000   0.0000
   0.0000   0.0000   0.0000   0.0000   0.0000   0.0000   0.0000   0.0000
   1.0000
 
 
  CHI Matrix 
 
  -0.1117   0.0015   0.0015   0.0015   0.0015   0.0015   0.0015  -0.0072
   0.0071  -0.0001   0.0071   0.0071   0.0071   0.0071  -0.0001   0.0071
   0.0000
   0.0015  -0.1117   0.0015   0.0015   0.0015   0.0015  -0.0072   0.0015
   0.0071   0.0071   0.0071  -0.0001   0.0071  -0.0001   0.0071   0.0071
   0.0000
   0.0015   0.0015  -0.1117   0.0015   0.0015  -0.0072   0.0015   0.0015
   0.0071   0.0071  -0.0001   0.0071  -0.0001   0.0071   0.0071   0.0071
   0.0000
   0.0015   0.0015   0.0015  -0.1117  -0.0072   0.0015   0.0015   0.0015
  -0.0001   0.0071   0.0071   0.0071   0.0071   0.0071   0.0071  -0.0001
   0.0000
   0.0015   0.0015   0.0015  -0.0072  -0.1117   0.0015   0.0015   0.0015
  -0.0001   0.0071   0.0071   0.0071   0.0071   0.0071   0.0071  -0.0001
   0.0000
   0.0015   0.0015  -0.0072   0.0015   0.0015  -0.1117   0.0015   0.0015
   0.0071   0.0071  -0.0001   0.0071  -0.0001   0.0071   0.0071   0.0071
   0.0000
   0.0015  -0.0072   0.0015   0.0015   0.0015   0.0015  -0.1117   0.0015
   0.0071   0.0071   0.0071  -0.0001   0.0071  -0.0001   0.0071   0.0071
   0.0000
  -0.0072   0.0015   0.0015   0.0015   0.0015   0.0015   0.0015  -0.1117
   0.0071  -0.0001   0.0071   0.0071   0.0071   0.0071  -0.0001   0.0071
   0.0000
   0.0071   0.0071   0.0071  -0.0001  -0.0001   0.0071   0.0071   0.0071
  -0.0353   0.0004   0.0004   0.0004   0.0004   0.0004   0.0004  -0.0004
   0.0000
  -0.0001   0.0071   0.0071   0.0071   0.0071   0.0071   0.0071  -0.0001
   0.0004  -0.0353   0.0004   0.0004   0.0004   0.0004  -0.0004   0.0004
   0.0000
   0.0071   0.0071  -0.0001   0.0071   0.0071  -0.0001   0.0071   0.0071
   0.0004   0.0004  -0.0353   0.0004  -0.0004   0.0004   0.0004   0.0004
   0.0000
   0.0071  -0.0001   0.0071   0.0071   0.0071   0.0071  -0.0001   0.0071
   0.0004   0.0004   0.0004  -0.0353   0.0004  -0.0004   0.0004   0.0004
   0.0000
   0.0071   0.0071  -0.0001   0.0071   0.0071  -0.0001   0.0071   0.0071
   0.0004   0.0004  -0.0004   0.0004  -0.0353   0.0004   0.0004   0.0004
   0.0000
   0.0071  -0.0001   0.0071   0.0071   0.0071   0.0071  -0.0001   0.0071
   0.0004   0.0004   0.0004  -0.0004   0.0004  -0.0353   0.0004   0.0004
   0.0000
  -0.0001   0.0071   0.0071   0.0071   0.0071   0.0071   0.0071  -0.0001
   0.0004  -0.0004   0.0004   0.0004   0.0004   0.0004  -0.0353   0.0004
   0.0000
   0.0071   0.0071   0.0071  -0.0001  -0.0001   0.0071   0.0071   0.0071
  -0.0004   0.0004   0.0004   0.0004   0.0004   0.0004   0.0004  -0.0353
   0.0000
   0.0000   0.0000   0.0000   0.0000   0.0000   0.0000   0.0000   0.0000
   0.0000   0.0000   0.0000   0.0000   0.0000   0.0000   0.0000   0.0000
   1.0000
 
 
  CHI0^-1 - CHI^-1 Matrix 
 
    4.1623   -0.4236   -0.4236   -0.4236   -0.3654   -0.3654   -0.3654   -1.7974
    0.4538   -0.2392    0.4538    0.4538    0.4538    0.4538   -0.2392    0.4538
    0.0000
   -0.4236    4.1623   -0.4236   -0.4236   -0.3654   -0.3654   -1.7974   -0.3654
    0.4538    0.4538    0.4538   -0.2392    0.4538   -0.2392    0.4538    0.4538
    0.0000
   -0.4236   -0.4236    4.1623   -0.4236   -0.3654   -1.7974   -0.3654   -0.3654
    0.4538    0.4538   -0.2392    0.4538   -0.2392    0.4538    0.4538    0.4538
    0.0000
   -0.4236   -0.4236   -0.4236    4.1623   -1.7974   -0.3654   -0.3654   -0.3654
   -0.2392    0.4538    0.4538    0.4538    0.4538    0.4538    0.4538   -0.2392
    0.0000
   -0.3654   -0.3654   -0.3654   -1.7974    4.1623   -0.4236   -0.4236   -0.4236
   -0.2392    0.4538    0.4538    0.4538    0.4538    0.4538    0.4538   -0.2392
    0.0000
   -0.3654   -0.3654   -1.7974   -0.3654   -0.4236    4.1623   -0.4236   -0.4236
    0.4538    0.4538   -0.2392    0.4538   -0.2392    0.4538    0.4538    0.4538
    0.0000
   -0.3654   -1.7974   -0.3654   -0.3654   -0.4236   -0.4236    4.1623   -0.4236
    0.4538    0.4538    0.4538   -0.2392    0.4538   -0.2392    0.4538    0.4538
    0.0000
   -1.7974   -0.3654   -0.3654   -0.3654   -0.4236   -0.4236   -0.4236    4.1623
    0.4538   -0.2392    0.4538    0.4538    0.4538    0.4538   -0.2392    0.4538
    0.0000
    0.4538    0.4538    0.4538   -0.2392   -0.2392    0.4538    0.4538    0.4538
   18.0225    0.9232    0.9232    0.9232    0.9232    0.9232    0.9232   -0.3498
    0.0000
   -0.2392    0.4538    0.4538    0.4538    0.4538    0.4538    0.4538   -0.2392
    0.9232   18.0225    0.9232    0.9232    0.9232    0.9232   -0.3498    0.9232
    0.0000
    0.4538    0.4538   -0.2392    0.4538    0.4538   -0.2392    0.4538    0.4538
    0.9232    0.9232   18.0225    0.9232   -0.3498    0.9232    0.9232    0.9232
    0.0000
    0.4538   -0.2392    0.4538    0.4538    0.4538    0.4538   -0.2392    0.4538
    0.9232    0.9232    0.9232   18.0225    0.9232   -0.3498    0.9232    0.9232
    0.0000
    0.4538    0.4538   -0.2392    0.4538    0.4538   -0.2392    0.4538    0.4538
    0.9232    0.9232   -0.3498    0.9232   18.0225    0.9232    0.9232    0.9232
    0.0000
    0.4538   -0.2392    0.4538    0.4538    0.4538    0.4538   -0.2392    0.4538
    0.9232    0.9232    0.9232   -0.3498    0.9232   18.0225    0.9232    0.9232
    0.0000
   -0.2392    0.4538    0.4538    0.4538    0.4538    0.4538    0.4538   -0.2392
    0.9232   -0.3498    0.9232    0.9232    0.9232    0.9232   18.0225    0.9232
    0.0000
    0.4538    0.4538    0.4538   -0.2392   -0.2392    0.4538    0.4538    0.4538
   -0.3498    0.9232    0.9232    0.9232    0.9232    0.9232    0.9232   18.0225
    0.0000
    0.0000    0.0000    0.0000    0.0000    0.0000    0.0000    0.0000    0.0000
    0.0000    0.0000    0.0000    0.0000    0.0000    0.0000    0.0000    0.0000
    0.0000
  type:            1  U1 =    4.16230717375848     
  type:            2  U1 =    18.0225076231540     
