 
  number of atoms in the primitive cell:          16
 
 
  CHI_0 Matrix 
 
  -0.2322   0.0062   0.0062   0.0062   0.0017   0.0017   0.0017   0.0455
   0.0155   0.0003   0.0155   0.0155   0.0155   0.0155   0.0003   0.0155
   0.0695
   0.0062  -0.2322   0.0062   0.0062   0.0017   0.0017   0.0455   0.0017
   0.0155   0.0155   0.0155   0.0003   0.0155   0.0003   0.0155   0.0155
   0.0695
   0.0062   0.0062  -0.2322   0.0062   0.0017   0.0455   0.0017   0.0017
   0.0155   0.0155   0.0003   0.0155   0.0003   0.0155   0.0155   0.0155
   0.0695
   0.0062   0.0062   0.0062  -0.2322   0.0455   0.0017   0.0017   0.0017
   0.0003   0.0155   0.0155   0.0155   0.0155   0.0155   0.0155   0.0003
   0.0695
   0.0017   0.0017   0.0017   0.0455  -0.2322   0.0062   0.0062   0.0062
   0.0003   0.0155   0.0155   0.0155   0.0155   0.0155   0.0155   0.0003
   0.0695
   0.0017   0.0017   0.0455   0.0017   0.0062  -0.2322   0.0062   0.0062
   0.0155   0.0155   0.0003   0.0155   0.0003   0.0155   0.0155   0.0155
   0.0695
   0.0017   0.0455   0.0017   0.0017   0.0062   0.0062  -0.2322   0.0062
   0.0155   0.0155   0.0155   0.0003   0.0155   0.0003   0.0155   0.0155
   0.0695
   0.0455   0.0017   0.0017   0.0017   0.0062   0.0062   0.0062  -0.2322
   0.0155   0.0003   0.0155   0.0155   0.0155   0.0155   0.0003   0.0155
   0.0695
   0.0155   0.0155   0.0155   0.0003   0.0003   0.0155   0.0155   0.0155
  -0.0897   0.0001   0.0001   0.0001  -0.0001  -0.0001  -0.0001   0.0076
  -0.0112
   0.0003   0.0155   0.0155   0.0155   0.0155   0.0155   0.0155   0.0003
   0.0001  -0.0897  -0.0001  -0.0001  -0.0001  -0.0001   0.0076  -0.0001
  -0.0109
   0.0155   0.0155   0.0003   0.0155   0.0155   0.0003   0.0155   0.0155
   0.0001  -0.0001  -0.0897  -0.0001   0.0076  -0.0001  -0.0001  -0.0001
  -0.0109
   0.0155   0.0003   0.0155   0.0155   0.0155   0.0155   0.0003   0.0155
   0.0001  -0.0001  -0.0001  -0.0897  -0.0001   0.0076  -0.0001  -0.0001
  -0.0109
   0.0155   0.0155   0.0003   0.0155   0.0155   0.0003   0.0155   0.0155
  -0.0001  -0.0001   0.0076  -0.0001  -0.0897  -0.0001  -0.0001  -0.0001
  -0.0108
   0.0155   0.0003   0.0155   0.0155   0.0155   0.0155   0.0003   0.0155
  -0.0001  -0.0001  -0.0001   0.0076  -0.0001  -0.0897  -0.0001  -0.0001
  -0.0108
   0.0003   0.0155   0.0155   0.0155   0.0155   0.0155   0.0155   0.0003
  -0.0001   0.0076  -0.0001  -0.0001  -0.0001  -0.0001  -0.0897  -0.0001
  -0.0108
   0.0155   0.0155   0.0155   0.0003   0.0003   0.0155   0.0155   0.0155
   0.0076  -0.0001  -0.0001  -0.0001  -0.0001  -0.0001  -0.0001  -0.0897
  -0.0108
   0.0695   0.0695   0.0695   0.0695   0.0695   0.0695   0.0695   0.0695
  -0.0112  -0.0109  -0.0109  -0.0109  -0.0108  -0.0108  -0.0108  -0.0108
  -0.4693
 
 
  CHI Matrix 
 
  -0.1117   0.0015   0.0015   0.0015   0.0015   0.0015   0.0015  -0.0072
   0.0071  -0.0001   0.0071   0.0071   0.0071   0.0071  -0.0001   0.0071
   0.0678
   0.0015  -0.1117   0.0015   0.0015   0.0015   0.0015  -0.0072   0.0015
   0.0071   0.0071   0.0071  -0.0001   0.0071  -0.0001   0.0071   0.0071
   0.0678
   0.0015   0.0015  -0.1117   0.0015   0.0015  -0.0072   0.0015   0.0015
   0.0071   0.0071  -0.0001   0.0071  -0.0001   0.0071   0.0071   0.0071
   0.0678
   0.0015   0.0015   0.0015  -0.1117  -0.0072   0.0015   0.0015   0.0015
  -0.0001   0.0071   0.0071   0.0071   0.0071   0.0071   0.0071  -0.0001
   0.0678
   0.0015   0.0015   0.0015  -0.0072  -0.1117   0.0015   0.0015   0.0015
  -0.0001   0.0071   0.0071   0.0071   0.0071   0.0071   0.0071  -0.0001
   0.0678
   0.0015   0.0015  -0.0072   0.0015   0.0015  -0.1117   0.0015   0.0015
   0.0071   0.0071  -0.0001   0.0071  -0.0001   0.0071   0.0071   0.0071
   0.0678
   0.0015  -0.0072   0.0015   0.0015   0.0015   0.0015  -0.1117   0.0015
   0.0071   0.0071   0.0071  -0.0001   0.0071  -0.0001   0.0071   0.0071
   0.0678
  -0.0072   0.0015   0.0015   0.0015   0.0015   0.0015   0.0015  -0.1117
   0.0071  -0.0001   0.0071   0.0071   0.0071   0.0071  -0.0001   0.0071
   0.0678
   0.0071   0.0071   0.0071  -0.0001  -0.0001   0.0071   0.0071   0.0071
  -0.0353   0.0004   0.0004   0.0004   0.0004   0.0004   0.0004  -0.0004
  -0.0089
  -0.0001   0.0071   0.0071   0.0071   0.0071   0.0071   0.0071  -0.0001
   0.0004  -0.0353   0.0004   0.0004   0.0004   0.0004  -0.0004   0.0004
  -0.0089
   0.0071   0.0071  -0.0001   0.0071   0.0071  -0.0001   0.0071   0.0071
   0.0004   0.0004  -0.0353   0.0004  -0.0004   0.0004   0.0004   0.0004
  -0.0089
   0.0071  -0.0001   0.0071   0.0071   0.0071   0.0071  -0.0001   0.0071
   0.0004   0.0004   0.0004  -0.0353   0.0004  -0.0004   0.0004   0.0004
  -0.0089
   0.0071   0.0071  -0.0001   0.0071   0.0071  -0.0001   0.0071   0.0071
   0.0004   0.0004  -0.0004   0.0004  -0.0353   0.0004   0.0004   0.0004
  -0.0089
   0.0071  -0.0001   0.0071   0.0071   0.0071   0.0071  -0.0001   0.0071
   0.0004   0.0004   0.0004  -0.0004   0.0004  -0.0353   0.0004   0.0004
  -0.0089
  -0.0001   0.0071   0.0071   0.0071   0.0071   0.0071   0.0071  -0.0001
   0.0004  -0.0004   0.0004   0.0004   0.0004   0.0004  -0.0353   0.0004
  -0.0089
   0.0071   0.0071   0.0071  -0.0001  -0.0001   0.0071   0.0071   0.0071
  -0.0004   0.0004   0.0004   0.0004   0.0004   0.0004   0.0004  -0.0353
  -0.0089
   0.0678   0.0678   0.0678   0.0678   0.0678   0.0678   0.0678   0.0678
  -0.0089  -0.0089  -0.0089  -0.0089  -0.0089  -0.0089  -0.0089  -0.0089
  -0.4707
 
 
  CHI0^-1 - CHI^-1 Matrix 
 
    4.6679    0.0830    0.0830    0.0827    0.1409    0.1412    0.1412   -1.2917
   -0.4113   -1.1032   -0.4153   -0.4153   -0.4160   -0.4160   -1.1039   -0.4156
    0.6485
    0.0830    4.6679    0.0830    0.0827    0.1409    0.1412   -1.2917    0.1412
   -0.4113   -0.4153   -0.4153   -1.1032   -0.4160   -1.1039   -0.4160   -0.4156
    0.6485
    0.0830    0.0830    4.6679    0.0827    0.1409   -1.2917    0.1412    0.1412
   -0.4113   -0.4153   -1.1032   -0.4153   -1.1039   -0.4160   -0.4160   -0.4156
    0.6485
    0.0827    0.0827    0.0827    4.6680   -1.2918    0.1410    0.1410    0.1410
   -1.1028   -0.4136   -0.4136   -0.4136   -0.4159   -0.4159   -0.4159   -1.1039
    0.6481
    0.1409    0.1409    0.1409   -1.2918    4.6678    0.0828    0.0828    0.0828
   -1.1021   -0.4137   -0.4137   -0.4137   -0.4159   -0.4159   -0.4159   -1.1039
    0.6479
    0.1412    0.1412   -1.2917    0.1410    0.0828    4.6680    0.0830    0.0830
   -0.4120   -0.4153   -1.1031   -0.4153   -1.1038   -0.4160   -0.4160   -0.4156
    0.6487
    0.1412   -1.2917    0.1412    0.1410    0.0828    0.0830    4.6680    0.0830
   -0.4120   -0.4153   -0.4153   -1.1031   -0.4160   -1.1038   -0.4160   -0.4156
    0.6487
   -1.2917    0.1412    0.1412    0.1410    0.0828    0.0830    0.0830    4.6680
   -0.4120   -1.1031   -0.4153   -0.4153   -0.4160   -0.4160   -1.1038   -0.4156
    0.6487
   -0.4113   -0.4113   -0.4113   -1.1028   -1.1021   -0.4120   -0.4120   -0.4120
   15.7892   -1.3067   -1.3067   -1.3067   -1.2896   -1.2896   -1.2896   -2.5856
   -0.7399
   -1.1032   -0.4153   -0.4153   -0.4136   -0.4137   -0.4153   -0.4153   -1.1031
   -1.3067   15.7851   -1.2882   -1.2882   -1.2890   -1.2890   -2.5880   -1.2911
   -0.7500
   -0.4153   -0.4153   -1.1032   -0.4136   -0.4137   -1.1031   -0.4153   -0.4153
   -1.3067   -1.2882   15.7851   -1.2882   -2.5880   -1.2890   -1.2890   -1.2911
   -0.7500
   -0.4153   -1.1032   -0.4153   -0.4136   -0.4137   -0.4153   -1.1031   -0.4153
   -1.3067   -1.2882   -1.2882   15.7851   -1.2890   -2.5880   -1.2890   -1.2911
   -0.7500
   -0.4160   -0.4160   -1.1039   -0.4159   -0.4159   -1.1038   -0.4160   -0.4160
   -1.2896   -1.2890   -2.5880   -1.2890   15.7835   -1.2898   -1.2898   -1.2898
   -0.7550
   -0.4160   -1.1039   -0.4160   -0.4159   -0.4159   -0.4160   -1.1038   -0.4160
   -1.2896   -1.2890   -1.2890   -2.5880   -1.2898   15.7835   -1.2898   -1.2898
   -0.7550
   -1.1039   -0.4160   -0.4160   -0.4159   -0.4159   -0.4160   -0.4160   -1.1038
   -1.2896   -2.5880   -1.2890   -1.2890   -1.2898   -1.2898   15.7835   -1.2898
   -0.7550
   -0.4156   -0.4156   -0.4156   -1.1039   -1.1039   -0.4156   -0.4156   -0.4156
   -2.5856   -1.2911   -1.2911   -1.2911   -1.2898   -1.2898   -1.2898   15.7840
   -0.7539
    0.6485    0.6485    0.6485    0.6481    0.6479    0.6487    0.6487    0.6487
   -0.7399   -0.7500   -0.7500   -0.7500   -0.7550   -0.7550   -0.7550   -0.7539
    0.8215
  type:            1  U0 =    4.66790911627367     
  type:            2  U0 =    15.7892479761548     
 
 
 
  Extrapolation to a supercell            1           1           1
 
  number of atoms in the supercell:          16
 
 
  type1:            1  type2:            1
 
  number of shells:            4
 
  shell  #n: pc, sc, spinp   dist       chi_pc     chi_sc 
 
    1        1   1   1        0.0000    -0.2322    -0.2322
    2        3   3   1       11.1723     0.0062     0.0062
    3        3   3  -1       11.1723     0.0017     0.0017
    4        1   1  -1       15.8000     0.0455     0.0455
 
  type1:            1  type2:            2
 
  number of shells:            2
 
  shell  #n: pc, sc, spinp   dist       chi_pc     chi_sc 
 
    1        6   6   0        7.9000     0.0155     0.0155
    2        2   2   0       13.6832     0.0003     0.0003
 
  type1:            2  type2:            2
 
  number of shells:            3
 
  shell  #n: pc, sc, spinp   dist       chi_pc     chi_sc 
 
    1        1   1   0        0.0000    -0.0897    -0.0897
    2        6   6   0       11.1723     0.0001     0.0001
    3        1   1   0       15.8000     0.0076     0.0076
 
  CHI_0 Matrix 
 
  -0.2322   0.0062   0.0062   0.0062   0.0017   0.0017   0.0017   0.0455
   0.0155   0.0003   0.0155   0.0155   0.0155   0.0155   0.0003   0.0155
   0.0696
   0.0062  -0.2322   0.0062   0.0062   0.0017   0.0017   0.0455   0.0017
   0.0155   0.0155   0.0155   0.0003   0.0155   0.0003   0.0155   0.0155
   0.0696
   0.0062   0.0062  -0.2322   0.0062   0.0017   0.0455   0.0017   0.0017
   0.0155   0.0155   0.0003   0.0155   0.0003   0.0155   0.0155   0.0155
   0.0696
   0.0062   0.0062   0.0062  -0.2322   0.0455   0.0017   0.0017   0.0017
   0.0003   0.0155   0.0155   0.0155   0.0155   0.0155   0.0155   0.0003
   0.0696
   0.0017   0.0017   0.0017   0.0455  -0.2322   0.0062   0.0062   0.0062
   0.0003   0.0155   0.0155   0.0155   0.0155   0.0155   0.0155   0.0003
   0.0696
   0.0017   0.0017   0.0455   0.0017   0.0062  -0.2322   0.0062   0.0062
   0.0155   0.0155   0.0003   0.0155   0.0003   0.0155   0.0155   0.0155
   0.0696
   0.0017   0.0455   0.0017   0.0017   0.0062   0.0062  -0.2322   0.0062
   0.0155   0.0155   0.0155   0.0003   0.0155   0.0003   0.0155   0.0155
   0.0696
   0.0455   0.0017   0.0017   0.0017   0.0062   0.0062   0.0062  -0.2322
   0.0155   0.0003   0.0155   0.0155   0.0155   0.0155   0.0003   0.0155
   0.0696
   0.0155   0.0155   0.0155   0.0003   0.0003   0.0155   0.0155   0.0155
  -0.0897   0.0001   0.0001   0.0001   0.0001   0.0001   0.0001   0.0076
  -0.0116
   0.0003   0.0155   0.0155   0.0155   0.0155   0.0155   0.0155   0.0003
   0.0001  -0.0897   0.0001   0.0001   0.0001   0.0001   0.0076   0.0001
  -0.0116
   0.0155   0.0155   0.0003   0.0155   0.0155   0.0003   0.0155   0.0155
   0.0001   0.0001  -0.0897   0.0001   0.0076   0.0001   0.0001   0.0001
  -0.0116
   0.0155   0.0003   0.0155   0.0155   0.0155   0.0155   0.0003   0.0155
   0.0001   0.0001   0.0001  -0.0897   0.0001   0.0076   0.0001   0.0001
  -0.0116
   0.0155   0.0155   0.0003   0.0155   0.0155   0.0003   0.0155   0.0155
   0.0001   0.0001   0.0076   0.0001  -0.0897   0.0001   0.0001   0.0001
  -0.0116
   0.0155   0.0003   0.0155   0.0155   0.0155   0.0155   0.0003   0.0155
   0.0001   0.0001   0.0001   0.0076   0.0001  -0.0897   0.0001   0.0001
  -0.0116
   0.0003   0.0155   0.0155   0.0155   0.0155   0.0155   0.0155   0.0003
   0.0001   0.0076   0.0001   0.0001   0.0001   0.0001  -0.0897   0.0001
  -0.0116
   0.0155   0.0155   0.0155   0.0003   0.0003   0.0155   0.0155   0.0155
   0.0076   0.0001   0.0001   0.0001   0.0001   0.0001   0.0001  -0.0897
  -0.0116
   0.0696   0.0696   0.0696   0.0696   0.0696   0.0696   0.0696   0.0696
  -0.0116  -0.0116  -0.0116  -0.0116  -0.0116  -0.0116  -0.0116  -0.0116
  -0.4645
 
 
  CHI Matrix 
 
  -0.1117   0.0015   0.0015   0.0015   0.0015   0.0015   0.0015  -0.0072
   0.0071  -0.0001   0.0071   0.0071   0.0071   0.0071  -0.0001   0.0071
   0.0678
   0.0015  -0.1117   0.0015   0.0015   0.0015   0.0015  -0.0072   0.0015
   0.0071   0.0071   0.0071  -0.0001   0.0071  -0.0001   0.0071   0.0071
   0.0678
   0.0015   0.0015  -0.1117   0.0015   0.0015  -0.0072   0.0015   0.0015
   0.0071   0.0071  -0.0001   0.0071  -0.0001   0.0071   0.0071   0.0071
   0.0678
   0.0015   0.0015   0.0015  -0.1117  -0.0072   0.0015   0.0015   0.0015
  -0.0001   0.0071   0.0071   0.0071   0.0071   0.0071   0.0071  -0.0001
   0.0678
   0.0015   0.0015   0.0015  -0.0072  -0.1117   0.0015   0.0015   0.0015
  -0.0001   0.0071   0.0071   0.0071   0.0071   0.0071   0.0071  -0.0001
   0.0678
   0.0015   0.0015  -0.0072   0.0015   0.0015  -0.1117   0.0015   0.0015
   0.0071   0.0071  -0.0001   0.0071  -0.0001   0.0071   0.0071   0.0071
   0.0678
   0.0015  -0.0072   0.0015   0.0015   0.0015   0.0015  -0.1117   0.0015
   0.0071   0.0071   0.0071  -0.0001   0.0071  -0.0001   0.0071   0.0071
   0.0678
  -0.0072   0.0015   0.0015   0.0015   0.0015   0.0015   0.0015  -0.1117
   0.0071  -0.0001   0.0071   0.0071   0.0071   0.0071  -0.0001   0.0071
   0.0678
   0.0071   0.0071   0.0071  -0.0001  -0.0001   0.0071   0.0071   0.0071
  -0.0353   0.0004   0.0004   0.0004   0.0004   0.0004   0.0004  -0.0004
  -0.0089
  -0.0001   0.0071   0.0071   0.0071   0.0071   0.0071   0.0071  -0.0001
   0.0004  -0.0353   0.0004   0.0004   0.0004   0.0004  -0.0004   0.0004
  -0.0089
   0.0071   0.0071  -0.0001   0.0071   0.0071  -0.0001   0.0071   0.0071
   0.0004   0.0004  -0.0353   0.0004  -0.0004   0.0004   0.0004   0.0004
  -0.0089
   0.0071  -0.0001   0.0071   0.0071   0.0071   0.0071  -0.0001   0.0071
   0.0004   0.0004   0.0004  -0.0353   0.0004  -0.0004   0.0004   0.0004
  -0.0089
   0.0071   0.0071  -0.0001   0.0071   0.0071  -0.0001   0.0071   0.0071
   0.0004   0.0004  -0.0004   0.0004  -0.0353   0.0004   0.0004   0.0004
  -0.0089
   0.0071  -0.0001   0.0071   0.0071   0.0071   0.0071  -0.0001   0.0071
   0.0004   0.0004   0.0004  -0.0004   0.0004  -0.0353   0.0004   0.0004
  -0.0089
  -0.0001   0.0071   0.0071   0.0071   0.0071   0.0071   0.0071  -0.0001
   0.0004  -0.0004   0.0004   0.0004   0.0004   0.0004  -0.0353   0.0004
  -0.0089
   0.0071   0.0071   0.0071  -0.0001  -0.0001   0.0071   0.0071   0.0071
  -0.0004   0.0004   0.0004   0.0004   0.0004   0.0004   0.0004  -0.0353
  -0.0089
   0.0678   0.0678   0.0678   0.0678   0.0678   0.0678   0.0678   0.0678
  -0.0089  -0.0089  -0.0089  -0.0089  -0.0089  -0.0089  -0.0089  -0.0089
  -0.4707
 
 
  CHI0^-1 - CHI^-1 Matrix 
 
    4.6652    0.0793    0.0793    0.0793    0.1375    0.1375    0.1375   -1.2945
   -0.4088   -1.1018   -0.4088   -0.4088   -0.4088   -0.4088   -1.1018   -0.4088
    0.6348
    0.0793    4.6652    0.0793    0.0793    0.1375    0.1375   -1.2945    0.1375
   -0.4088   -0.4088   -0.4088   -1.1018   -0.4088   -1.1018   -0.4088   -0.4088
    0.6348
    0.0793    0.0793    4.6652    0.0793    0.1375   -1.2945    0.1375    0.1375
   -0.4088   -0.4088   -1.1018   -0.4088   -1.1018   -0.4088   -0.4088   -0.4088
    0.6348
    0.0793    0.0793    0.0793    4.6652   -1.2945    0.1375    0.1375    0.1375
   -1.1018   -0.4088   -0.4088   -0.4088   -0.4088   -0.4088   -0.4088   -1.1018
    0.6348
    0.1375    0.1375    0.1375   -1.2945    4.6652    0.0793    0.0793    0.0793
   -1.1018   -0.4088   -0.4088   -0.4088   -0.4088   -0.4088   -0.4088   -1.1018
    0.6348
    0.1375    0.1375   -1.2945    0.1375    0.0793    4.6652    0.0793    0.0793
   -0.4088   -0.4088   -1.1018   -0.4088   -1.1018   -0.4088   -0.4088   -0.4088
    0.6348
    0.1375   -1.2945    0.1375    0.1375    0.0793    0.0793    4.6652    0.0793
   -0.4088   -0.4088   -0.4088   -1.1018   -0.4088   -1.1018   -0.4088   -0.4088
    0.6348
   -1.2945    0.1375    0.1375    0.1375    0.0793    0.0793    0.0793    4.6652
   -0.4088   -1.1018   -0.4088   -0.4088   -0.4088   -0.4088   -1.1018   -0.4088
    0.6348
   -0.4088   -0.4088   -0.4088   -1.1018   -1.1018   -0.4088   -0.4088   -0.4088
   15.7944   -1.3049   -1.3049   -1.3049   -1.3049   -1.3049   -1.3049   -2.5779
   -0.7307
   -1.1018   -0.4088   -0.4088   -0.4088   -0.4088   -0.4088   -0.4088   -1.1018
   -1.3049   15.7944   -1.3049   -1.3049   -1.3049   -1.3049   -2.5779   -1.3049
   -0.7307
   -0.4088   -0.4088   -1.1018   -0.4088   -0.4088   -1.1018   -0.4088   -0.4088
   -1.3049   -1.3049   15.7944   -1.3049   -2.5779   -1.3049   -1.3049   -1.3049
   -0.7307
   -0.4088   -1.1018   -0.4088   -0.4088   -0.4088   -0.4088   -1.1018   -0.4088
   -1.3049   -1.3049   -1.3049   15.7944   -1.3049   -2.5779   -1.3049   -1.3049
   -0.7307
   -0.4088   -0.4088   -1.1018   -0.4088   -0.4088   -1.1018   -0.4088   -0.4088
   -1.3049   -1.3049   -2.5779   -1.3049   15.7944   -1.3049   -1.3049   -1.3049
   -0.7307
   -0.4088   -1.1018   -0.4088   -0.4088   -0.4088   -0.4088   -1.1018   -0.4088
   -1.3049   -1.3049   -1.3049   -2.5779   -1.3049   15.7944   -1.3049   -1.3049
   -0.7307
   -1.1018   -0.4088   -0.4088   -0.4088   -0.4088   -0.4088   -0.4088   -1.1018
   -1.3049   -2.5779   -1.3049   -1.3049   -1.3049   -1.3049   15.7944   -1.3049
   -0.7307
   -0.4088   -0.4088   -0.4088   -1.1018   -1.1018   -0.4088   -0.4088   -0.4088
   -2.5779   -1.3049   -1.3049   -1.3049   -1.3049   -1.3049   -1.3049   15.7944
   -0.7307
    0.6348    0.6348    0.6348    0.6348    0.6348    0.6348    0.6348    0.6348
   -0.7307   -0.7307   -0.7307   -0.7307   -0.7307   -0.7307   -0.7307   -0.7307
    0.7668
  type:            1  U1 =    4.66522777853843     
  type:            2  U1 =    15.7943738403967     
