 
  number of atoms in the primitive cell:          10
 
 
  CHI_0 Matrix 
 
  -0.1635   0.1159   0.0017   0.0017   0.0157   0.0108   0.0108   0.0108
   0.0157   0.0108  -0.0305
   0.1159  -0.1635   0.0017   0.0017   0.0021   0.0000   0.0000   0.0000
   0.0021   0.0000   0.0400
   0.0017   0.0017  -0.1829  -0.0081   0.0131   0.0066   0.0066   0.0058
   0.0115   0.0058   0.1379
   0.0017   0.0017  -0.0081  -0.1829   0.0115   0.0058   0.0058   0.0066
   0.0131   0.0066   0.1379
   0.0157   0.0021   0.0131   0.0115  -0.0671   0.0019   0.0019   0.0084
   0.0023   0.0023   0.0079
   0.0108   0.0000   0.0066   0.0058   0.0019  -0.0671   0.0000   0.0000
   0.0084   0.0000   0.0335
   0.0108   0.0000   0.0066   0.0058   0.0019   0.0000  -0.0671   0.0000
   0.0023   0.0000   0.0396
   0.0108   0.0000   0.0058   0.0066   0.0084   0.0000   0.0000  -0.0671
   0.0019   0.0000   0.0335
   0.0157   0.0021   0.0115   0.0131   0.0023   0.0084   0.0023   0.0019
  -0.0671   0.0019   0.0079
   0.0108   0.0000   0.0058   0.0066   0.0023   0.0000   0.0000   0.0000
   0.0019  -0.0671   0.0396
  -0.0305   0.0400   0.1379   0.1379   0.0079   0.0335   0.0396   0.0335
   0.0079   0.0396  -0.4474
 
 
  CHI Matrix 
 
   0.3570  -0.2793   0.0008  -0.0005   0.0003  -0.0003  -0.0003  -0.0003
   0.0003  -0.0003  -0.0776
  -0.2793   0.3570  -0.0005  -0.0005  -0.0024   0.0000   0.0000   0.0000
  -0.0024   0.0000  -0.0721
   0.0008  -0.0005  -0.1395   0.0016   0.0061   0.0031   0.0031   0.0028
   0.0056   0.0028   0.1141
  -0.0005  -0.0005   0.0016  -0.1395   0.0056   0.0028   0.0028   0.0031
   0.0061   0.0031   0.1154
   0.0003  -0.0024   0.0061   0.0056  -0.0241   0.0009   0.0009   0.0024
   0.0014   0.0014   0.0076
  -0.0003   0.0000   0.0031   0.0028   0.0009  -0.0241   0.0000   0.0000
   0.0024   0.0000   0.0152
  -0.0003   0.0000   0.0031   0.0028   0.0009   0.0000  -0.0241   0.0000
   0.0014   0.0000   0.0162
  -0.0003   0.0000   0.0028   0.0031   0.0024   0.0000   0.0000  -0.0241
   0.0009   0.0000   0.0152
   0.0003  -0.0024   0.0056   0.0061   0.0014   0.0024   0.0014   0.0009
  -0.0241   0.0009   0.0076
  -0.0003   0.0000   0.0028   0.0031   0.0014   0.0000   0.0000   0.0000
   0.0009  -0.0241   0.0162
  -0.0776  -0.0721   0.1141   0.1154   0.0076   0.0152   0.0162   0.0152
   0.0076   0.0162  -0.1578
 
 
  CHI0^-1 - CHI^-1 Matrix 
 
  -11.4211   -6.0277    4.7472    4.8022   -1.0140    0.7091    1.0952    0.7097
   -1.0130    1.0957    6.3166
   -6.0277  -11.2202    4.2122    4.2532   -0.3069    0.8673    1.1179    0.8677
   -0.3062    1.1184    5.4244
    4.7472    4.2122    1.4175    0.0429   -1.5793   -1.7603   -1.8183   -1.7773
   -1.5839   -1.8297   -0.0709
    4.8022    4.2532    0.0429    1.3987   -1.5976   -1.7875   -1.8397   -1.7707
   -1.5933   -1.8285   -0.0797
   -1.0140   -0.3069   -1.5793   -1.5976   21.8376   -3.5407   -3.4852   -2.4796
   -3.0351   -2.7931   -2.0061
    0.7091    0.8673   -1.7603   -1.7875   -3.5407   22.4557   -4.1864   -4.2045
   -2.4797   -4.2274   -1.8457
    1.0952    1.1179   -1.8183   -1.8397   -3.4852   -4.1864   22.3806   -4.2274
   -2.7932   -4.2748   -1.9687
    0.7097    0.8677   -1.7773   -1.7707   -2.4796   -4.2045   -4.2274   22.4555
   -3.5410   -4.1866   -1.8458
   -1.0130   -0.3062   -1.5839   -1.5933   -3.0351   -2.4797   -2.7932   -3.5410
   21.8371   -3.4855   -2.0063
    1.0957    1.1184   -1.8297   -1.8285   -2.7931   -4.2274   -4.2748   -4.1866
   -3.4855   22.3804   -1.9688
    6.3166    5.4244   -0.0709   -0.0797   -2.0061   -1.8457   -1.9687   -1.8458
   -2.0063   -1.9688    0.0511
  type:            1  U0 =   -11.4210674252753     
  type:            2  U0 =    1.41749584068229     
  type:            3  U0 =    21.8375920914897     
 
 
 
  Extrapolation to a supercell            1           1           1
 
  number of atoms in the supercell:          10
 
 
  type1:            1  type2:            1
 
  number of shells:            2
 
  shell  #n: pc, sc, spinp   dist       chi_pc     chi_sc 
 
    1        1   1   1        0.0000    -0.1635    -0.1635
    2        1   1   1        5.1646     0.1159     0.1159
 
  type1:            1  type2:            2
 
  number of shells:            1
 
  shell  #n: pc, sc, spinp   dist       chi_pc     chi_sc 
 
    1        2   2   0        4.5080     0.0017     0.0017
 
  type1:            1  type2:            3
 
  number of shells:            3
 
  shell  #n: pc, sc, spinp   dist       chi_pc     chi_sc 
 
    1        2   2   0        2.9479     0.0157     0.0157
    2        2   2   0        4.4999     0.0108     0.0108
    3        2   2   0        2.3225     0.0108     0.0108
 
  type1:            2  type2:            2
 
  number of shells:            2
 
  shell  #n: pc, sc, spinp   dist       chi_pc     chi_sc 
 
    1        1   1   0        0.0000    -0.1829    -0.1829
    2        1   1   0        5.1646    -0.0081    -0.0081
 
  type1:            2  type2:            3
 
  number of shells:            6
 
  shell  #n: pc, sc, spinp   dist       chi_pc     chi_sc 
 
    1        1   1   0        4.8723     0.0131     0.0131
    2        1   1   0        5.1642     0.0066     0.0066
    3        1   1   0        4.8788     0.0066     0.0066
    4        1   1   0        0.0081     0.0058     0.0058
    5        1   1   0        4.5960     0.0115     0.0115
    6        1   1   0        4.5918     0.0058     0.0058
 
  type1:            3  type2:            3
 
  number of shells:            6
 
  shell  #n: pc, sc, spinp   dist       chi_pc     chi_sc 
 
    1        1   1   0        0.0000    -0.0671    -0.0671
    2        1   1   0        4.6028     0.0019     0.0019
    3        1   1   0        1.2636     0.0019     0.0019
    4        1   1   0        4.8655     0.0084     0.0084
    5        1   1   0        4.6645     0.0023     0.0023
    6        1   1   0        5.1548     0.0023     0.0023
 
  CHI_0 Matrix 
 
  -0.1635   0.1159   0.0017   0.0017   0.0157   0.0108   0.0108   0.0108
   0.0157   0.0108  -0.0305
   0.1159  -0.1635   0.0017   0.0017   0.0000   0.0000   0.0000   0.0000
   0.0000   0.0000   0.0441
   0.0017   0.0017  -0.1829  -0.0081   0.0131   0.0066   0.0066   0.0058
   0.0115   0.0058   0.1379
   0.0017   0.0017  -0.0081  -0.1829   0.0115   0.0058   0.0058   0.0066
   0.0131   0.0066   0.1379
   0.0157   0.0000   0.0131   0.0115  -0.0671   0.0019   0.0019   0.0084
   0.0023   0.0023   0.0100
   0.0108   0.0000   0.0066   0.0058   0.0019  -0.0671   0.0000   0.0000
   0.0084   0.0000   0.0335
   0.0108   0.0000   0.0066   0.0058   0.0019   0.0000  -0.0671   0.0000
   0.0023   0.0000   0.0396
   0.0108   0.0000   0.0058   0.0066   0.0084   0.0000   0.0000  -0.0671
   0.0019   0.0000   0.0335
   0.0157   0.0000   0.0115   0.0131   0.0023   0.0084   0.0023   0.0019
  -0.0671   0.0019   0.0100
   0.0108   0.0000   0.0058   0.0066   0.0023   0.0000   0.0000   0.0000
   0.0019  -0.0671   0.0396
  -0.0305   0.0441   0.1379   0.1379   0.0100   0.0335   0.0396   0.0335
   0.0100   0.0396  -0.4556
 
 
  CHI Matrix 
 
   0.3570  -0.2793   0.0008   0.0008   0.0003  -0.0003  -0.0003  -0.0003
   0.0003  -0.0003  -0.0788
  -0.2793   0.3570   0.0008   0.0008   0.0000   0.0000   0.0000   0.0000
   0.0000   0.0000  -0.0793
   0.0008   0.0008  -0.1395   0.0016   0.0061   0.0031   0.0031   0.0028
   0.0056   0.0028   0.1129
   0.0008   0.0008   0.0016  -0.1395   0.0056   0.0028   0.0028   0.0031
   0.0061   0.0031   0.1129
   0.0003   0.0000   0.0061   0.0056  -0.0241   0.0009   0.0009   0.0024
   0.0014   0.0014   0.0052
  -0.0003   0.0000   0.0031   0.0028   0.0009  -0.0241   0.0000   0.0000
   0.0024   0.0000   0.0152
  -0.0003   0.0000   0.0031   0.0028   0.0009   0.0000  -0.0241   0.0000
   0.0014   0.0000   0.0162
  -0.0003   0.0000   0.0028   0.0031   0.0024   0.0000   0.0000  -0.0241
   0.0009   0.0000   0.0152
   0.0003   0.0000   0.0056   0.0061   0.0014   0.0024   0.0014   0.0009
  -0.0241   0.0009   0.0052
  -0.0003   0.0000   0.0028   0.0031   0.0014   0.0000   0.0000   0.0000
   0.0009  -0.0241   0.0162
  -0.0788  -0.0793   0.1129   0.1129   0.0052   0.0152   0.0162   0.0152
   0.0052   0.0162  -0.1409
 
 
  CHI0^-1 - CHI^-1 Matrix 
 
  -11.0084   -5.5976    4.6855    4.6855   -1.2661    0.6800    1.0576    0.6800
   -1.2661    1.0576    6.2920
   -5.5976  -10.8070    4.1613    4.1613   -0.6200    0.8526    1.0937    0.8526
   -0.6200    1.0937    5.4295
    4.6855    4.1613    1.4463    0.0808   -1.5863   -1.7603   -1.8078   -1.7771
   -1.5907   -1.8191   -0.0325
    4.6855    4.1613    0.0808    1.4463   -1.5907   -1.7771   -1.8191   -1.7603
   -1.5863   -1.8078   -0.0325
   -1.2661   -0.6200   -1.5863   -1.5907   22.0758   -3.4938   -3.4556   -2.4326
   -2.7967   -2.7634   -2.0706
    0.6800    0.8526   -1.7603   -1.7771   -3.4938   22.4419   -4.1983   -4.2183
   -2.4326   -4.2392   -1.8548
    1.0576    1.0937   -1.8078   -1.8191   -3.4556   -4.1983   22.3737   -4.2392
   -2.7634   -4.2815   -1.9601
    0.6800    0.8526   -1.7771   -1.7603   -2.4326   -4.2183   -4.2392   22.4419
   -3.4938   -4.1983   -1.8548
   -1.2661   -0.6200   -1.5907   -1.5863   -2.7967   -2.4326   -2.7634   -3.4938
   22.0758   -3.4556   -2.0706
    1.0576    1.0937   -1.8191   -1.8078   -2.7634   -4.2392   -4.2815   -4.1983
   -3.4556   22.3737   -1.9601
    6.2920    5.4295   -0.0325   -0.0325   -2.0706   -1.8548   -1.9601   -1.8548
   -2.0706   -1.9601    0.1146
  type:            1  U1 =   -11.0083893340746     
  type:            2  U1 =    1.44625409304393     
  type:            3  U1 =    22.0757863476046     
