 
  number of atoms in the primitive cell:          10
 
 
  CHI_0 Matrix 
 
  -0.1635   0.1159   0.0017   0.0017   0.0157   0.0108   0.0108   0.0108
   0.0157   0.0108   0.0000
   0.1159  -0.1635   0.0017   0.0017   0.0021   0.0000   0.0000   0.0000
   0.0021   0.0000   0.0000
   0.0017   0.0017  -0.1829  -0.0081   0.0131   0.0066   0.0066   0.0058
   0.0115   0.0058   0.0000
   0.0017   0.0017  -0.0081  -0.1829   0.0115   0.0058   0.0058   0.0066
   0.0131   0.0066   0.0000
   0.0157   0.0021   0.0131   0.0115  -0.0671   0.0019   0.0019   0.0084
   0.0023   0.0023   0.0000
   0.0108   0.0000   0.0066   0.0058   0.0019  -0.0671   0.0000   0.0000
   0.0084   0.0000   0.0000
   0.0108   0.0000   0.0066   0.0058   0.0019   0.0000  -0.0671   0.0000
   0.0023   0.0000   0.0000
   0.0108   0.0000   0.0058   0.0066   0.0084   0.0000   0.0000  -0.0671
   0.0019   0.0000   0.0000
   0.0157   0.0021   0.0115   0.0131   0.0023   0.0084   0.0023   0.0019
  -0.0671   0.0019   0.0000
   0.0108   0.0000   0.0058   0.0066   0.0023   0.0000   0.0000   0.0000
   0.0019  -0.0671   0.0000
   0.0000   0.0000   0.0000   0.0000   0.0000   0.0000   0.0000   0.0000
   0.0000   0.0000   1.0000
 
 
  CHI Matrix 
 
   0.3570  -0.2793   0.0008  -0.0005   0.0003  -0.0003  -0.0003  -0.0003
   0.0003  -0.0003   0.0000
  -0.2793   0.3570  -0.0005  -0.0005  -0.0024   0.0000   0.0000   0.0000
  -0.0024   0.0000   0.0000
   0.0008  -0.0005  -0.1395   0.0016   0.0061   0.0031   0.0031   0.0028
   0.0056   0.0028   0.0000
  -0.0005  -0.0005   0.0016  -0.1395   0.0056   0.0028   0.0028   0.0031
   0.0061   0.0031   0.0000
   0.0003  -0.0024   0.0061   0.0056  -0.0241   0.0009   0.0009   0.0024
   0.0014   0.0014   0.0000
  -0.0003   0.0000   0.0031   0.0028   0.0009  -0.0241   0.0000   0.0000
   0.0024   0.0000   0.0000
  -0.0003   0.0000   0.0031   0.0028   0.0009   0.0000  -0.0241   0.0000
   0.0014   0.0000   0.0000
  -0.0003   0.0000   0.0028   0.0031   0.0024   0.0000   0.0000  -0.0241
   0.0009   0.0000   0.0000
   0.0003  -0.0024   0.0056   0.0061   0.0014   0.0024   0.0014   0.0009
  -0.0241   0.0009   0.0000
  -0.0003   0.0000   0.0028   0.0031   0.0014   0.0000   0.0000   0.0000
   0.0009  -0.0241   0.0000
   0.0000   0.0000   0.0000   0.0000   0.0000   0.0000   0.0000   0.0000
   0.0000   0.0000   1.0000
 
 
  CHI0^-1 - CHI^-1 Matrix 
 
  -24.0032  -17.7177   -1.4474   -1.3836   -5.2734   -3.7107   -3.2017   -3.7100
   -5.2723   -3.2010    0.0000
  -17.7177  -22.0180   -1.0902   -1.0404   -3.6741   -2.6603   -2.2867   -2.6598
   -3.6733   -2.2862    0.0000
   -1.4474   -1.0902    1.6105    0.2446    0.5489    0.2075    0.2724    0.1906
    0.5445    0.2611    0.0000
   -1.3836   -1.0404    0.2446    1.6092    0.5393    0.1891    0.2598    0.2060
    0.5438    0.2711    0.0000
   -5.2734   -3.6741    0.5489    0.5393   25.9010    0.3623    0.5408    1.4234
    1.0284    1.2329    0.0000
   -3.7107   -2.6603    0.2075    0.1891    0.3623   26.1983   -0.3209   -0.4619
    1.4235   -0.3618    0.0000
   -3.2017   -2.2867    0.2724    0.2598    0.5408   -0.3209   26.3691   -0.3618
    1.2329   -0.2862    0.0000
   -3.7100   -2.6598    0.1906    0.2060    1.4234   -0.4619   -0.3618   26.1983
    0.3622   -0.3209    0.0000
   -5.2723   -3.6733    0.5445    0.5438    1.0284    1.4235    1.2329    0.3622
   25.9008    0.5407    0.0000
   -3.2010   -2.2862    0.2611    0.2711    1.2329   -0.3618   -0.2862   -0.3209
    0.5407   26.3690    0.0000
    0.0000    0.0000    0.0000    0.0000    0.0000    0.0000    0.0000    0.0000
    0.0000    0.0000    0.0000
  type:            1  U0 =   -24.0032393872543     
  type:            2  U0 =    1.61047938686758     
  type:            3  U0 =    25.9009549972127     
 
 
 
  Extrapolation to a supercell            1           1           1
 
  number of atoms in the supercell:          10
 
 
  type1:            1  type2:            1
 
  number of shells:            2
 
  shell  #n: pc, sc, spinp   dist       chi_pc     chi_sc 
 
    1        1   1   1        0.0000    -0.1635    -0.1635
    2        1   1   1        5.1646     0.1159     0.1159
 
  type1:            1  type2:            2
 
  number of shells:            1
 
  shell  #n: pc, sc, spinp   dist       chi_pc     chi_sc 
 
    1        2   2   0        4.5080     0.0017     0.0017
 
  type1:            1  type2:            3
 
  number of shells:            3
 
  shell  #n: pc, sc, spinp   dist       chi_pc     chi_sc 
 
    1        2   2   0        2.9479     0.0157     0.0157
    2        2   2   0        4.4999     0.0108     0.0108
    3        2   2   0        2.3225     0.0108     0.0108
 
  type1:            2  type2:            2
 
  number of shells:            2
 
  shell  #n: pc, sc, spinp   dist       chi_pc     chi_sc 
 
    1        1   1   0        0.0000    -0.1829    -0.1829
    2        1   1   0        5.1646    -0.0081    -0.0081
 
  type1:            2  type2:            3
 
  number of shells:            6
 
  shell  #n: pc, sc, spinp   dist       chi_pc     chi_sc 
 
    1        1   1   0        4.8723     0.0131     0.0131
    2        1   1   0        5.1642     0.0066     0.0066
    3        1   1   0        4.8788     0.0066     0.0066
    4        1   1   0        0.0081     0.0058     0.0058
    5        1   1   0        4.5960     0.0115     0.0115
    6        1   1   0        4.5918     0.0058     0.0058
 
  type1:            3  type2:            3
 
  number of shells:            6
 
  shell  #n: pc, sc, spinp   dist       chi_pc     chi_sc 
 
    1        1   1   0        0.0000    -0.0671    -0.0671
    2        1   1   0        4.6028     0.0019     0.0019
    3        1   1   0        1.2636     0.0019     0.0019
    4        1   1   0        4.8655     0.0084     0.0084
    5        1   1   0        4.6645     0.0023     0.0023
    6        1   1   0        5.1548     0.0023     0.0023
 
  CHI_0 Matrix 
 
  -0.1635   0.1159   0.0017   0.0017   0.0157   0.0108   0.0108   0.0108
   0.0157   0.0108   0.0000
   0.1159  -0.1635   0.0017   0.0017   0.0000   0.0000   0.0000   0.0000
   0.0000   0.0000   0.0000
   0.0017   0.0017  -0.1829  -0.0081   0.0131   0.0066   0.0066   0.0058
   0.0115   0.0058   0.0000
   0.0017   0.0017  -0.0081  -0.1829   0.0115   0.0058   0.0058   0.0066
   0.0131   0.0066   0.0000
   0.0157   0.0000   0.0131   0.0115  -0.0671   0.0019   0.0019   0.0084
   0.0023   0.0023   0.0000
   0.0108   0.0000   0.0066   0.0058   0.0019  -0.0671   0.0000   0.0000
   0.0084   0.0000   0.0000
   0.0108   0.0000   0.0066   0.0058   0.0019   0.0000  -0.0671   0.0000
   0.0023   0.0000   0.0000
   0.0108   0.0000   0.0058   0.0066   0.0084   0.0000   0.0000  -0.0671
   0.0019   0.0000   0.0000
   0.0157   0.0000   0.0115   0.0131   0.0023   0.0084   0.0023   0.0019
  -0.0671   0.0019   0.0000
   0.0108   0.0000   0.0058   0.0066   0.0023   0.0000   0.0000   0.0000
   0.0019  -0.0671   0.0000
   0.0000   0.0000   0.0000   0.0000   0.0000   0.0000   0.0000   0.0000
   0.0000   0.0000   1.0000
 
 
  CHI Matrix 
 
   0.3570  -0.2793   0.0008   0.0008   0.0003  -0.0003  -0.0003  -0.0003
   0.0003  -0.0003   0.0000
  -0.2793   0.3570   0.0008   0.0008   0.0000   0.0000   0.0000   0.0000
   0.0000   0.0000   0.0000
   0.0008   0.0008  -0.1395   0.0016   0.0061   0.0031   0.0031   0.0028
   0.0056   0.0028   0.0000
   0.0008   0.0008   0.0016  -0.1395   0.0056   0.0028   0.0028   0.0031
   0.0061   0.0031   0.0000
   0.0003   0.0000   0.0061   0.0056  -0.0241   0.0009   0.0009   0.0024
   0.0014   0.0014   0.0000
  -0.0003   0.0000   0.0031   0.0028   0.0009  -0.0241   0.0000   0.0000
   0.0024   0.0000   0.0000
  -0.0003   0.0000   0.0031   0.0028   0.0009   0.0000  -0.0241   0.0000
   0.0014   0.0000   0.0000
  -0.0003   0.0000   0.0028   0.0031   0.0024   0.0000   0.0000  -0.0241
   0.0009   0.0000   0.0000
   0.0003   0.0000   0.0056   0.0061   0.0014   0.0024   0.0014   0.0009
  -0.0241   0.0009   0.0000
  -0.0003   0.0000   0.0028   0.0031   0.0014   0.0000   0.0000   0.0000
   0.0009  -0.0241   0.0000
   0.0000   0.0000   0.0000   0.0000   0.0000   0.0000   0.0000   0.0000
   0.0000   0.0000   1.0000
 
 
  CHI0^-1 - CHI^-1 Matrix 
 
  -23.4778  -17.2045   -1.4593   -1.4593   -5.3729   -3.6426   -3.1598   -3.6426
   -5.3729   -3.1598    0.0000
  -17.2045  -21.5514   -1.1211   -1.1211   -3.8642   -2.6075   -2.2611   -2.6075
   -3.8642   -2.2611    0.0000
   -1.4593   -1.1211    1.6259    0.2605    0.6315    0.2417    0.2995    0.2248
    0.6270    0.2882    0.0000
   -1.4593   -1.1211    0.2605    1.6259    0.6270    0.2248    0.2882    0.2417
    0.6315    0.2995    0.0000
   -5.3729   -3.8642    0.6315    0.6270   26.3316    0.5462    0.6897    1.6074
    1.4592    1.3819    0.0000
   -3.6426   -2.6075    0.2417    0.2248    0.5462   26.2661   -0.2688   -0.3940
    1.6074   -0.3096    0.0000
   -3.1598   -2.2611    0.2995    0.2882    0.6897   -0.2688   26.4085   -0.3096
    1.3819   -0.2467    0.0000
   -3.6426   -2.6075    0.2248    0.2417    1.6074   -0.3940   -0.3096   26.2661
    0.5462   -0.2688    0.0000
   -5.3729   -3.8642    0.6270    0.6315    1.4592    1.6074    1.3819    0.5462
   26.3316    0.6897    0.0000
   -3.1598   -2.2611    0.2882    0.2995    1.3819   -0.3096   -0.2467   -0.2688
    0.6897   26.4085    0.0000
    0.0000    0.0000    0.0000    0.0000    0.0000    0.0000    0.0000    0.0000
    0.0000    0.0000    0.0000
  type:            1  U1 =   -23.4777976870160     
  type:            2  U1 =    1.62594587175859     
  type:            3  U1 =    26.3316352682534     
