 
  number of atoms in the primitive cell:          10
 
 
  CHI_0 Matrix 
 
  -0.6344   0.2876   0.0079   0.0080   0.0471   0.0235   0.0235   0.0235
   0.0471   0.0235   0.0000
   0.2876  -0.6344   0.0080   0.0080   0.0239   0.0000   0.0000   0.0000
   0.0239   0.0000   0.0000
   0.0079   0.0080  -0.3662  -0.0162   0.0235   0.0117   0.0117   0.0109
   0.0219   0.0109   0.0000
   0.0080   0.0080  -0.0162  -0.3662   0.0219   0.0109   0.0109   0.0117
   0.0235   0.0117   0.0000
   0.0471   0.0239   0.0235   0.0219  -0.1579   0.0076   0.0076   0.0075
   0.0073   0.0073   0.0000
   0.0235   0.0000   0.0117   0.0109   0.0076  -0.1579   0.0000   0.0000
   0.0075   0.0000   0.0000
   0.0235   0.0000   0.0117   0.0109   0.0076   0.0000  -0.1579   0.0000
   0.0073   0.0000   0.0000
   0.0235   0.0000   0.0109   0.0117   0.0075   0.0000   0.0000  -0.1579
   0.0076   0.0000   0.0000
   0.0471   0.0239   0.0219   0.0235   0.0073   0.0075   0.0073   0.0076
  -0.1579   0.0076   0.0000
   0.0235   0.0000   0.0109   0.0117   0.0073   0.0000   0.0000   0.0000
   0.0076  -0.1579   0.0000
   0.0000   0.0000   0.0000   0.0000   0.0000   0.0000   0.0000   0.0000
   0.0000   0.0000   1.0000
 
 
  CHI Matrix 
 
  -0.1230  -0.0001   0.0063   0.0064   0.0122   0.0061   0.0061   0.0061
   0.0122   0.0061   0.0000
  -0.0001  -0.1230   0.0064   0.0064   0.0061   0.0000   0.0000   0.0000
   0.0061   0.0000   0.0000
   0.0063   0.0064  -0.2791   0.0036   0.0115   0.0058   0.0058   0.0057
   0.0112   0.0057   0.0000
   0.0064   0.0064   0.0036  -0.2791   0.0112   0.0057   0.0057   0.0058
   0.0115   0.0058   0.0000
   0.0122   0.0061   0.0115   0.0112  -0.0580   0.0043   0.0043   0.0010
   0.0048   0.0048   0.0000
   0.0061   0.0000   0.0058   0.0057   0.0043  -0.0580   0.0000   0.0000
   0.0010   0.0000   0.0000
   0.0061   0.0000   0.0058   0.0057   0.0043   0.0000  -0.0580   0.0000
   0.0048   0.0000   0.0000
   0.0061   0.0000   0.0057   0.0058   0.0010   0.0000   0.0000  -0.0580
   0.0043   0.0000   0.0000
   0.0122   0.0061   0.0112   0.0115   0.0048   0.0010   0.0048   0.0043
  -0.0580   0.0043   0.0000
   0.0061   0.0000   0.0057   0.0058   0.0048   0.0000   0.0000   0.0000
   0.0043  -0.0580   0.0000
   0.0000   0.0000   0.0000   0.0000   0.0000   0.0000   0.0000   0.0000
   0.0000   0.0000   1.0000
 
 
  CHI0^-1 - CHI^-1 Matrix 
 
    6.6633   -0.8277    0.2919    0.2939    1.6190    0.8114    0.9883    0.8114
    1.6190    0.9883    0.0000
   -0.8277    6.1255    0.1229    0.1224    0.4171   -0.0685    0.0125   -0.0685
    0.4171    0.0125    0.0000
    0.2919    0.1229    0.8960    0.2169    0.5620    0.2497    0.3257    0.2565
    0.5746    0.3336    0.0000
    0.2939    0.1224    0.2169    0.8962    0.5750    0.2567    0.3339    0.2499
    0.5624    0.3260    0.0000
    1.6190    0.4171    0.5620    0.5750   12.0395    1.3379    1.5463    0.4415
    2.1216    1.6930    0.0000
    0.8114   -0.0685    0.2497    0.2567    1.3379   11.1297    0.3034    0.1821
    0.4415    0.3112    0.0000
    0.9883    0.0125    0.3257    0.3339    1.5463    0.3034   11.3520    0.3112
    1.6930    0.4538    0.0000
    0.8114   -0.0685    0.2565    0.2499    0.4415    0.1821    0.3112   11.1297
    1.3379    0.3034    0.0000
    1.6190    0.4171    0.5746    0.5624    2.1216    0.4415    1.6930    1.3379
   12.0395    1.5463    0.0000
    0.9883    0.0125    0.3336    0.3260    1.6930    0.3112    0.4538    0.3034
    1.5463   11.3520    0.0000
    0.0000    0.0000    0.0000    0.0000    0.0000    0.0000    0.0000    0.0000
    0.0000    0.0000    0.0000
  type:            1  U0 =    6.66333893802873     
  type:            2  U0 =   0.896038532959665     
  type:            3  U0 =    12.0395233159772     
 
 
 
  Extrapolation to a supercell            1           1           1
 
  number of atoms in the supercell:          10
 
 
  type1:            1  type2:            1
 
  number of shells:            2
 
  shell  #n: pc, sc, spinp   dist       chi_pc     chi_sc 
 
    1        1   1   1        0.0000    -0.6344    -0.6344
    2        1   1   1        5.1646     0.2876     0.2876
 
  type1:            1  type2:            2
 
  number of shells:            1
 
  shell  #n: pc, sc, spinp   dist       chi_pc     chi_sc 
 
    1        2   2   0        4.5080     0.0079     0.0079
 
  type1:            1  type2:            3
 
  number of shells:            3
 
  shell  #n: pc, sc, spinp   dist       chi_pc     chi_sc 
 
    1        2   2   0        2.9479     0.0471     0.0471
    2        2   2   0        4.4999     0.0235     0.0235
    3        2   2   0        2.3225     0.0235     0.0235
 
  type1:            2  type2:            2
 
  number of shells:            2
 
  shell  #n: pc, sc, spinp   dist       chi_pc     chi_sc 
 
    1        1   1   0        0.0000    -0.3662    -0.3662
    2        1   1   0        5.1646    -0.0162    -0.0162
 
  type1:            2  type2:            3
 
  number of shells:            6
 
  shell  #n: pc, sc, spinp   dist       chi_pc     chi_sc 
 
    1        1   1   0        4.8723     0.0235     0.0235
    2        1   1   0        5.1642     0.0117     0.0117
    3        1   1   0        4.8788     0.0117     0.0117
    4        1   1   0        0.0081     0.0109     0.0109
    5        1   1   0        4.5960     0.0219     0.0219
    6        1   1   0        4.5918     0.0109     0.0109
 
  type1:            3  type2:            3
 
  number of shells:            6
 
  shell  #n: pc, sc, spinp   dist       chi_pc     chi_sc 
 
    1        1   1   0        0.0000    -0.1579    -0.1579
    2        1   1   0        4.6028     0.0076     0.0076
    3        1   1   0        1.2636     0.0076     0.0076
    4        1   1   0        4.8655     0.0075     0.0075
    5        1   1   0        4.6645     0.0073     0.0073
    6        1   1   0        5.1548     0.0073     0.0073
 
  CHI_0 Matrix 
 
  -0.6344   0.2876   0.0079   0.0079   0.0471   0.0235   0.0235   0.0235
   0.0471   0.0235   0.0000
   0.2876  -0.6344   0.0079   0.0079   0.0000   0.0000   0.0000   0.0000
   0.0000   0.0000   0.0000
   0.0079   0.0079  -0.3662  -0.0162   0.0235   0.0117   0.0117   0.0109
   0.0219   0.0109   0.0000
   0.0079   0.0079  -0.0162  -0.3662   0.0219   0.0109   0.0109   0.0117
   0.0235   0.0117   0.0000
   0.0471   0.0000   0.0235   0.0219  -0.1579   0.0076   0.0076   0.0075
   0.0073   0.0073   0.0000
   0.0235   0.0000   0.0117   0.0109   0.0076  -0.1579   0.0000   0.0000
   0.0075   0.0000   0.0000
   0.0235   0.0000   0.0117   0.0109   0.0076   0.0000  -0.1579   0.0000
   0.0073   0.0000   0.0000
   0.0235   0.0000   0.0109   0.0117   0.0075   0.0000   0.0000  -0.1579
   0.0076   0.0000   0.0000
   0.0471   0.0000   0.0219   0.0235   0.0073   0.0075   0.0073   0.0076
  -0.1579   0.0076   0.0000
   0.0235   0.0000   0.0109   0.0117   0.0073   0.0000   0.0000   0.0000
   0.0076  -0.1579   0.0000
   0.0000   0.0000   0.0000   0.0000   0.0000   0.0000   0.0000   0.0000
   0.0000   0.0000   1.0000
 
 
  CHI Matrix 
 
  -0.1230  -0.0001   0.0063   0.0063   0.0122   0.0061   0.0061   0.0061
   0.0122   0.0061   0.0000
  -0.0001  -0.1230   0.0063   0.0063   0.0000   0.0000   0.0000   0.0000
   0.0000   0.0000   0.0000
   0.0063   0.0063  -0.2791   0.0036   0.0115   0.0058   0.0058   0.0057
   0.0112   0.0057   0.0000
   0.0063   0.0063   0.0036  -0.2791   0.0112   0.0057   0.0057   0.0058
   0.0115   0.0058   0.0000
   0.0122   0.0000   0.0115   0.0112  -0.0580   0.0043   0.0043   0.0010
   0.0048   0.0048   0.0000
   0.0061   0.0000   0.0058   0.0057   0.0043  -0.0580   0.0000   0.0000
   0.0010   0.0000   0.0000
   0.0061   0.0000   0.0058   0.0057   0.0043   0.0000  -0.0580   0.0000
   0.0048   0.0000   0.0000
   0.0061   0.0000   0.0057   0.0058   0.0010   0.0000   0.0000  -0.0580
   0.0043   0.0000   0.0000
   0.0122   0.0000   0.0112   0.0115   0.0048   0.0010   0.0048   0.0043
  -0.0580   0.0043   0.0000
   0.0061   0.0000   0.0057   0.0058   0.0048   0.0000   0.0000   0.0000
   0.0043  -0.0580   0.0000
   0.0000   0.0000   0.0000   0.0000   0.0000   0.0000   0.0000   0.0000
   0.0000   0.0000   1.0000
 
 
  CHI0^-1 - CHI^-1 Matrix 
 
    6.7506   -0.9714    0.3184    0.3184    1.8045    0.8458    1.0194    0.8458
    1.8045    1.0194    0.0000
   -0.9714    6.1112    0.0657    0.0657   -0.2884   -0.1546   -0.1469   -0.1546
   -0.2884   -0.1469    0.0000
    0.3184    0.0657    0.8978    0.2186    0.5653    0.2545    0.3276    0.2613
    0.5779    0.3354    0.0000
    0.3184    0.0657    0.2186    0.8978    0.5779    0.2613    0.3354    0.2545
    0.5653    0.3276    0.0000
    1.8045   -0.2884    0.5653    0.5779   12.0868    1.3710    1.5673    0.4746
    2.1689    1.7140    0.0000
    0.8458   -0.1546    0.2545    0.2613    1.3710   11.1388    0.3105    0.1912
    0.4746    0.3183    0.0000
    1.0194   -0.1469    0.3276    0.3354    1.5673    0.3105   11.3562    0.3183
    1.7140    0.4580    0.0000
    0.8458   -0.1546    0.2613    0.2545    0.4746    0.1912    0.3183   11.1388
    1.3710    0.3105    0.0000
    1.8045   -0.2884    0.5779    0.5653    2.1689    0.4746    1.7140    1.3710
   12.0868    1.5673    0.0000
    1.0194   -0.1469    0.3354    0.3276    1.7140    0.3183    0.4580    0.3105
    1.5673   11.3562    0.0000
    0.0000    0.0000    0.0000    0.0000    0.0000    0.0000    0.0000    0.0000
    0.0000    0.0000    0.0000
  type:            1  U1 =    6.75056709877652     
  type:            2  U1 =   0.897795007114648     
  type:            3  U1 =    12.0868383849978     
