 
  number of atoms in the primitive cell:          10
 
 
  CHI_0 Matrix 
 
  -0.6344   0.2876   0.0079   0.0080   0.0471   0.0235   0.0235   0.0235
   0.0471   0.0235   0.1428
   0.2876  -0.6344   0.0080   0.0080   0.0239   0.0000   0.0000   0.0000
   0.0239   0.0000   0.2830
   0.0079   0.0080  -0.3662  -0.0162   0.0235   0.0117   0.0117   0.0109
   0.0219   0.0109   0.2758
   0.0080   0.0080  -0.0162  -0.3662   0.0219   0.0109   0.0109   0.0117
   0.0235   0.0117   0.2756
   0.0471   0.0239   0.0235   0.0219  -0.1579   0.0076   0.0076   0.0075
   0.0073   0.0073   0.0042
   0.0235   0.0000   0.0117   0.0109   0.0076  -0.1579   0.0000   0.0000
   0.0075   0.0000   0.0966
   0.0235   0.0000   0.0117   0.0109   0.0076   0.0000  -0.1579   0.0000
   0.0073   0.0000   0.0968
   0.0235   0.0000   0.0109   0.0117   0.0075   0.0000   0.0000  -0.1579
   0.0076   0.0000   0.0966
   0.0471   0.0239   0.0219   0.0235   0.0073   0.0075   0.0073   0.0076
  -0.1579   0.0076   0.0042
   0.0235   0.0000   0.0109   0.0117   0.0073   0.0000   0.0000   0.0000
   0.0076  -0.1579   0.0968
   0.1428   0.2830   0.2758   0.2756   0.0042   0.0966   0.0968   0.0966
   0.0042   0.0968  -1.3724
 
 
  CHI Matrix 
 
  -0.1230  -0.0001   0.0063   0.0064   0.0122   0.0061   0.0061   0.0061
   0.0122   0.0061   0.0617
  -0.0001  -0.1230   0.0064   0.0064   0.0061   0.0000   0.0000   0.0000
   0.0061   0.0000   0.0980
   0.0063   0.0064  -0.2791   0.0036   0.0115   0.0058   0.0058   0.0057
   0.0112   0.0057   0.2173
   0.0064   0.0064   0.0036  -0.2791   0.0112   0.0057   0.0057   0.0058
   0.0115   0.0058   0.2172
   0.0122   0.0061   0.0115   0.0112  -0.0580   0.0043   0.0043   0.0010
   0.0048   0.0048  -0.0021
   0.0061   0.0000   0.0058   0.0057   0.0043  -0.0580   0.0000   0.0000
   0.0010   0.0000   0.0353
   0.0061   0.0000   0.0058   0.0057   0.0043   0.0000  -0.0580   0.0000
   0.0048   0.0000   0.0315
   0.0061   0.0000   0.0057   0.0058   0.0010   0.0000   0.0000  -0.0580
   0.0043   0.0000   0.0353
   0.0122   0.0061   0.0112   0.0115   0.0048   0.0010   0.0048   0.0043
  -0.0580   0.0043  -0.0021
   0.0061   0.0000   0.0057   0.0058   0.0048   0.0000   0.0000   0.0000
   0.0043  -0.0580   0.0315
   0.0617   0.0980   0.2173   0.2172  -0.0021   0.0353   0.0315   0.0353
  -0.0021   0.0315  -0.7235
 
 
  CHI0^-1 - CHI^-1 Matrix 
 
    5.3803   -1.4750   -0.1340   -0.1323   -0.4908   -0.6259   -0.6640   -0.6259
   -0.4908   -0.6640   -0.0777
   -1.4750    6.1140    0.3328    0.3320   -1.0569   -0.8700   -1.0040   -0.8700
   -1.0569   -1.0040    0.5581
   -0.1340    0.3328    1.3273    0.6479   -0.6906   -0.3304   -0.4694   -0.3236
   -0.6780   -0.4615    0.7795
   -0.1323    0.3320    0.6479    1.3268   -0.6779   -0.3237   -0.4616   -0.3305
   -0.6905   -0.4694    0.7791
   -0.4908   -1.0569   -0.6906   -0.6779    9.1030   -0.9262   -0.9327   -1.8225
   -0.8149   -0.7860   -0.9044
   -0.6259   -0.8700   -0.3304   -0.3237   -0.9262    9.5382   -1.5031   -1.4094
   -1.8225   -1.4952   -0.2319
   -0.6640   -1.0040   -0.4694   -0.4616   -0.9327   -1.5031    9.3305   -1.4952
   -0.7860   -1.5677   -0.4469
   -0.6259   -0.8700   -0.3236   -0.3305   -1.8225   -1.4094   -1.4952    9.5382
   -0.9262   -1.5031   -0.2319
   -0.4908   -1.0569   -0.6780   -0.6905   -0.8149   -1.8225   -0.7860   -0.9262
    9.1030   -0.9327   -0.9044
   -0.6640   -1.0040   -0.4615   -0.4694   -0.7860   -1.4952   -1.5677   -1.5031
   -0.9327    9.3305   -0.4469
   -0.0777    0.5581    0.7795    0.7791   -0.9044   -0.2319   -0.4469   -0.2319
   -0.9044   -0.4469    1.1276
  type:            1  U0 =    5.38027146362448     
  type:            2  U0 =    1.32734736398208     
  type:            3  U0 =    9.10299112556838     
 
 
 
  Extrapolation to a supercell            1           1           1
 
  number of atoms in the supercell:          10
 
 
  type1:            1  type2:            1
 
  number of shells:            2
 
  shell  #n: pc, sc, spinp   dist       chi_pc     chi_sc 
 
    1        1   1   1        0.0000    -0.6344    -0.6344
    2        1   1   1        5.1646     0.2876     0.2876
 
  type1:            1  type2:            2
 
  number of shells:            1
 
  shell  #n: pc, sc, spinp   dist       chi_pc     chi_sc 
 
    1        2   2   0        4.5080     0.0079     0.0079
 
  type1:            1  type2:            3
 
  number of shells:            3
 
  shell  #n: pc, sc, spinp   dist       chi_pc     chi_sc 
 
    1        2   2   0        2.9479     0.0471     0.0471
    2        2   2   0        4.4999     0.0235     0.0235
    3        2   2   0        2.3225     0.0235     0.0235
 
  type1:            2  type2:            2
 
  number of shells:            2
 
  shell  #n: pc, sc, spinp   dist       chi_pc     chi_sc 
 
    1        1   1   0        0.0000    -0.3662    -0.3662
    2        1   1   0        5.1646    -0.0162    -0.0162
 
  type1:            2  type2:            3
 
  number of shells:            6
 
  shell  #n: pc, sc, spinp   dist       chi_pc     chi_sc 
 
    1        1   1   0        4.8723     0.0235     0.0235
    2        1   1   0        5.1642     0.0117     0.0117
    3        1   1   0        4.8788     0.0117     0.0117
    4        1   1   0        0.0081     0.0109     0.0109
    5        1   1   0        4.5960     0.0219     0.0219
    6        1   1   0        4.5918     0.0109     0.0109
 
  type1:            3  type2:            3
 
  number of shells:            6
 
  shell  #n: pc, sc, spinp   dist       chi_pc     chi_sc 
 
    1        1   1   0        0.0000    -0.1579    -0.1579
    2        1   1   0        4.6028     0.0076     0.0076
    3        1   1   0        1.2636     0.0076     0.0076
    4        1   1   0        4.8655     0.0075     0.0075
    5        1   1   0        4.6645     0.0073     0.0073
    6        1   1   0        5.1548     0.0073     0.0073
 
  CHI_0 Matrix 
 
  -0.6344   0.2876   0.0079   0.0079   0.0471   0.0235   0.0235   0.0235
   0.0471   0.0235   0.1430
   0.2876  -0.6344   0.0079   0.0079   0.0000   0.0000   0.0000   0.0000
   0.0000   0.0000   0.3311
   0.0079   0.0079  -0.3662  -0.0162   0.0235   0.0117   0.0117   0.0109
   0.0219   0.0109   0.2759
   0.0079   0.0079  -0.0162  -0.3662   0.0219   0.0109   0.0109   0.0117
   0.0235   0.0117   0.2759
   0.0471   0.0000   0.0235   0.0219  -0.1579   0.0076   0.0076   0.0075
   0.0073   0.0073   0.0282
   0.0235   0.0000   0.0117   0.0109   0.0076  -0.1579   0.0000   0.0000
   0.0075   0.0000   0.0966
   0.0235   0.0000   0.0117   0.0109   0.0076   0.0000  -0.1579   0.0000
   0.0073   0.0000   0.0968
   0.0235   0.0000   0.0109   0.0117   0.0075   0.0000   0.0000  -0.1579
   0.0076   0.0000   0.0966
   0.0471   0.0000   0.0219   0.0235   0.0073   0.0075   0.0073   0.0076
  -0.1579   0.0076   0.0282
   0.0235   0.0000   0.0109   0.0117   0.0073   0.0000   0.0000   0.0000
   0.0076  -0.1579   0.0968
   0.1430   0.3311   0.2759   0.2759   0.0282   0.0966   0.0968   0.0966
   0.0282   0.0968  -1.4690
 
 
  CHI Matrix 
 
  -0.1230  -0.0001   0.0063   0.0063   0.0122   0.0061   0.0061   0.0061
   0.0122   0.0061   0.0618
  -0.0001  -0.1230   0.0063   0.0063   0.0000   0.0000   0.0000   0.0000
   0.0000   0.0000   0.1105
   0.0063   0.0063  -0.2791   0.0036   0.0115   0.0058   0.0058   0.0057
   0.0112   0.0057   0.2174
   0.0063   0.0063   0.0036  -0.2791   0.0112   0.0057   0.0057   0.0058
   0.0115   0.0058   0.2174
   0.0122   0.0000   0.0115   0.0112  -0.0580   0.0043   0.0043   0.0010
   0.0048   0.0048   0.0041
   0.0061   0.0000   0.0058   0.0057   0.0043  -0.0580   0.0000   0.0000
   0.0010   0.0000   0.0353
   0.0061   0.0000   0.0058   0.0057   0.0043   0.0000  -0.0580   0.0000
   0.0048   0.0000   0.0315
   0.0061   0.0000   0.0057   0.0058   0.0010   0.0000   0.0000  -0.0580
   0.0043   0.0000   0.0353
   0.0122   0.0000   0.0112   0.0115   0.0048   0.0010   0.0048   0.0043
  -0.0580   0.0043   0.0041
   0.0061   0.0000   0.0057   0.0058   0.0048   0.0000   0.0000   0.0000
   0.0043  -0.0580   0.0315
   0.0618   0.1105   0.2174   0.2174   0.0041   0.0353   0.0315   0.0353
   0.0041   0.0315  -0.7486
 
 
  CHI0^-1 - CHI^-1 Matrix 
 
    5.3580   -1.4854   -0.1712   -0.1712   -0.3414   -0.6609   -0.6918   -0.6609
   -0.3414   -0.6918   -0.1421
   -1.4854    6.4758    0.4547    0.4547   -1.5558   -0.7828   -0.9795   -0.7828
   -1.5558   -0.9795    0.7365
   -0.1712    0.4547    1.3112    0.6320   -0.6776   -0.3493   -0.4806   -0.3424
   -0.6650   -0.4727    0.7609
   -0.1712    0.4547    0.6320    1.3112   -0.6650   -0.3424   -0.4727   -0.3493
   -0.6776   -0.4806    0.7609
   -0.3414   -1.5558   -0.6776   -0.6650    9.1876   -0.8891   -0.8971   -1.7855
   -0.7303   -0.7505   -0.8954
   -0.6609   -0.7828   -0.3493   -0.3424   -0.8891    9.5179   -1.5148   -1.4297
   -1.7855   -1.5070   -0.2563
   -0.6918   -0.9795   -0.4806   -0.4727   -0.8971   -1.5148    9.3264   -1.5070
   -0.7505   -1.5717   -0.4607
   -0.6609   -0.7828   -0.3424   -0.3493   -1.7855   -1.4297   -1.5070    9.5179
   -0.8891   -1.5148   -0.2563
   -0.3414   -1.5558   -0.6650   -0.6776   -0.7303   -1.7855   -0.7505   -0.8891
    9.1876   -0.8971   -0.8954
   -0.6918   -0.9795   -0.4727   -0.4806   -0.7505   -1.5070   -1.5717   -1.5148
   -0.8971    9.3264   -0.4607
   -0.1421    0.7365    0.7609    0.7609   -0.8954   -0.2563   -0.4607   -0.2563
   -0.8954   -0.4607    1.1084
  type:            1  U1 =    5.35801260045090     
  type:            2  U1 =    1.31121344735426     
  type:            3  U1 =    9.18761644071271     
