 
  number of atoms in the primitive cell:          10
 
 
  CHI_0 Matrix 
 
  -0.5150   0.1641   0.0076   0.0078   0.0484   0.0242   0.0242   0.0242
   0.0484   0.0242   0.1419
   0.1641  -0.5150   0.0078   0.0078   0.0246   0.0000   0.0000   0.0000
   0.0246   0.0000   0.2860
   0.0076   0.0078  -0.3654  -0.0161   0.0233   0.0116   0.0116   0.0109
   0.0219   0.0109   0.2759
   0.0078   0.0078  -0.0161  -0.3654   0.0219   0.0109   0.0109   0.0116
   0.0233   0.0116   0.2757
   0.0484   0.0246   0.0233   0.0219  -0.1626   0.0078   0.0077   0.0076
   0.0075   0.0075   0.0064
   0.0242   0.0000   0.0116   0.0109   0.0078  -0.1626   0.0000   0.0000
   0.0076   0.0000   0.1005
   0.0242   0.0000   0.0116   0.0109   0.0077   0.0000  -0.1626   0.0000
   0.0075   0.0000   0.1006
   0.0242   0.0000   0.0109   0.0116   0.0076   0.0000   0.0000  -0.1626
   0.0078   0.0000   0.1005
   0.0484   0.0246   0.0219   0.0233   0.0075   0.0076   0.0075   0.0078
  -0.1626   0.0077   0.0064
   0.0242   0.0000   0.0109   0.0116   0.0075   0.0000   0.0000   0.0000
   0.0077  -0.1626   0.1006
   0.1419   0.2860   0.2759   0.2757   0.0064   0.1005   0.1006   0.1005
   0.0064   0.1006  -1.3945
 
 
  CHI Matrix 
 
  -0.1236  -0.0023   0.0063   0.0064   0.0127   0.0063   0.0063   0.0063
   0.0127   0.0063   0.0628
  -0.0023  -0.1236   0.0064   0.0064   0.0064   0.0000   0.0000   0.0000
   0.0064   0.0000   0.1003
   0.0063   0.0064  -0.2787   0.0035   0.0114   0.0057   0.0057   0.0056
   0.0112   0.0056   0.2172
   0.0064   0.0064   0.0035  -0.2787   0.0112   0.0056   0.0056   0.0057
   0.0114   0.0057   0.2171
   0.0127   0.0064   0.0114   0.0112  -0.0583   0.0042   0.0042   0.0004
   0.0047   0.0047  -0.0014
   0.0063   0.0000   0.0057   0.0056   0.0042  -0.0583   0.0000   0.0000
   0.0004   0.0000   0.0362
   0.0063   0.0000   0.0057   0.0056   0.0042   0.0000  -0.0583   0.0000
   0.0047   0.0000   0.0319
   0.0063   0.0000   0.0056   0.0057   0.0004   0.0000   0.0000  -0.0583
   0.0042   0.0000   0.0362
   0.0127   0.0064   0.0112   0.0114   0.0047   0.0004   0.0047   0.0042
  -0.0583   0.0042  -0.0014
   0.0063   0.0000   0.0056   0.0057   0.0047   0.0000   0.0000   0.0000
   0.0042  -0.0583   0.0319
   0.0628   0.1003   0.2172   0.2171  -0.0014   0.0362   0.0319   0.0362
  -0.0014   0.0319  -0.7308
 
 
  CHI0^-1 - CHI^-1 Matrix 
 
    5.1921   -1.3880   -0.1214   -0.1200   -0.4631   -0.6255   -0.6622   -0.6255
   -0.4631   -0.6622   -0.0611
   -1.3880    5.8976    0.3273    0.3267   -1.0107   -0.8472   -0.9944   -0.8472
   -1.0107   -0.9944    0.5410
   -0.1214    0.3273    1.3170    0.6365   -0.6735   -0.3224   -0.4745   -0.3192
   -0.6653   -0.4701    0.7656
   -0.1200    0.3267    0.6365    1.3166   -0.6652   -0.3193   -0.4702   -0.3225
   -0.6734   -0.4746    0.7654
   -0.4631   -1.0107   -0.6735   -0.6652    9.2155   -0.9478   -0.9562   -1.9603
   -0.8389   -0.8099   -0.8899
   -0.6255   -0.8472   -0.3224   -0.3193   -0.9478    9.6542   -1.5097   -1.4038
   -1.9603   -1.5009   -0.2175
   -0.6622   -0.9944   -0.4745   -0.4702   -0.9562   -1.5097    9.4123   -1.5009
   -0.8099   -1.5816   -0.4528
   -0.6255   -0.8472   -0.3192   -0.3225   -1.9603   -1.4038   -1.5009    9.6542
   -0.9478   -1.5097   -0.2175
   -0.4631   -1.0107   -0.6653   -0.6734   -0.8389   -1.9603   -0.8099   -0.9478
    9.2155   -0.9562   -0.8899
   -0.6622   -0.9944   -0.4701   -0.4746   -0.8099   -1.5009   -1.5816   -1.5097
   -0.9562    9.4123   -0.4528
   -0.0611    0.5410    0.7656    0.7654   -0.8899   -0.2175   -0.4528   -0.2175
   -0.8899   -0.4528    1.1097
  type:            1  U0 =    5.19212289148046     
  type:            2  U0 =    1.31703405272962     
  type:            3  U0 =    9.21546774567027     
 
 
 
  Extrapolation to a supercell            1           1           1
 
  number of atoms in the supercell:          10
 
 
  type1:            1  type2:            1
 
  number of shells:            2
 
  shell  #n: pc, sc, spinp   dist       chi_pc     chi_sc 
 
    1        1   1   1        0.0000    -0.5150    -0.5150
    2        1   1   1        5.1646     0.1641     0.1641
 
  type1:            1  type2:            2
 
  number of shells:            1
 
  shell  #n: pc, sc, spinp   dist       chi_pc     chi_sc 
 
    1        2   2   0        4.5080     0.0076     0.0076
 
  type1:            1  type2:            3
 
  number of shells:            3
 
  shell  #n: pc, sc, spinp   dist       chi_pc     chi_sc 
 
    1        2   2   0        2.9479     0.0484     0.0484
    2        2   2   0        4.4999     0.0242     0.0242
    3        2   2   0        2.3225     0.0242     0.0242
 
  type1:            2  type2:            2
 
  number of shells:            2
 
  shell  #n: pc, sc, spinp   dist       chi_pc     chi_sc 
 
    1        1   1   0        0.0000    -0.3654    -0.3654
    2        1   1   0        5.1646    -0.0161    -0.0161
 
  type1:            2  type2:            3
 
  number of shells:            6
 
  shell  #n: pc, sc, spinp   dist       chi_pc     chi_sc 
 
    1        1   1   0        4.8723     0.0233     0.0233
    2        1   1   0        5.1642     0.0116     0.0116
    3        1   1   0        4.8788     0.0116     0.0116
    4        1   1   0        0.0081     0.0109     0.0109
    5        1   1   0        4.5960     0.0219     0.0219
    6        1   1   0        4.5918     0.0109     0.0109
 
  type1:            3  type2:            3
 
  number of shells:            6
 
  shell  #n: pc, sc, spinp   dist       chi_pc     chi_sc 
 
    1        1   1   0        0.0000    -0.1626    -0.1626
    2        1   1   0        4.6028     0.0078     0.0078
    3        1   1   0        1.2636     0.0077     0.0077
    4        1   1   0        4.8655     0.0076     0.0076
    5        1   1   0        4.6645     0.0075     0.0075
    6        1   1   0        5.1548     0.0075     0.0075
 
  CHI_0 Matrix 
 
  -0.5150   0.1641   0.0076   0.0076   0.0484   0.0242   0.0242   0.0242
   0.0484   0.0242   0.1420
   0.1641  -0.5150   0.0076   0.0076   0.0000   0.0000   0.0000   0.0000
   0.0000   0.0000   0.3356
   0.0076   0.0076  -0.3654  -0.0161   0.0233   0.0116   0.0116   0.0109
   0.0219   0.0109   0.2760
   0.0076   0.0076  -0.0161  -0.3654   0.0219   0.0109   0.0109   0.0116
   0.0233   0.0116   0.2760
   0.0484   0.0000   0.0233   0.0219  -0.1626   0.0078   0.0077   0.0076
   0.0075   0.0075   0.0310
   0.0242   0.0000   0.0116   0.0109   0.0078  -0.1626   0.0000   0.0000
   0.0076   0.0000   0.1005
   0.0242   0.0000   0.0116   0.0109   0.0077   0.0000  -0.1626   0.0000
   0.0075   0.0000   0.1006
   0.0242   0.0000   0.0109   0.0116   0.0076   0.0000   0.0000  -0.1626
   0.0078   0.0000   0.1005
   0.0484   0.0000   0.0219   0.0233   0.0075   0.0076   0.0075   0.0078
  -0.1626   0.0077   0.0310
   0.0242   0.0000   0.0109   0.0116   0.0075   0.0000   0.0000   0.0000
   0.0077  -0.1626   0.1006
   0.1420   0.3356   0.2760   0.2760   0.0310   0.1005   0.1006   0.1005
   0.0310   0.1006  -1.4940
 
 
  CHI Matrix 
 
  -0.1236  -0.0023   0.0063   0.0063   0.0127   0.0063   0.0063   0.0063
   0.0127   0.0063   0.0628
  -0.0023  -0.1236   0.0063   0.0063   0.0000   0.0000   0.0000   0.0000
   0.0000   0.0000   0.1132
   0.0063   0.0063  -0.2787   0.0035   0.0114   0.0057   0.0057   0.0056
   0.0112   0.0056   0.2173
   0.0063   0.0063   0.0035  -0.2787   0.0112   0.0056   0.0056   0.0057
   0.0114   0.0057   0.2173
   0.0127   0.0000   0.0114   0.0112  -0.0583   0.0042   0.0042   0.0004
   0.0047   0.0047   0.0050
   0.0063   0.0000   0.0057   0.0056   0.0042  -0.0583   0.0000   0.0000
   0.0004   0.0000   0.0362
   0.0063   0.0000   0.0057   0.0056   0.0042   0.0000  -0.0583   0.0000
   0.0047   0.0000   0.0319
   0.0063   0.0000   0.0056   0.0057   0.0004   0.0000   0.0000  -0.0583
   0.0042   0.0000   0.0362
   0.0127   0.0000   0.0112   0.0114   0.0047   0.0004   0.0047   0.0042
  -0.0583   0.0042   0.0050
   0.0063   0.0000   0.0056   0.0057   0.0047   0.0000   0.0000   0.0000
   0.0042  -0.0583   0.0319
   0.0628   0.1132   0.2173   0.2173   0.0050   0.0362   0.0319   0.0362
   0.0050   0.0319  -0.7567
 
 
  CHI0^-1 - CHI^-1 Matrix 
 
    5.1768   -1.4008   -0.1574   -0.1574   -0.3233   -0.6596   -0.6869   -0.6596
   -0.3233   -0.6869   -0.1216
   -1.4008    6.2480    0.4464    0.4464   -1.5015   -0.7529   -0.9717   -0.7529
   -1.5015   -0.9717    0.7122
   -0.1574    0.4464    1.3008    0.6205   -0.6578   -0.3423   -0.4861   -0.3391
   -0.6497   -0.4817    0.7464
   -0.1574    0.4464    0.6205    1.3008   -0.6497   -0.3391   -0.4817   -0.3423
   -0.6578   -0.4861    0.7464
   -0.3233   -1.5015   -0.6578   -0.6497    9.2930   -0.9096   -0.9194   -1.9221
   -0.7613   -0.7731   -0.8753
   -0.6596   -0.7529   -0.3423   -0.3391   -0.9096    9.6317   -1.5225   -1.4263
   -1.9221   -1.5138   -0.2435
   -0.6869   -0.9717   -0.4861   -0.4817   -0.9194   -1.5225    9.4081   -1.5138
   -0.7731   -1.5858   -0.4672
   -0.6596   -0.7529   -0.3391   -0.3423   -1.9221   -1.4263   -1.5138    9.6317
   -0.9096   -1.5225   -0.2435
   -0.3233   -1.5015   -0.6497   -0.6578   -0.7613   -1.9221   -0.7731   -0.9096
    9.2930   -0.9194   -0.8753
   -0.6869   -0.9717   -0.4817   -0.4861   -0.7731   -1.5138   -1.5858   -1.5225
   -0.9194    9.4081   -0.4672
   -0.1216    0.7122    0.7464    0.7464   -0.8753   -0.2435   -0.4672   -0.2435
   -0.8753   -0.4672    1.0885
  type:            1  U1 =    5.17679547645866     
  type:            2  U1 =    1.30084219638585     
  type:            3  U1 =    9.29303587578488     
