 
  number of atoms in the primitive cell:          10
 
 
  CHI_0 Matrix 
 
  -0.5150   0.1641   0.0076   0.0078   0.0484   0.0242   0.0242   0.0242
   0.0484   0.0242   0.0000
   0.1641  -0.5150   0.0078   0.0078   0.0246   0.0000   0.0000   0.0000
   0.0246   0.0000   0.0000
   0.0076   0.0078  -0.3654  -0.0161   0.0233   0.0116   0.0116   0.0109
   0.0219   0.0109   0.0000
   0.0078   0.0078  -0.0161  -0.3654   0.0219   0.0109   0.0109   0.0116
   0.0233   0.0116   0.0000
   0.0484   0.0246   0.0233   0.0219  -0.1626   0.0078   0.0077   0.0076
   0.0075   0.0075   0.0000
   0.0242   0.0000   0.0116   0.0109   0.0078  -0.1626   0.0000   0.0000
   0.0076   0.0000   0.0000
   0.0242   0.0000   0.0116   0.0109   0.0077   0.0000  -0.1626   0.0000
   0.0075   0.0000   0.0000
   0.0242   0.0000   0.0109   0.0116   0.0076   0.0000   0.0000  -0.1626
   0.0078   0.0000   0.0000
   0.0484   0.0246   0.0219   0.0233   0.0075   0.0076   0.0075   0.0078
  -0.1626   0.0077   0.0000
   0.0242   0.0000   0.0109   0.0116   0.0075   0.0000   0.0000   0.0000
   0.0077  -0.1626   0.0000
   0.0000   0.0000   0.0000   0.0000   0.0000   0.0000   0.0000   0.0000
   0.0000   0.0000   1.0000
 
 
  CHI Matrix 
 
  -0.1236  -0.0023   0.0063   0.0064   0.0127   0.0063   0.0063   0.0063
   0.0127   0.0063   0.0000
  -0.0023  -0.1236   0.0064   0.0064   0.0064   0.0000   0.0000   0.0000
   0.0064   0.0000   0.0000
   0.0063   0.0064  -0.2787   0.0035   0.0114   0.0057   0.0057   0.0056
   0.0112   0.0056   0.0000
   0.0064   0.0064   0.0035  -0.2787   0.0112   0.0056   0.0056   0.0057
   0.0114   0.0057   0.0000
   0.0127   0.0064   0.0114   0.0112  -0.0583   0.0042   0.0042   0.0004
   0.0047   0.0047   0.0000
   0.0063   0.0000   0.0057   0.0056   0.0042  -0.0583   0.0000   0.0000
   0.0004   0.0000   0.0000
   0.0063   0.0000   0.0057   0.0056   0.0042   0.0000  -0.0583   0.0000
   0.0047   0.0000   0.0000
   0.0063   0.0000   0.0056   0.0057   0.0004   0.0000   0.0000  -0.0583
   0.0042   0.0000   0.0000
   0.0127   0.0064   0.0112   0.0114   0.0047   0.0004   0.0047   0.0042
  -0.0583   0.0042   0.0000
   0.0063   0.0000   0.0056   0.0057   0.0047   0.0000   0.0000   0.0000
   0.0042  -0.0583   0.0000
   0.0000   0.0000   0.0000   0.0000   0.0000   0.0000   0.0000   0.0000
   0.0000   0.0000   1.0000
 
 
  CHI0^-1 - CHI^-1 Matrix 
 
    6.4241   -0.7581    0.2839    0.2854    1.5976    0.7629    0.9615    0.7629
    1.5976    0.9615    0.0000
   -0.7581    5.9254    0.1304    0.1301    0.4480   -0.0609    0.0272   -0.0609
    0.4480    0.0272    0.0000
    0.2839    0.1304    0.8956    0.2153    0.5606    0.2392    0.3224    0.2425
    0.5687    0.3268    0.0000
    0.2854    0.1301    0.2153    0.8957    0.5691    0.2426    0.3270    0.2394
    0.5609    0.3226    0.0000
    1.5976    0.4480    0.5606    0.5691   12.1051    1.2694    1.4963    0.2569
    2.0507    1.6426    0.0000
    0.7629   -0.0609    0.2392    0.2426    1.2694   11.1990    0.2704    0.1410
    0.2569    0.2792    0.0000
    0.9615    0.0272    0.3224    0.3270    1.4963    0.2704   11.4277    0.2792
    1.6426    0.4337    0.0000
    0.7629   -0.0609    0.2425    0.2394    0.2569    0.1410    0.2792   11.1990
    1.2694    0.2704    0.0000
    1.5976    0.4480    0.5687    0.5609    2.0507    0.2569    1.6426    1.2694
   12.1051    1.4963    0.0000
    0.9615    0.0272    0.3268    0.3226    1.6426    0.2792    0.4337    0.2704
    1.4963   11.4277    0.0000
    0.0000    0.0000    0.0000    0.0000    0.0000    0.0000    0.0000    0.0000
    0.0000    0.0000    0.0000
  type:            1  U0 =    6.42408943004993     
  type:            2  U0 =   0.895561951741600     
  type:            3  U0 =    12.1050817242113     
 
 
 
  Extrapolation to a supercell            1           1           1
 
  number of atoms in the supercell:          10
 
 
  type1:            1  type2:            1
 
  number of shells:            2
 
  shell  #n: pc, sc, spinp   dist       chi_pc     chi_sc 
 
    1        1   1   1        0.0000    -0.5150    -0.5150
    2        1   1   1        5.1646     0.1641     0.1641
 
  type1:            1  type2:            2
 
  number of shells:            1
 
  shell  #n: pc, sc, spinp   dist       chi_pc     chi_sc 
 
    1        2   2   0        4.5080     0.0076     0.0076
 
  type1:            1  type2:            3
 
  number of shells:            3
 
  shell  #n: pc, sc, spinp   dist       chi_pc     chi_sc 
 
    1        2   2   0        2.9479     0.0484     0.0484
    2        2   2   0        4.4999     0.0242     0.0242
    3        2   2   0        2.3225     0.0242     0.0242
 
  type1:            2  type2:            2
 
  number of shells:            2
 
  shell  #n: pc, sc, spinp   dist       chi_pc     chi_sc 
 
    1        1   1   0        0.0000    -0.3654    -0.3654
    2        1   1   0        5.1646    -0.0161    -0.0161
 
  type1:            2  type2:            3
 
  number of shells:            6
 
  shell  #n: pc, sc, spinp   dist       chi_pc     chi_sc 
 
    1        1   1   0        4.8723     0.0233     0.0233
    2        1   1   0        5.1642     0.0116     0.0116
    3        1   1   0        4.8788     0.0116     0.0116
    4        1   1   0        0.0081     0.0109     0.0109
    5        1   1   0        4.5960     0.0219     0.0219
    6        1   1   0        4.5918     0.0109     0.0109
 
  type1:            3  type2:            3
 
  number of shells:            6
 
  shell  #n: pc, sc, spinp   dist       chi_pc     chi_sc 
 
    1        1   1   0        0.0000    -0.1626    -0.1626
    2        1   1   0        4.6028     0.0078     0.0078
    3        1   1   0        1.2636     0.0077     0.0077
    4        1   1   0        4.8655     0.0076     0.0076
    5        1   1   0        4.6645     0.0075     0.0075
    6        1   1   0        5.1548     0.0075     0.0075
 
  CHI_0 Matrix 
 
  -0.5150   0.1641   0.0076   0.0076   0.0484   0.0242   0.0242   0.0242
   0.0484   0.0242   0.0000
   0.1641  -0.5150   0.0076   0.0076   0.0000   0.0000   0.0000   0.0000
   0.0000   0.0000   0.0000
   0.0076   0.0076  -0.3654  -0.0161   0.0233   0.0116   0.0116   0.0109
   0.0219   0.0109   0.0000
   0.0076   0.0076  -0.0161  -0.3654   0.0219   0.0109   0.0109   0.0116
   0.0233   0.0116   0.0000
   0.0484   0.0000   0.0233   0.0219  -0.1626   0.0078   0.0077   0.0076
   0.0075   0.0075   0.0000
   0.0242   0.0000   0.0116   0.0109   0.0078  -0.1626   0.0000   0.0000
   0.0076   0.0000   0.0000
   0.0242   0.0000   0.0116   0.0109   0.0077   0.0000  -0.1626   0.0000
   0.0075   0.0000   0.0000
   0.0242   0.0000   0.0109   0.0116   0.0076   0.0000   0.0000  -0.1626
   0.0078   0.0000   0.0000
   0.0484   0.0000   0.0219   0.0233   0.0075   0.0076   0.0075   0.0078
  -0.1626   0.0077   0.0000
   0.0242   0.0000   0.0109   0.0116   0.0075   0.0000   0.0000   0.0000
   0.0077  -0.1626   0.0000
   0.0000   0.0000   0.0000   0.0000   0.0000   0.0000   0.0000   0.0000
   0.0000   0.0000   1.0000
 
 
  CHI Matrix 
 
  -0.1236  -0.0023   0.0063   0.0063   0.0127   0.0063   0.0063   0.0063
   0.0127   0.0063   0.0000
  -0.0023  -0.1236   0.0063   0.0063   0.0000   0.0000   0.0000   0.0000
   0.0000   0.0000   0.0000
   0.0063   0.0063  -0.2787   0.0035   0.0114   0.0057   0.0057   0.0056
   0.0112   0.0056   0.0000
   0.0063   0.0063   0.0035  -0.2787   0.0112   0.0056   0.0056   0.0057
   0.0114   0.0057   0.0000
   0.0127   0.0000   0.0114   0.0112  -0.0583   0.0042   0.0042   0.0004
   0.0047   0.0047   0.0000
   0.0063   0.0000   0.0057   0.0056   0.0042  -0.0583   0.0000   0.0000
   0.0004   0.0000   0.0000
   0.0063   0.0000   0.0057   0.0056   0.0042   0.0000  -0.0583   0.0000
   0.0047   0.0000   0.0000
   0.0063   0.0000   0.0056   0.0057   0.0004   0.0000   0.0000  -0.0583
   0.0042   0.0000   0.0000
   0.0127   0.0000   0.0112   0.0114   0.0047   0.0004   0.0047   0.0042
  -0.0583   0.0042   0.0000
   0.0063   0.0000   0.0056   0.0057   0.0047   0.0000   0.0000   0.0000
   0.0042  -0.0583   0.0000
   0.0000   0.0000   0.0000   0.0000   0.0000   0.0000   0.0000   0.0000
   0.0000   0.0000   1.0000
 
 
  CHI0^-1 - CHI^-1 Matrix 
 
    6.5084   -0.9030    0.3062    0.3062    1.7620    0.7939    0.9903    0.7939
    1.7620    0.9903    0.0000
   -0.9030    5.9120    0.0762    0.0762   -0.2500   -0.1332   -0.1283   -0.1332
   -0.2500   -0.1283    0.0000
    0.3062    0.0762    0.8965    0.2162    0.5595    0.2432    0.3232    0.2465
    0.5677    0.3276    0.0000
    0.3062    0.0762    0.2162    0.8965    0.5677    0.2465    0.3276    0.2432
    0.5595    0.3232    0.0000
    1.7620   -0.2500    0.5595    0.5677   12.1321    1.2976    1.5115    0.2851
    2.0777    1.6578    0.0000
    0.7939   -0.1332    0.2432    0.2465    1.2976   11.2071    0.2766    0.1490
    0.2851    0.2854    0.0000
    0.9903   -0.1283    0.3232    0.3276    1.5115    0.2766   11.4310    0.2854
    1.6578    0.4371    0.0000
    0.7939   -0.1332    0.2465    0.2432    0.2851    0.1490    0.2854   11.2071
    1.2976    0.2766    0.0000
    1.7620   -0.2500    0.5677    0.5595    2.0777    0.2851    1.6578    1.2976
   12.1321    1.5115    0.0000
    0.9903   -0.1283    0.3276    0.3232    1.6578    0.2854    0.4371    0.2766
    1.5115   11.4310    0.0000
    0.0000    0.0000    0.0000    0.0000    0.0000    0.0000    0.0000    0.0000
    0.0000    0.0000    0.0000
  type:            1  U1 =    6.50840507970152     
  type:            2  U1 =   0.896525388270272     
  type:            3  U1 =    12.1320565152286     
