 
  number of atoms in the primitive cell:          10
 
 
  CHI_0 Matrix 
 
  -0.4164   0.0544   0.0074   0.0075   0.0513   0.0256   0.0256   0.0256
   0.0513   0.0256   0.1421
   0.0544  -0.4164   0.0075   0.0075   0.0262   0.0000   0.0000   0.0000
   0.0262   0.0000   0.2947
   0.0074   0.0075  -0.3642  -0.0160   0.0229   0.0115   0.0115   0.0110
   0.0220   0.0110   0.2756
   0.0075   0.0075  -0.0160  -0.3642   0.0220   0.0110   0.0110   0.0115
   0.0229   0.0115   0.2755
   0.0513   0.0262   0.0229   0.0220  -0.1722   0.0082   0.0082   0.0081
   0.0078   0.0078   0.0098
   0.0256   0.0000   0.0115   0.0110   0.0082  -0.1722   0.0000   0.0000
   0.0081   0.0000   0.1078
   0.0256   0.0000   0.0115   0.0110   0.0082   0.0000  -0.1722   0.0000
   0.0078   0.0000   0.1081
   0.0256   0.0000   0.0110   0.0115   0.0081   0.0000   0.0000  -0.1722
   0.0082   0.0000   0.1078
   0.0513   0.0262   0.0220   0.0229   0.0078   0.0081   0.0078   0.0082
  -0.1722   0.0082   0.0098
   0.0256   0.0000   0.0110   0.0115   0.0078   0.0000   0.0000   0.0000
   0.0082  -0.1722   0.1081
   0.1421   0.2947   0.2756   0.2755   0.0098   0.1078   0.1081   0.1078
   0.0098   0.1081  -1.4392
 
 
  CHI Matrix 
 
  -0.1312  -0.0040   0.0067   0.0068   0.0133   0.0066   0.0066   0.0066
   0.0133   0.0066   0.0684
  -0.0040  -0.1312   0.0068   0.0068   0.0067   0.0000   0.0000   0.0000
   0.0067   0.0000   0.1082
   0.0067   0.0068  -0.2781   0.0036   0.0113   0.0056   0.0056   0.0055
   0.0110   0.0055   0.2164
   0.0068   0.0068   0.0036  -0.2781   0.0110   0.0055   0.0055   0.0056
   0.0113   0.0056   0.2163
   0.0133   0.0067   0.0113   0.0110  -0.0582   0.0041   0.0042  -0.0003
   0.0047   0.0047  -0.0015
   0.0066   0.0000   0.0056   0.0055   0.0041  -0.0582   0.0000   0.0000
  -0.0003   0.0000   0.0366
   0.0066   0.0000   0.0056   0.0055   0.0042   0.0000  -0.0582   0.0000
   0.0047   0.0000   0.0316
   0.0066   0.0000   0.0055   0.0056  -0.0003   0.0000   0.0000  -0.0582
   0.0041   0.0000   0.0366
   0.0133   0.0067   0.0110   0.0113   0.0047  -0.0003   0.0047   0.0041
  -0.0582   0.0042  -0.0015
   0.0066   0.0000   0.0055   0.0056   0.0047   0.0000   0.0000   0.0000
   0.0042  -0.0582   0.0316
   0.0684   0.1082   0.2164   0.2163  -0.0015   0.0366   0.0316   0.0366
  -0.0015   0.0316  -0.7427
 
 
  CHI0^-1 - CHI^-1 Matrix 
 
    4.5537   -0.9910   -0.0434   -0.0424   -0.4865   -0.6144   -0.6586   -0.6144
   -0.4864   -0.6586    0.0421
   -0.9910    5.1978    0.3478    0.3475   -0.9588   -0.7962   -0.9704   -0.7962
   -0.9588   -0.9704    0.5486
   -0.0434    0.3478    1.3122    0.6342   -0.6766   -0.3242   -0.5021   -0.3277
   -0.6798   -0.5040    0.7635
   -0.0424    0.3475    0.6342    1.3118   -0.6797   -0.3278   -0.5040   -0.3243
   -0.6765   -0.5021    0.7633
   -0.4865   -0.9588   -0.6766   -0.6797    9.5682   -0.9852   -0.9863   -2.1886
   -0.8591   -0.8351   -0.9124
   -0.6144   -0.7962   -0.3242   -0.3278   -0.9852   10.0153   -1.5672   -1.4411
   -2.1886   -1.5568   -0.2138
   -0.6586   -0.9704   -0.5021   -0.5040   -0.9863   -1.5672    9.7177   -1.5568
   -0.8351   -1.6485   -0.4888
   -0.6144   -0.7962   -0.3277   -0.3243   -2.1886   -1.4411   -1.5568   10.0153
   -0.9852   -1.5672   -0.2138
   -0.4864   -0.9588   -0.6798   -0.6765   -0.8591   -2.1886   -0.8351   -0.9852
    9.5682   -0.9863   -0.9124
   -0.6586   -0.9704   -0.5040   -0.5021   -0.8351   -1.5568   -1.6485   -1.5672
   -0.9863    9.7177   -0.4888
    0.0421    0.5486    0.7635    0.7633   -0.9124   -0.2138   -0.4888   -0.2138
   -0.9124   -0.4888    1.1125
  type:            1  U0 =    4.55366579891120     
  type:            2  U0 =    1.31216292846502     
  type:            3  U0 =    9.56816565058569     
 
 
 
  Extrapolation to a supercell            1           1           1
 
  number of atoms in the supercell:          10
 
 
  type1:            1  type2:            1
 
  number of shells:            2
 
  shell  #n: pc, sc, spinp   dist       chi_pc     chi_sc 
 
    1        1   1   1        0.0000    -0.4164    -0.4164
    2        1   1   1        5.1646     0.0544     0.0544
 
  type1:            1  type2:            2
 
  number of shells:            1
 
  shell  #n: pc, sc, spinp   dist       chi_pc     chi_sc 
 
    1        2   2   0        4.5080     0.0074     0.0074
 
  type1:            1  type2:            3
 
  number of shells:            3
 
  shell  #n: pc, sc, spinp   dist       chi_pc     chi_sc 
 
    1        2   2   0        2.9479     0.0513     0.0513
    2        2   2   0        4.4999     0.0256     0.0256
    3        2   2   0        2.3225     0.0256     0.0256
 
  type1:            2  type2:            2
 
  number of shells:            2
 
  shell  #n: pc, sc, spinp   dist       chi_pc     chi_sc 
 
    1        1   1   0        0.0000    -0.3642    -0.3642
    2        1   1   0        5.1646    -0.0160    -0.0160
 
  type1:            2  type2:            3
 
  number of shells:            6
 
  shell  #n: pc, sc, spinp   dist       chi_pc     chi_sc 
 
    1        1   1   0        4.8723     0.0229     0.0229
    2        1   1   0        5.1642     0.0115     0.0115
    3        1   1   0        4.8788     0.0115     0.0115
    4        1   1   0        0.0081     0.0110     0.0110
    5        1   1   0        4.5960     0.0220     0.0220
    6        1   1   0        4.5918     0.0110     0.0110
 
  type1:            3  type2:            3
 
  number of shells:            6
 
  shell  #n: pc, sc, spinp   dist       chi_pc     chi_sc 
 
    1        1   1   0        0.0000    -0.1722    -0.1722
    2        1   1   0        4.6028     0.0082     0.0082
    3        1   1   0        1.2636     0.0082     0.0082
    4        1   1   0        4.8655     0.0081     0.0081
    5        1   1   0        4.6645     0.0078     0.0078
    6        1   1   0        5.1548     0.0078     0.0078
 
  CHI_0 Matrix 
 
  -0.4164   0.0544   0.0074   0.0074   0.0513   0.0256   0.0256   0.0256
   0.0513   0.0256   0.1422
   0.0544  -0.4164   0.0074   0.0074   0.0000   0.0000   0.0000   0.0000
   0.0000   0.0000   0.3472
   0.0074   0.0074  -0.3642  -0.0160   0.0229   0.0115   0.0115   0.0110
   0.0220   0.0110   0.2757
   0.0074   0.0074  -0.0160  -0.3642   0.0220   0.0110   0.0110   0.0115
   0.0229   0.0115   0.2757
   0.0513   0.0000   0.0229   0.0220  -0.1722   0.0082   0.0082   0.0081
   0.0078   0.0078   0.0359
   0.0256   0.0000   0.0115   0.0110   0.0082  -0.1722   0.0000   0.0000
   0.0081   0.0000   0.1078
   0.0256   0.0000   0.0115   0.0110   0.0082   0.0000  -0.1722   0.0000
   0.0078   0.0000   0.1081
   0.0256   0.0000   0.0110   0.0115   0.0081   0.0000   0.0000  -0.1722
   0.0082   0.0000   0.1078
   0.0513   0.0000   0.0220   0.0229   0.0078   0.0081   0.0078   0.0082
  -0.1722   0.0082   0.0359
   0.0256   0.0000   0.0110   0.0115   0.0078   0.0000   0.0000   0.0000
   0.0082  -0.1722   0.1081
   0.1422   0.3472   0.2757   0.2757   0.0359   0.1078   0.1081   0.1078
   0.0359   0.1081  -1.5444
 
 
  CHI Matrix 
 
  -0.1312  -0.0040   0.0067   0.0067   0.0133   0.0066   0.0066   0.0066
   0.0133   0.0066   0.0685
  -0.0040  -0.1312   0.0067   0.0067   0.0000   0.0000   0.0000   0.0000
   0.0000   0.0000   0.1217
   0.0067   0.0067  -0.2781   0.0036   0.0113   0.0056   0.0056   0.0055
   0.0110   0.0055   0.2165
   0.0067   0.0067   0.0036  -0.2781   0.0110   0.0055   0.0055   0.0056
   0.0113   0.0056   0.2165
   0.0133   0.0000   0.0113   0.0110  -0.0582   0.0041   0.0042  -0.0003
   0.0047   0.0047   0.0052
   0.0066   0.0000   0.0056   0.0055   0.0041  -0.0582   0.0000   0.0000
  -0.0003   0.0000   0.0366
   0.0066   0.0000   0.0056   0.0055   0.0042   0.0000  -0.0582   0.0000
   0.0047   0.0000   0.0316
   0.0066   0.0000   0.0055   0.0056  -0.0003   0.0000   0.0000  -0.0582
   0.0041   0.0000   0.0366
   0.0133   0.0000   0.0110   0.0113   0.0047  -0.0003   0.0047   0.0041
  -0.0582   0.0042   0.0052
   0.0066   0.0000   0.0055   0.0056   0.0047   0.0000   0.0000   0.0000
   0.0042  -0.0582   0.0316
   0.0685   0.1217   0.2165   0.2165   0.0052   0.0366   0.0316   0.0366
   0.0052   0.0316  -0.7699
 
 
  CHI0^-1 - CHI^-1 Matrix 
 
    4.5424   -0.9836   -0.0741   -0.0741   -0.3812   -0.6446   -0.6766   -0.6446
   -0.3812   -0.6766   -0.0060
   -0.9836    5.5012    0.4552    0.4552   -1.4035   -0.7000   -0.9587   -0.7000
   -1.4035   -0.9587    0.6964
   -0.0741    0.4552    1.2955    0.6177   -0.6556   -0.3451   -0.5134   -0.3486
   -0.6588   -0.5153    0.7424
   -0.0741    0.4552    0.6177    1.2955   -0.6588   -0.3486   -0.5153   -0.3451
   -0.6556   -0.5134    0.7424
   -0.3812   -1.4035   -0.6556   -0.6588    9.6269   -0.9460   -0.9489   -2.1494
   -0.8003   -0.7976   -0.8858
   -0.6446   -0.7000   -0.3451   -0.3486   -0.9460    9.9908   -1.5802   -1.4656
   -2.1494   -1.5698   -0.2417
   -0.6766   -0.9587   -0.5134   -0.5153   -0.9489   -1.5802    9.7149   -1.5698
   -0.7976   -1.6513   -0.5032
   -0.6446   -0.7000   -0.3486   -0.3451   -2.1494   -1.4656   -1.5698    9.9908
   -0.9460   -1.5802   -0.2417
   -0.3812   -1.4035   -0.6588   -0.6556   -0.8003   -2.1494   -0.7976   -0.9460
    9.6269   -0.9489   -0.8858
   -0.6766   -0.9587   -0.5153   -0.5134   -0.7976   -1.5698   -1.6513   -1.5802
   -0.9489    9.7149   -0.5032
   -0.0060    0.6964    0.7424    0.7424   -0.8858   -0.2417   -0.5032   -0.2417
   -0.8858   -0.5032    1.0861
  type:            1  U1 =    4.54241897768704     
  type:            2  U1 =    1.29549888939060     
  type:            3  U1 =    9.62694438779340     
