 
  number of atoms in the primitive cell:          10
 
 
  CHI_0 Matrix 
 
  -0.4164   0.0544   0.0074   0.0075   0.0513   0.0256   0.0256   0.0256
   0.0513   0.0256   0.0000
   0.0544  -0.4164   0.0075   0.0075   0.0262   0.0000   0.0000   0.0000
   0.0262   0.0000   0.0000
   0.0074   0.0075  -0.3642  -0.0160   0.0229   0.0115   0.0115   0.0110
   0.0220   0.0110   0.0000
   0.0075   0.0075  -0.0160  -0.3642   0.0220   0.0110   0.0110   0.0115
   0.0229   0.0115   0.0000
   0.0513   0.0262   0.0229   0.0220  -0.1722   0.0082   0.0082   0.0081
   0.0078   0.0078   0.0000
   0.0256   0.0000   0.0115   0.0110   0.0082  -0.1722   0.0000   0.0000
   0.0081   0.0000   0.0000
   0.0256   0.0000   0.0115   0.0110   0.0082   0.0000  -0.1722   0.0000
   0.0078   0.0000   0.0000
   0.0256   0.0000   0.0110   0.0115   0.0081   0.0000   0.0000  -0.1722
   0.0082   0.0000   0.0000
   0.0513   0.0262   0.0220   0.0229   0.0078   0.0081   0.0078   0.0082
  -0.1722   0.0082   0.0000
   0.0256   0.0000   0.0110   0.0115   0.0078   0.0000   0.0000   0.0000
   0.0082  -0.1722   0.0000
   0.0000   0.0000   0.0000   0.0000   0.0000   0.0000   0.0000   0.0000
   0.0000   0.0000   1.0000
 
 
  CHI Matrix 
 
  -0.1312  -0.0040   0.0067   0.0068   0.0133   0.0066   0.0066   0.0066
   0.0133   0.0066   0.0000
  -0.0040  -0.1312   0.0068   0.0068   0.0067   0.0000   0.0000   0.0000
   0.0067   0.0000   0.0000
   0.0067   0.0068  -0.2781   0.0036   0.0113   0.0056   0.0056   0.0055
   0.0110   0.0055   0.0000
   0.0068   0.0068   0.0036  -0.2781   0.0110   0.0055   0.0055   0.0056
   0.0113   0.0056   0.0000
   0.0133   0.0067   0.0113   0.0110  -0.0582   0.0041   0.0042  -0.0003
   0.0047   0.0047   0.0000
   0.0066   0.0000   0.0056   0.0055   0.0041  -0.0582   0.0000   0.0000
  -0.0003   0.0000   0.0000
   0.0066   0.0000   0.0056   0.0055   0.0042   0.0000  -0.0582   0.0000
   0.0047   0.0000   0.0000
   0.0066   0.0000   0.0055   0.0056  -0.0003   0.0000   0.0000  -0.0582
   0.0041   0.0000   0.0000
   0.0133   0.0067   0.0110   0.0113   0.0047  -0.0003   0.0047   0.0041
  -0.0582   0.0042   0.0000
   0.0066   0.0000   0.0055   0.0056   0.0047   0.0000   0.0000   0.0000
   0.0042  -0.0582   0.0000
   0.0000   0.0000   0.0000   0.0000   0.0000   0.0000   0.0000   0.0000
   0.0000   0.0000   1.0000
 
 
  CHI0^-1 - CHI^-1 Matrix 
 
    5.5820   -0.4692    0.2635    0.2647    1.4963    0.6698    0.9006    0.6698
    1.4963    0.9006    0.0000
   -0.4692    5.2130    0.1482    0.1481    0.5175   -0.0185    0.0823   -0.0185
    0.5175    0.0823    0.0000
    0.2635    0.1482    0.8976    0.2199    0.5847    0.2386    0.3357    0.2351
    0.5815    0.3338    0.0000
    0.2647    0.1481    0.2199    0.8977    0.5818    0.2352    0.3340    0.2387
    0.5850    0.3359    0.0000
    1.4963    0.5175    0.5847    0.5818   12.5053    1.2534    1.5273    0.0500
    2.0781    1.6785    0.0000
    0.6698   -0.0185    0.2386    0.2352    1.2534   11.5554    0.2479    0.0990
    0.0500    0.2583    0.0000
    0.9006    0.0823    0.3357    0.3340    1.5273    0.2479   11.8078    0.2583
    1.6785    0.4415    0.0000
    0.6698   -0.0185    0.2351    0.2387    0.0500    0.0990    0.2583   11.5554
    1.2534    0.2479    0.0000
    1.4963    0.5175    0.5815    0.5850    2.0781    0.0500    1.6785    1.2534
   12.5053    1.5273    0.0000
    0.9006    0.0823    0.3338    0.3359    1.6785    0.2583    0.4415    0.2479
    1.5273   11.8078    0.0000
    0.0000    0.0000    0.0000    0.0000    0.0000    0.0000    0.0000    0.0000
    0.0000    0.0000    0.0000
  type:            1  U0 =    5.58198859360679     
  type:            2  U0 =   0.897608244067034     
  type:            3  U0 =    12.5053385350765     
 
 
 
  Extrapolation to a supercell            1           1           1
 
  number of atoms in the supercell:          10
 
 
  type1:            1  type2:            1
 
  number of shells:            2
 
  shell  #n: pc, sc, spinp   dist       chi_pc     chi_sc 
 
    1        1   1   1        0.0000    -0.4164    -0.4164
    2        1   1   1        5.1646     0.0544     0.0544
 
  type1:            1  type2:            2
 
  number of shells:            1
 
  shell  #n: pc, sc, spinp   dist       chi_pc     chi_sc 
 
    1        2   2   0        4.5080     0.0074     0.0074
 
  type1:            1  type2:            3
 
  number of shells:            3
 
  shell  #n: pc, sc, spinp   dist       chi_pc     chi_sc 
 
    1        2   2   0        2.9479     0.0513     0.0513
    2        2   2   0        4.4999     0.0256     0.0256
    3        2   2   0        2.3225     0.0256     0.0256
 
  type1:            2  type2:            2
 
  number of shells:            2
 
  shell  #n: pc, sc, spinp   dist       chi_pc     chi_sc 
 
    1        1   1   0        0.0000    -0.3642    -0.3642
    2        1   1   0        5.1646    -0.0160    -0.0160
 
  type1:            2  type2:            3
 
  number of shells:            6
 
  shell  #n: pc, sc, spinp   dist       chi_pc     chi_sc 
 
    1        1   1   0        4.8723     0.0229     0.0229
    2        1   1   0        5.1642     0.0115     0.0115
    3        1   1   0        4.8788     0.0115     0.0115
    4        1   1   0        0.0081     0.0110     0.0110
    5        1   1   0        4.5960     0.0220     0.0220
    6        1   1   0        4.5918     0.0110     0.0110
 
  type1:            3  type2:            3
 
  number of shells:            6
 
  shell  #n: pc, sc, spinp   dist       chi_pc     chi_sc 
 
    1        1   1   0        0.0000    -0.1722    -0.1722
    2        1   1   0        4.6028     0.0082     0.0082
    3        1   1   0        1.2636     0.0082     0.0082
    4        1   1   0        4.8655     0.0081     0.0081
    5        1   1   0        4.6645     0.0078     0.0078
    6        1   1   0        5.1548     0.0078     0.0078
 
  CHI_0 Matrix 
 
  -0.4164   0.0544   0.0074   0.0074   0.0513   0.0256   0.0256   0.0256
   0.0513   0.0256   0.0000
   0.0544  -0.4164   0.0074   0.0074   0.0000   0.0000   0.0000   0.0000
   0.0000   0.0000   0.0000
   0.0074   0.0074  -0.3642  -0.0160   0.0229   0.0115   0.0115   0.0110
   0.0220   0.0110   0.0000
   0.0074   0.0074  -0.0160  -0.3642   0.0220   0.0110   0.0110   0.0115
   0.0229   0.0115   0.0000
   0.0513   0.0000   0.0229   0.0220  -0.1722   0.0082   0.0082   0.0081
   0.0078   0.0078   0.0000
   0.0256   0.0000   0.0115   0.0110   0.0082  -0.1722   0.0000   0.0000
   0.0081   0.0000   0.0000
   0.0256   0.0000   0.0115   0.0110   0.0082   0.0000  -0.1722   0.0000
   0.0078   0.0000   0.0000
   0.0256   0.0000   0.0110   0.0115   0.0081   0.0000   0.0000  -0.1722
   0.0082   0.0000   0.0000
   0.0513   0.0000   0.0220   0.0229   0.0078   0.0081   0.0078   0.0082
  -0.1722   0.0082   0.0000
   0.0256   0.0000   0.0110   0.0115   0.0078   0.0000   0.0000   0.0000
   0.0082  -0.1722   0.0000
   0.0000   0.0000   0.0000   0.0000   0.0000   0.0000   0.0000   0.0000
   0.0000   0.0000   1.0000
 
 
  CHI Matrix 
 
  -0.1312  -0.0040   0.0067   0.0067   0.0133   0.0066   0.0066   0.0066
   0.0133   0.0066   0.0000
  -0.0040  -0.1312   0.0067   0.0067   0.0000   0.0000   0.0000   0.0000
   0.0000   0.0000   0.0000
   0.0067   0.0067  -0.2781   0.0036   0.0113   0.0056   0.0056   0.0055
   0.0110   0.0055   0.0000
   0.0067   0.0067   0.0036  -0.2781   0.0110   0.0055   0.0055   0.0056
   0.0113   0.0056   0.0000
   0.0133   0.0000   0.0113   0.0110  -0.0582   0.0041   0.0042  -0.0003
   0.0047   0.0047   0.0000
   0.0066   0.0000   0.0056   0.0055   0.0041  -0.0582   0.0000   0.0000
  -0.0003   0.0000   0.0000
   0.0066   0.0000   0.0056   0.0055   0.0042   0.0000  -0.0582   0.0000
   0.0047   0.0000   0.0000
   0.0066   0.0000   0.0055   0.0056  -0.0003   0.0000   0.0000  -0.0582
   0.0041   0.0000   0.0000
   0.0133   0.0000   0.0110   0.0113   0.0047  -0.0003   0.0047   0.0041
  -0.0582   0.0042   0.0000
   0.0066   0.0000   0.0055   0.0056   0.0047   0.0000   0.0000   0.0000
   0.0042  -0.0582   0.0000
   0.0000   0.0000   0.0000   0.0000   0.0000   0.0000   0.0000   0.0000
   0.0000   0.0000   1.0000
 
 
  CHI0^-1 - CHI^-1 Matrix 
 
    5.6405   -0.5879    0.2756    0.2756    1.5967    0.6892    0.9187    0.6892
    1.5967    0.9187    0.0000
   -0.5879    5.1945    0.1026    0.1026   -0.1280   -0.0686   -0.0657   -0.0686
   -0.1280   -0.0657    0.0000
    0.2756    0.1026    0.8969    0.2191    0.5740    0.2404    0.3336    0.2369
    0.5708    0.3317    0.0000
    0.2756    0.1026    0.2191    0.8969    0.5708    0.2369    0.3317    0.2404
    0.5740    0.3336    0.0000
    1.5967   -0.1280    0.5740    0.5708   12.4847    1.2676    1.5263    0.0642
    2.0574    1.6775    0.0000
    0.6892   -0.0686    0.2404    0.2369    1.2676   11.5602    0.2508    0.1038
    0.0642    0.2612    0.0000
    0.9187   -0.0657    0.3336    0.3317    1.5263    0.2508   11.8075    0.2612
    1.6775    0.4412    0.0000
    0.6892   -0.0686    0.2369    0.2404    0.0642    0.1038    0.2612   11.5602
    1.2676    0.2508    0.0000
    1.5967   -0.1280    0.5708    0.5740    2.0574    0.0642    1.6775    1.2676
   12.4847    1.5263    0.0000
    0.9187   -0.0657    0.3317    0.3336    1.6775    0.2612    0.4412    0.2508
    1.5263   11.8075    0.0000
    0.0000    0.0000    0.0000    0.0000    0.0000    0.0000    0.0000    0.0000
    0.0000    0.0000    0.0000
  type:            1  U1 =    5.64047051253345     
  type:            2  U1 =   0.896914140221465     
  type:            3  U1 =    12.4846640269445     
