 
  number of atoms in the primitive cell:          10
 
 
  CHI_0 Matrix 
 
  -0.3876   0.0146   0.0072   0.0073   0.0541   0.0270   0.0270   0.0270
   0.0541   0.0270   0.0000
   0.0146  -0.3876   0.0073   0.0073   0.0276   0.0000   0.0000   0.0000
   0.0276   0.0000   0.0000
   0.0072   0.0073  -0.3634  -0.0159   0.0226   0.0113   0.0113   0.0111
   0.0221   0.0111   0.0000
   0.0073   0.0073  -0.0159  -0.3634   0.0221   0.0111   0.0111   0.0113
   0.0226   0.0113   0.0000
   0.0541   0.0276   0.0226   0.0221  -0.1840   0.0092   0.0092   0.0094
   0.0084   0.0084   0.0000
   0.0270   0.0000   0.0113   0.0111   0.0092  -0.1840   0.0000   0.0000
   0.0094   0.0000   0.0000
   0.0270   0.0000   0.0113   0.0111   0.0092   0.0000  -0.1840   0.0000
   0.0084   0.0000   0.0000
   0.0270   0.0000   0.0111   0.0113   0.0094   0.0000   0.0000  -0.1840
   0.0092   0.0000   0.0000
   0.0541   0.0276   0.0221   0.0226   0.0084   0.0094   0.0084   0.0092
  -0.1840   0.0092   0.0000
   0.0270   0.0000   0.0111   0.0113   0.0084   0.0000   0.0000   0.0000
   0.0092  -0.1840   0.0000
   0.0000   0.0000   0.0000   0.0000   0.0000   0.0000   0.0000   0.0000
   0.0000   0.0000   1.0000
 
 
  CHI Matrix 
 
  -0.1393  -0.0037   0.0073   0.0074   0.0138   0.0069   0.0069   0.0069
   0.0138   0.0069   0.0000
  -0.0037  -0.1393   0.0074   0.0074   0.0069   0.0000   0.0000   0.0000
   0.0069   0.0000   0.0000
   0.0073   0.0074  -0.2774   0.0034   0.0111   0.0056   0.0056   0.0054
   0.0108   0.0054   0.0000
   0.0074   0.0074   0.0034  -0.2774   0.0108   0.0054   0.0054   0.0056
   0.0111   0.0056   0.0000
   0.0138   0.0069   0.0111   0.0108  -0.0583   0.0043   0.0043  -0.0009
   0.0048   0.0048   0.0000
   0.0069   0.0000   0.0056   0.0054   0.0043  -0.0583   0.0000   0.0000
  -0.0009   0.0000   0.0000
   0.0069   0.0000   0.0056   0.0054   0.0043   0.0000  -0.0583   0.0000
   0.0048   0.0000   0.0000
   0.0069   0.0000   0.0054   0.0056  -0.0009   0.0000   0.0000  -0.0583
   0.0043   0.0000   0.0000
   0.0138   0.0069   0.0108   0.0111   0.0048  -0.0009   0.0048   0.0043
  -0.0583   0.0043   0.0000
   0.0069   0.0000   0.0054   0.0056   0.0048   0.0000   0.0000   0.0000
   0.0043  -0.0583   0.0000
   0.0000   0.0000   0.0000   0.0000   0.0000   0.0000   0.0000   0.0000
   0.0000   0.0000   1.0000
 
 
  CHI0^-1 - CHI^-1 Matrix 
 
    4.9134   -0.1929    0.2570    0.2577    1.4228    0.5960    0.8577    0.5960
    1.4228    0.8577    0.0000
   -0.1929    4.6464    0.1693    0.1693    0.5765    0.0185    0.1334    0.0185
    0.5765    0.1334    0.0000
    0.2570    0.1693    0.9060    0.2225    0.6093    0.2390    0.3507    0.2333
    0.5998    0.3467    0.0000
    0.2577    0.1693    0.2225    0.9061    0.5999    0.2334    0.3468    0.2391
    0.6094    0.3509    0.0000
    1.4228    0.5765    0.6093    0.5999   12.9160    1.2769    1.5841   -0.1450
    2.1325    1.7438    0.0000
    0.5960    0.0185    0.2390    0.2334    1.2769   11.9136    0.2336    0.0602
   -0.1450    0.2457    0.0000
    0.8577    0.1334    0.3507    0.3468    1.5841    0.2336   12.1893    0.2457
    1.7438    0.4605    0.0000
    0.5960    0.0185    0.2333    0.2391   -0.1450    0.0602    0.2457   11.9136
    1.2769    0.2336    0.0000
    1.4228    0.5765    0.5998    0.6094    2.1325   -0.1450    1.7438    1.2769
   12.9160    1.5841    0.0000
    0.8577    0.1334    0.3467    0.3509    1.7438    0.2457    0.4605    0.2336
    1.5841   12.1893    0.0000
    0.0000    0.0000    0.0000    0.0000    0.0000    0.0000    0.0000    0.0000
    0.0000    0.0000    0.0000
  type:            1  U0 =    4.91343459739433     
  type:            2  U0 =   0.906048196087315     
  type:            3  U0 =    12.9159569691300     
 
 
 
  Extrapolation to a supercell            1           1           1
 
  number of atoms in the supercell:          10
 
 
  type1:            1  type2:            1
 
  number of shells:            2
 
  shell  #n: pc, sc, spinp   dist       chi_pc     chi_sc 
 
    1        1   1   1        0.0000    -0.3876    -0.3876
    2        1   1   1        5.1646     0.0146     0.0146
 
  type1:            1  type2:            2
 
  number of shells:            1
 
  shell  #n: pc, sc, spinp   dist       chi_pc     chi_sc 
 
    1        2   2   0        4.5080     0.0072     0.0072
 
  type1:            1  type2:            3
 
  number of shells:            3
 
  shell  #n: pc, sc, spinp   dist       chi_pc     chi_sc 
 
    1        2   2   0        2.9479     0.0541     0.0541
    2        2   2   0        4.4999     0.0270     0.0270
    3        2   2   0        2.3225     0.0270     0.0270
 
  type1:            2  type2:            2
 
  number of shells:            2
 
  shell  #n: pc, sc, spinp   dist       chi_pc     chi_sc 
 
    1        1   1   0        0.0000    -0.3634    -0.3634
    2        1   1   0        5.1646    -0.0159    -0.0159
 
  type1:            2  type2:            3
 
  number of shells:            6
 
  shell  #n: pc, sc, spinp   dist       chi_pc     chi_sc 
 
    1        1   1   0        4.8723     0.0226     0.0226
    2        1   1   0        5.1642     0.0113     0.0113
    3        1   1   0        4.8788     0.0113     0.0113
    4        1   1   0        0.0081     0.0111     0.0111
    5        1   1   0        4.5960     0.0221     0.0221
    6        1   1   0        4.5918     0.0111     0.0111
 
  type1:            3  type2:            3
 
  number of shells:            6
 
  shell  #n: pc, sc, spinp   dist       chi_pc     chi_sc 
 
    1        1   1   0        0.0000    -0.1840    -0.1840
    2        1   1   0        4.6028     0.0092     0.0092
    3        1   1   0        1.2636     0.0092     0.0092
    4        1   1   0        4.8655     0.0094     0.0094
    5        1   1   0        4.6645     0.0084     0.0084
    6        1   1   0        5.1548     0.0084     0.0084
 
  CHI_0 Matrix 
 
  -0.3876   0.0146   0.0072   0.0072   0.0541   0.0270   0.0270   0.0270
   0.0541   0.0270   0.0000
   0.0146  -0.3876   0.0072   0.0072   0.0000   0.0000   0.0000   0.0000
   0.0000   0.0000   0.0000
   0.0072   0.0072  -0.3634  -0.0159   0.0226   0.0113   0.0113   0.0111
   0.0221   0.0111   0.0000
   0.0072   0.0072  -0.0159  -0.3634   0.0221   0.0111   0.0111   0.0113
   0.0226   0.0113   0.0000
   0.0541   0.0000   0.0226   0.0221  -0.1840   0.0092   0.0092   0.0094
   0.0084   0.0084   0.0000
   0.0270   0.0000   0.0113   0.0111   0.0092  -0.1840   0.0000   0.0000
   0.0094   0.0000   0.0000
   0.0270   0.0000   0.0113   0.0111   0.0092   0.0000  -0.1840   0.0000
   0.0084   0.0000   0.0000
   0.0270   0.0000   0.0111   0.0113   0.0094   0.0000   0.0000  -0.1840
   0.0092   0.0000   0.0000
   0.0541   0.0000   0.0221   0.0226   0.0084   0.0094   0.0084   0.0092
  -0.1840   0.0092   0.0000
   0.0270   0.0000   0.0111   0.0113   0.0084   0.0000   0.0000   0.0000
   0.0092  -0.1840   0.0000
   0.0000   0.0000   0.0000   0.0000   0.0000   0.0000   0.0000   0.0000
   0.0000   0.0000   1.0000
 
 
  CHI Matrix 
 
  -0.1393  -0.0037   0.0073   0.0073   0.0138   0.0069   0.0069   0.0069
   0.0138   0.0069   0.0000
  -0.0037  -0.1393   0.0073   0.0073   0.0000   0.0000   0.0000   0.0000
   0.0000   0.0000   0.0000
   0.0073   0.0073  -0.2774   0.0034   0.0111   0.0056   0.0056   0.0054
   0.0108   0.0054   0.0000
   0.0073   0.0073   0.0034  -0.2774   0.0108   0.0054   0.0054   0.0056
   0.0111   0.0056   0.0000
   0.0138   0.0000   0.0111   0.0108  -0.0583   0.0043   0.0043  -0.0009
   0.0048   0.0048   0.0000
   0.0069   0.0000   0.0056   0.0054   0.0043  -0.0583   0.0000   0.0000
  -0.0009   0.0000   0.0000
   0.0069   0.0000   0.0056   0.0054   0.0043   0.0000  -0.0583   0.0000
   0.0048   0.0000   0.0000
   0.0069   0.0000   0.0054   0.0056  -0.0009   0.0000   0.0000  -0.0583
   0.0043   0.0000   0.0000
   0.0138   0.0000   0.0108   0.0111   0.0048  -0.0009   0.0048   0.0043
  -0.0583   0.0043   0.0000
   0.0069   0.0000   0.0054   0.0056   0.0048   0.0000   0.0000   0.0000
   0.0043  -0.0583   0.0000
   0.0000   0.0000   0.0000   0.0000   0.0000   0.0000   0.0000   0.0000
   0.0000   0.0000   1.0000
 
 
  CHI0^-1 - CHI^-1 Matrix 
 
    4.9421   -0.2817    0.2606    0.2606    1.4657    0.6050    0.8647    0.6050
    1.4657    0.8647    0.0000
   -0.2817    4.6181    0.1314    0.1314   -0.0163   -0.0117   -0.0070   -0.0117
   -0.0163   -0.0070    0.0000
    0.2606    0.1314    0.9040    0.2204    0.5902    0.2392    0.3461    0.2334
    0.5807    0.3421    0.0000
    0.2606    0.1314    0.2204    0.9040    0.5807    0.2334    0.3421    0.2392
    0.5902    0.3461    0.0000
    1.4657   -0.0163    0.5902    0.5807   12.8567    1.2800    1.5690   -0.1419
    2.0733    1.7287    0.0000
    0.6050   -0.0117    0.2392    0.2334    1.2800   11.9159    0.2337    0.0625
   -0.1419    0.2458    0.0000
    0.8647   -0.0070    0.3461    0.3421    1.5690    0.2337   12.1854    0.2458
    1.7287    0.4566    0.0000
    0.6050   -0.0117    0.2334    0.2392   -0.1419    0.0625    0.2458   11.9159
    1.2800    0.2337    0.0000
    1.4657   -0.0163    0.5807    0.5902    2.0733   -0.1419    1.7287    1.2800
   12.8567    1.5690    0.0000
    0.8647   -0.0070    0.3421    0.3461    1.7287    0.2458    0.4566    0.2337
    1.5690   12.1854    0.0000
    0.0000    0.0000    0.0000    0.0000    0.0000    0.0000    0.0000    0.0000
    0.0000    0.0000    0.0000
  type:            1  U1 =    4.94210722038721     
  type:            2  U1 =   0.903960560755670     
  type:            3  U1 =    12.8566904506321     
