 
  number of atoms in the primitive cell:          10
 
 
  CHI_0 Matrix 
 
  -0.3876   0.0146   0.0072   0.0073   0.0541   0.0270   0.0270   0.0270
   0.0541   0.0270   0.1424
   0.0146  -0.3876   0.0073   0.0073   0.0276   0.0000   0.0000   0.0000
   0.0276   0.0000   0.3033
   0.0072   0.0073  -0.3634  -0.0159   0.0226   0.0113   0.0113   0.0111
   0.0221   0.0111   0.2755
   0.0073   0.0073  -0.0159  -0.3634   0.0221   0.0111   0.0111   0.0113
   0.0226   0.0113   0.2754
   0.0541   0.0276   0.0226   0.0221  -0.1840   0.0092   0.0092   0.0094
   0.0084   0.0084   0.0131
   0.0270   0.0000   0.0113   0.0111   0.0092  -0.1840   0.0000   0.0000
   0.0094   0.0000   0.1161
   0.0270   0.0000   0.0113   0.0111   0.0092   0.0000  -0.1840   0.0000
   0.0084   0.0000   0.1171
   0.0270   0.0000   0.0111   0.0113   0.0094   0.0000   0.0000  -0.1840
   0.0092   0.0000   0.1161
   0.0541   0.0276   0.0221   0.0226   0.0084   0.0094   0.0084   0.0092
  -0.1840   0.0092   0.0131
   0.0270   0.0000   0.0111   0.0113   0.0084   0.0000   0.0000   0.0000
   0.0092  -0.1840   0.1171
   0.1424   0.3033   0.2755   0.2754   0.0131   0.1161   0.1171   0.1161
   0.0131   0.1171  -1.4892
 
 
  CHI Matrix 
 
  -0.1393  -0.0037   0.0073   0.0074   0.0138   0.0069   0.0069   0.0069
   0.0138   0.0069   0.0729
  -0.0037  -0.1393   0.0074   0.0074   0.0069   0.0000   0.0000   0.0000
   0.0069   0.0000   0.1144
   0.0073   0.0074  -0.2774   0.0034   0.0111   0.0056   0.0056   0.0054
   0.0108   0.0054   0.2153
   0.0074   0.0074   0.0034  -0.2774   0.0108   0.0054   0.0054   0.0056
   0.0111   0.0056   0.2153
   0.0138   0.0069   0.0111   0.0108  -0.0583   0.0043   0.0043  -0.0009
   0.0048   0.0048  -0.0016
   0.0069   0.0000   0.0056   0.0054   0.0043  -0.0583   0.0000   0.0000
  -0.0009   0.0000   0.0370
   0.0069   0.0000   0.0056   0.0054   0.0043   0.0000  -0.0583   0.0000
   0.0048   0.0000   0.0313
   0.0069   0.0000   0.0054   0.0056  -0.0009   0.0000   0.0000  -0.0583
   0.0043   0.0000   0.0370
   0.0138   0.0069   0.0108   0.0111   0.0048  -0.0009   0.0048   0.0043
  -0.0583   0.0043  -0.0016
   0.0069   0.0000   0.0054   0.0056   0.0048   0.0000   0.0000   0.0000
   0.0043  -0.0583   0.0313
   0.0729   0.1144   0.2153   0.2153  -0.0016   0.0370   0.0313   0.0370
  -0.0016   0.0313  -0.7515
 
 
  CHI0^-1 - CHI^-1 Matrix 
 
    4.0410   -0.6345    0.0259    0.0264   -0.5159   -0.6114   -0.6654   -0.6114
   -0.5159   -0.6654    0.1265
   -0.6345    4.6356    0.3690    0.3689   -0.9313   -0.7580   -0.9589   -0.7580
   -0.9313   -0.9589    0.5573
    0.0259    0.3690    1.3162    0.6326   -0.6881   -0.3270   -0.5311   -0.3327
   -0.6976   -0.5351    0.7678
    0.0264    0.3689    0.6326    1.3160   -0.6975   -0.3328   -0.5351   -0.3270
   -0.6880   -0.5311    0.7677
   -0.5159   -0.9313   -0.6881   -0.6975    9.9110   -0.9967   -1.0053   -2.4186
   -0.8724   -0.8456   -0.9398
   -0.6114   -0.7580   -0.3270   -0.3328   -0.9967   10.3714   -1.6244   -1.4820
   -2.4186   -1.6123   -0.2084
   -0.6654   -0.9589   -0.5311   -0.5351   -1.0053   -1.6244   10.0155   -1.6123
   -0.8456   -1.7133   -0.5242
   -0.6114   -0.7580   -0.3327   -0.3270   -2.4186   -1.4820   -1.6123   10.3714
   -0.9967   -1.6244   -0.2084
   -0.5159   -0.9313   -0.6976   -0.6880   -0.8724   -2.4186   -0.8456   -0.9967
    9.9111   -1.0053   -0.9398
   -0.6654   -0.9589   -0.5351   -0.5311   -0.8456   -1.6123   -1.7133   -1.6244
   -1.0053   10.0155   -0.5242
    0.1265    0.5573    0.7678    0.7677   -0.9398   -0.2084   -0.5242   -0.2084
   -0.9398   -0.5242    1.1254
  type:            1  U0 =    4.04100034545414     
  type:            2  U0 =    1.31624136579190     
  type:            3  U0 =    9.91104996125853     
 
 
 
  Extrapolation to a supercell            1           1           1
 
  number of atoms in the supercell:          10
 
 
  type1:            1  type2:            1
 
  number of shells:            2
 
  shell  #n: pc, sc, spinp   dist       chi_pc     chi_sc 
 
    1        1   1   1        0.0000    -0.3876    -0.3876
    2        1   1   1        5.1646     0.0146     0.0146
 
  type1:            1  type2:            2
 
  number of shells:            1
 
  shell  #n: pc, sc, spinp   dist       chi_pc     chi_sc 
 
    1        2   2   0        4.5080     0.0072     0.0072
 
  type1:            1  type2:            3
 
  number of shells:            3
 
  shell  #n: pc, sc, spinp   dist       chi_pc     chi_sc 
 
    1        2   2   0        2.9479     0.0541     0.0541
    2        2   2   0        4.4999     0.0270     0.0270
    3        2   2   0        2.3225     0.0270     0.0270
 
  type1:            2  type2:            2
 
  number of shells:            2
 
  shell  #n: pc, sc, spinp   dist       chi_pc     chi_sc 
 
    1        1   1   0        0.0000    -0.3634    -0.3634
    2        1   1   0        5.1646    -0.0159    -0.0159
 
  type1:            2  type2:            3
 
  number of shells:            6
 
  shell  #n: pc, sc, spinp   dist       chi_pc     chi_sc 
 
    1        1   1   0        4.8723     0.0226     0.0226
    2        1   1   0        5.1642     0.0113     0.0113
    3        1   1   0        4.8788     0.0113     0.0113
    4        1   1   0        0.0081     0.0111     0.0111
    5        1   1   0        4.5960     0.0221     0.0221
    6        1   1   0        4.5918     0.0111     0.0111
 
  type1:            3  type2:            3
 
  number of shells:            6
 
  shell  #n: pc, sc, spinp   dist       chi_pc     chi_sc 
 
    1        1   1   0        0.0000    -0.1840    -0.1840
    2        1   1   0        4.6028     0.0092     0.0092
    3        1   1   0        1.2636     0.0092     0.0092
    4        1   1   0        4.8655     0.0094     0.0094
    5        1   1   0        4.6645     0.0084     0.0084
    6        1   1   0        5.1548     0.0084     0.0084
 
  CHI_0 Matrix 
 
  -0.3876   0.0146   0.0072   0.0072   0.0541   0.0270   0.0270   0.0270
   0.0541   0.0270   0.1424
   0.0146  -0.3876   0.0072   0.0072   0.0000   0.0000   0.0000   0.0000
   0.0000   0.0000   0.3587
   0.0072   0.0072  -0.3634  -0.0159   0.0226   0.0113   0.0113   0.0111
   0.0221   0.0111   0.2756
   0.0072   0.0072  -0.0159  -0.3634   0.0221   0.0111   0.0111   0.0113
   0.0226   0.0113   0.2756
   0.0541   0.0000   0.0226   0.0221  -0.1840   0.0092   0.0092   0.0094
   0.0084   0.0084   0.0407
   0.0270   0.0000   0.0113   0.0111   0.0092  -0.1840   0.0000   0.0000
   0.0094   0.0000   0.1161
   0.0270   0.0000   0.0113   0.0111   0.0092   0.0000  -0.1840   0.0000
   0.0084   0.0000   0.1171
   0.0270   0.0000   0.0111   0.0113   0.0094   0.0000   0.0000  -0.1840
   0.0092   0.0000   0.1161
   0.0541   0.0000   0.0221   0.0226   0.0084   0.0094   0.0084   0.0092
  -0.1840   0.0092   0.0407
   0.0270   0.0000   0.0111   0.0113   0.0084   0.0000   0.0000   0.0000
   0.0092  -0.1840   0.1171
   0.1424   0.3587   0.2756   0.2756   0.0407   0.1161   0.1171   0.1161
   0.0407   0.1171  -1.6002
 
 
  CHI Matrix 
 
  -0.1393  -0.0037   0.0073   0.0073   0.0138   0.0069   0.0069   0.0069
   0.0138   0.0069   0.0730
  -0.0037  -0.1393   0.0073   0.0073   0.0000   0.0000   0.0000   0.0000
   0.0000   0.0000   0.1283
   0.0073   0.0073  -0.2774   0.0034   0.0111   0.0056   0.0056   0.0054
   0.0108   0.0054   0.2154
   0.0073   0.0073   0.0034  -0.2774   0.0108   0.0054   0.0054   0.0056
   0.0111   0.0056   0.2154
   0.0138   0.0000   0.0111   0.0108  -0.0583   0.0043   0.0043  -0.0009
   0.0048   0.0048   0.0053
   0.0069   0.0000   0.0056   0.0054   0.0043  -0.0583   0.0000   0.0000
  -0.0009   0.0000   0.0370
   0.0069   0.0000   0.0056   0.0054   0.0043   0.0000  -0.0583   0.0000
   0.0048   0.0000   0.0313
   0.0069   0.0000   0.0054   0.0056  -0.0009   0.0000   0.0000  -0.0583
   0.0043   0.0000   0.0370
   0.0138   0.0000   0.0108   0.0111   0.0048  -0.0009   0.0048   0.0043
  -0.0583   0.0043   0.0053
   0.0069   0.0000   0.0054   0.0056   0.0048   0.0000   0.0000   0.0000
   0.0043  -0.0583   0.0313
   0.0730   0.1283   0.2154   0.2154   0.0053   0.0370   0.0313   0.0370
   0.0053   0.0313  -0.7794
 
 
  CHI0^-1 - CHI^-1 Matrix 
 
    4.0276   -0.6031    0.0011    0.0011   -0.4427   -0.6376   -0.6782   -0.6376
   -0.4427   -0.6782    0.0903
   -0.6031    4.8897    0.4649    0.4649   -1.3317   -0.6613   -0.9569   -0.6613
   -1.3317   -0.9569    0.6833
    0.0011    0.4649    1.2994    0.6158   -0.6633   -0.3485   -0.5418   -0.3542
   -0.6727   -0.5459    0.7452
    0.0011    0.4649    0.6158    1.2994   -0.6727   -0.3542   -0.5459   -0.3485
   -0.6633   -0.5418    0.7452
   -0.4427   -1.3317   -0.6633   -0.6727    9.9543   -0.9566   -0.9679   -2.3785
   -0.8291   -0.8082   -0.9037
   -0.6376   -0.6613   -0.3485   -0.3542   -0.9566   10.3452   -1.6373   -1.5082
   -2.3785   -1.6252   -0.2378
   -0.6782   -0.9569   -0.5418   -0.5459   -0.9679   -1.6373   10.0141   -1.6252
   -0.8082   -1.7147   -0.5381
   -0.6376   -0.6613   -0.3542   -0.3485   -2.3785   -1.5082   -1.6252   10.3452
   -0.9566   -1.6373   -0.2378
   -0.4427   -1.3317   -0.6727   -0.6633   -0.8291   -2.3785   -0.8082   -0.9566
    9.9543   -0.9679   -0.9037
   -0.6782   -0.9569   -0.5459   -0.5418   -0.8082   -1.6252   -1.7147   -1.6373
   -0.9679   10.0141   -0.5381
    0.0903    0.6833    0.7452    0.7452   -0.9037   -0.2378   -0.5381   -0.2378
   -0.9037   -0.5381    1.0951
  type:            1  U1 =    4.02764110378395     
  type:            2  U1 =    1.29937889464343     
  type:            3  U1 =    9.95429268765460     
