 
  number of atoms in the primitive cell:          10
 
 
  CHI_0 Matrix 
 
  -0.4505   0.0943   0.0075   0.0076   0.0499   0.0249   0.0249   0.0249
   0.0499   0.0249   0.0000
   0.0943  -0.4505   0.0076   0.0076   0.0254   0.0000   0.0000   0.0000
   0.0254   0.0000   0.0000
   0.0075   0.0076  -0.3648  -0.0161   0.0231   0.0115   0.0115   0.0109
   0.0219   0.0109   0.0000
   0.0076   0.0076  -0.0161  -0.3648   0.0219   0.0109   0.0109   0.0115
   0.0231   0.0115   0.0000
   0.0499   0.0254   0.0231   0.0219  -0.1672   0.0080   0.0079   0.0078
   0.0076   0.0076   0.0000
   0.0249   0.0000   0.0115   0.0109   0.0080  -0.1672   0.0000   0.0000
   0.0078   0.0000   0.0000
   0.0249   0.0000   0.0115   0.0109   0.0079   0.0000  -0.1672   0.0000
   0.0076   0.0000   0.0000
   0.0249   0.0000   0.0109   0.0115   0.0078   0.0000   0.0000  -0.1672
   0.0080   0.0000   0.0000
   0.0499   0.0254   0.0219   0.0231   0.0076   0.0078   0.0076   0.0080
  -0.1672   0.0079   0.0000
   0.0249   0.0000   0.0109   0.0115   0.0076   0.0000   0.0000   0.0000
   0.0079  -0.1672   0.0000
   0.0000   0.0000   0.0000   0.0000   0.0000   0.0000   0.0000   0.0000
   0.0000   0.0000   1.0000
 
 
  CHI Matrix 
 
  -0.1268  -0.0034   0.0065   0.0066   0.0129   0.0064   0.0064   0.0064
   0.0129   0.0064   0.0000
  -0.0034  -0.1268   0.0066   0.0066   0.0065   0.0000   0.0000   0.0000
   0.0065   0.0000   0.0000
   0.0065   0.0066  -0.2783   0.0037   0.0113   0.0057   0.0057   0.0055
   0.0110   0.0055   0.0000
   0.0066   0.0066   0.0037  -0.2783   0.0110   0.0055   0.0055   0.0057
   0.0113   0.0057   0.0000
   0.0129   0.0065   0.0113   0.0110  -0.0583   0.0042   0.0042   0.0001
   0.0047   0.0047   0.0000
   0.0064   0.0000   0.0057   0.0055   0.0042  -0.0583   0.0000   0.0000
   0.0001   0.0000   0.0000
   0.0064   0.0000   0.0057   0.0055   0.0042   0.0000  -0.0583   0.0000
   0.0047   0.0000   0.0000
   0.0064   0.0000   0.0055   0.0057   0.0001   0.0000   0.0000  -0.0583
   0.0042   0.0000   0.0000
   0.0129   0.0065   0.0110   0.0113   0.0047   0.0001   0.0047   0.0042
  -0.0583   0.0042   0.0000
   0.0064   0.0000   0.0055   0.0057   0.0047   0.0000   0.0000   0.0000
   0.0042  -0.0583   0.0000
   0.0000   0.0000   0.0000   0.0000   0.0000   0.0000   0.0000   0.0000
   0.0000   0.0000   1.0000
 
 
  CHI0^-1 - CHI^-1 Matrix 
 
    6.0075   -0.6173    0.2712    0.2730    1.5371    0.7136    0.9296    0.7136
    1.5371    0.9296    0.0000
   -0.6173    5.5804    0.1395    0.1393    0.4816   -0.0385    0.0563   -0.0385
    0.4816    0.0563    0.0000
    0.2712    0.1395    0.8976    0.2190    0.5698    0.2383    0.3289    0.2393
    0.5727    0.3313    0.0000
    0.2730    0.1393    0.2190    0.8977    0.5732    0.2395    0.3316    0.2385
    0.5702    0.3292    0.0000
    1.5371    0.4816    0.5698    0.5732   12.3072    1.2756    1.5243    0.1505
    2.0713    1.6727    0.0000
    0.7136   -0.0385    0.2383    0.2395    1.2756   11.3809    0.2607    0.1190
    0.1505    0.2704    0.0000
    0.9296    0.0563    0.3289    0.3316    1.5243    0.2607   11.6241    0.2704
    1.6727    0.4414    0.0000
    0.7136   -0.0385    0.2393    0.2385    0.1505    0.1190    0.2704   11.3809
    1.2756    0.2607    0.0000
    1.5371    0.4816    0.5727    0.5702    2.0713    0.1505    1.6727    1.2756
   12.3072    1.5243    0.0000
    0.9296    0.0563    0.3313    0.3292    1.6727    0.2704    0.4414    0.2607
    1.5243   11.6241    0.0000
    0.0000    0.0000    0.0000    0.0000    0.0000    0.0000    0.0000    0.0000
    0.0000    0.0000    0.0000
  type:            1  U0 =    6.00752297073636     
  type:            2  U0 =   0.897574425180365     
  type:            3  U0 =    12.3072155836211     
 
 
 
  Extrapolation to a supercell            1           1           1
 
  number of atoms in the supercell:          10
 
 
  type1:            1  type2:            1
 
  number of shells:            2
 
  shell  #n: pc, sc, spinp   dist       chi_pc     chi_sc 
 
    1        1   1   1        0.0000    -0.4505    -0.4505
    2        1   1   1        5.1646     0.0943     0.0943
 
  type1:            1  type2:            2
 
  number of shells:            1
 
  shell  #n: pc, sc, spinp   dist       chi_pc     chi_sc 
 
    1        2   2   0        4.5080     0.0075     0.0075
 
  type1:            1  type2:            3
 
  number of shells:            3
 
  shell  #n: pc, sc, spinp   dist       chi_pc     chi_sc 
 
    1        2   2   0        2.9479     0.0499     0.0499
    2        2   2   0        4.4999     0.0249     0.0249
    3        2   2   0        2.3225     0.0249     0.0249
 
  type1:            2  type2:            2
 
  number of shells:            2
 
  shell  #n: pc, sc, spinp   dist       chi_pc     chi_sc 
 
    1        1   1   0        0.0000    -0.3648    -0.3648
    2        1   1   0        5.1646    -0.0161    -0.0161
 
  type1:            2  type2:            3
 
  number of shells:            6
 
  shell  #n: pc, sc, spinp   dist       chi_pc     chi_sc 
 
    1        1   1   0        4.8723     0.0231     0.0231
    2        1   1   0        5.1642     0.0115     0.0115
    3        1   1   0        4.8788     0.0115     0.0115
    4        1   1   0        0.0081     0.0109     0.0109
    5        1   1   0        4.5960     0.0219     0.0219
    6        1   1   0        4.5918     0.0109     0.0109
 
  type1:            3  type2:            3
 
  number of shells:            6
 
  shell  #n: pc, sc, spinp   dist       chi_pc     chi_sc 
 
    1        1   1   0        0.0000    -0.1672    -0.1672
    2        1   1   0        4.6028     0.0080     0.0080
    3        1   1   0        1.2636     0.0079     0.0079
    4        1   1   0        4.8655     0.0078     0.0078
    5        1   1   0        4.6645     0.0076     0.0076
    6        1   1   0        5.1548     0.0076     0.0076
 
  CHI_0 Matrix 
 
  -0.4505   0.0943   0.0075   0.0075   0.0499   0.0249   0.0249   0.0249
   0.0499   0.0249   0.0000
   0.0943  -0.4505   0.0075   0.0075   0.0000   0.0000   0.0000   0.0000
   0.0000   0.0000   0.0000
   0.0075   0.0075  -0.3648  -0.0161   0.0231   0.0115   0.0115   0.0109
   0.0219   0.0109   0.0000
   0.0075   0.0075  -0.0161  -0.3648   0.0219   0.0109   0.0109   0.0115
   0.0231   0.0115   0.0000
   0.0499   0.0000   0.0231   0.0219  -0.1672   0.0080   0.0079   0.0078
   0.0076   0.0076   0.0000
   0.0249   0.0000   0.0115   0.0109   0.0080  -0.1672   0.0000   0.0000
   0.0078   0.0000   0.0000
   0.0249   0.0000   0.0115   0.0109   0.0079   0.0000  -0.1672   0.0000
   0.0076   0.0000   0.0000
   0.0249   0.0000   0.0109   0.0115   0.0078   0.0000   0.0000  -0.1672
   0.0080   0.0000   0.0000
   0.0499   0.0000   0.0219   0.0231   0.0076   0.0078   0.0076   0.0080
  -0.1672   0.0079   0.0000
   0.0249   0.0000   0.0109   0.0115   0.0076   0.0000   0.0000   0.0000
   0.0079  -0.1672   0.0000
   0.0000   0.0000   0.0000   0.0000   0.0000   0.0000   0.0000   0.0000
   0.0000   0.0000   1.0000
 
 
  CHI Matrix 
 
  -0.1268  -0.0034   0.0065   0.0065   0.0129   0.0064   0.0064   0.0064
   0.0129   0.0064   0.0000
  -0.0034  -0.1268   0.0065   0.0065   0.0000   0.0000   0.0000   0.0000
   0.0000   0.0000   0.0000
   0.0065   0.0065  -0.2783   0.0037   0.0113   0.0057   0.0057   0.0055
   0.0110   0.0055   0.0000
   0.0065   0.0065   0.0037  -0.2783   0.0110   0.0055   0.0055   0.0057
   0.0113   0.0057   0.0000
   0.0129   0.0000   0.0113   0.0110  -0.0583   0.0042   0.0042   0.0001
   0.0047   0.0047   0.0000
   0.0064   0.0000   0.0057   0.0055   0.0042  -0.0583   0.0000   0.0000
   0.0001   0.0000   0.0000
   0.0064   0.0000   0.0057   0.0055   0.0042   0.0000  -0.0583   0.0000
   0.0047   0.0000   0.0000
   0.0064   0.0000   0.0055   0.0057   0.0001   0.0000   0.0000  -0.0583
   0.0042   0.0000   0.0000
   0.0129   0.0000   0.0110   0.0113   0.0047   0.0001   0.0047   0.0042
  -0.0583   0.0042   0.0000
   0.0064   0.0000   0.0055   0.0057   0.0047   0.0000   0.0000   0.0000
   0.0042  -0.0583   0.0000
   0.0000   0.0000   0.0000   0.0000   0.0000   0.0000   0.0000   0.0000
   0.0000   0.0000   1.0000
 
 
  CHI0^-1 - CHI^-1 Matrix 
 
    6.0803   -0.7489    0.2883    0.2883    1.6695    0.7388    0.9533    0.7388
    1.6695    0.9533    0.0000
   -0.7489    5.5660    0.0898    0.0898   -0.1883   -0.1002   -0.0967   -0.1002
   -0.1883   -0.0967    0.0000
    0.2883    0.0898    0.8977    0.2190    0.5639    0.2411    0.3282    0.2421
    0.5668    0.3305    0.0000
    0.2883    0.0898    0.2190    0.8977    0.5668    0.2421    0.3305    0.2411
    0.5639    0.3282    0.0000
    1.6695   -0.1883    0.5639    0.5668   12.3106    1.2965    1.5311    0.1714
    2.0747    1.6795    0.0000
    0.7388   -0.1002    0.2411    0.2421    1.2965   11.3873    0.2651    0.1254
    0.1714    0.2748    0.0000
    0.9533   -0.0967    0.3282    0.3305    1.5311    0.2651   11.6255    0.2748
    1.6795    0.4428    0.0000
    0.7388   -0.1002    0.2421    0.2411    0.1714    0.1254    0.2748   11.3873
    1.2965    0.2651    0.0000
    1.6695   -0.1883    0.5668    0.5639    2.0747    0.1714    1.6795    1.2965
   12.3106    1.5311    0.0000
    0.9533   -0.0967    0.3305    0.3282    1.6795    0.2748    0.4428    0.2651
    1.5311   11.6255    0.0000
    0.0000    0.0000    0.0000    0.0000    0.0000    0.0000    0.0000    0.0000
    0.0000    0.0000    0.0000
  type:            1  U1 =    6.08029286791627     
  type:            2  U1 =   0.897684404002258     
  type:            3  U1 =    12.3105977925571     
