 
  number of atoms in the primitive cell:          10
 
 
  CHI_0 Matrix 
 
  -0.4505   0.0943   0.0075   0.0076   0.0499   0.0249   0.0249   0.0249
   0.0499   0.0249   0.1418
   0.0943  -0.4505   0.0076   0.0076   0.0254   0.0000   0.0000   0.0000
   0.0254   0.0000   0.2902
   0.0075   0.0076  -0.3648  -0.0161   0.0231   0.0115   0.0115   0.0109
   0.0219   0.0109   0.2757
   0.0076   0.0076  -0.0161  -0.3648   0.0219   0.0109   0.0109   0.0115
   0.0231   0.0115   0.2756
   0.0499   0.0254   0.0231   0.0219  -0.1672   0.0080   0.0079   0.0078
   0.0076   0.0076   0.0081
   0.0249   0.0000   0.0115   0.0109   0.0080  -0.1672   0.0000   0.0000
   0.0078   0.0000   0.1041
   0.0249   0.0000   0.0115   0.0109   0.0079   0.0000  -0.1672   0.0000
   0.0076   0.0000   0.1043
   0.0249   0.0000   0.0109   0.0115   0.0078   0.0000   0.0000  -0.1672
   0.0080   0.0000   0.1041
   0.0499   0.0254   0.0219   0.0231   0.0076   0.0078   0.0076   0.0080
  -0.1672   0.0079   0.0081
   0.0249   0.0000   0.0109   0.0115   0.0076   0.0000   0.0000   0.0000
   0.0079  -0.1672   0.1043
   0.1418   0.2902   0.2757   0.2756   0.0081   0.1041   0.1043   0.1041
   0.0081   0.1043  -1.4163
 
 
  CHI Matrix 
 
  -0.1268  -0.0034   0.0065   0.0066   0.0129   0.0064   0.0064   0.0064
   0.0129   0.0064   0.0656
  -0.0034  -0.1268   0.0066   0.0066   0.0065   0.0000   0.0000   0.0000
   0.0065   0.0000   0.1040
   0.0065   0.0066  -0.2783   0.0037   0.0113   0.0057   0.0057   0.0055
   0.0110   0.0055   0.2167
   0.0066   0.0066   0.0037  -0.2783   0.0110   0.0055   0.0055   0.0057
   0.0113   0.0057   0.2166
   0.0129   0.0065   0.0113   0.0110  -0.0583   0.0042   0.0042   0.0001
   0.0047   0.0047  -0.0014
   0.0064   0.0000   0.0057   0.0055   0.0042  -0.0583   0.0000   0.0000
   0.0001   0.0000   0.0364
   0.0064   0.0000   0.0057   0.0055   0.0042   0.0000  -0.0583   0.0000
   0.0047   0.0000   0.0317
   0.0064   0.0000   0.0055   0.0057   0.0001   0.0000   0.0000  -0.0583
   0.0042   0.0000   0.0364
   0.0129   0.0065   0.0110   0.0113   0.0047   0.0001   0.0047   0.0042
  -0.0583   0.0042  -0.0014
   0.0064   0.0000   0.0055   0.0057   0.0047   0.0000   0.0000   0.0000
   0.0042  -0.0583   0.0317
   0.0656   0.1040   0.2167   0.2166  -0.0014   0.0364   0.0317   0.0364
  -0.0014   0.0317  -0.7362
 
 
  CHI0^-1 - CHI^-1 Matrix 
 
    4.8843   -1.1901   -0.0804   -0.0789   -0.4833   -0.6200   -0.6613   -0.6200
   -0.4833   -0.6613   -0.0055
   -1.1901    5.5580    0.3382    0.3377   -0.9883   -0.8218   -0.9842   -0.8218
   -0.9883   -0.9842    0.5449
   -0.0804    0.3382    1.3175    0.6386   -0.6790   -0.3238   -0.4904   -0.3228
   -0.6760   -0.4881    0.7661
   -0.0789    0.3377    0.6386    1.3170   -0.6759   -0.3229   -0.4881   -0.3239
   -0.6788   -0.4905    0.7658
   -0.4833   -0.9883   -0.6790   -0.6759    9.3898   -0.9552   -0.9637   -2.0803
   -0.8461   -0.8154   -0.9026
   -0.6200   -0.8218   -0.3238   -0.3229   -0.9552    9.8368   -1.5407   -1.4251
   -2.0803   -1.5310   -0.2159
   -0.6613   -0.9842   -0.4904   -0.4881   -0.9637   -1.5407    9.5654   -1.5310
   -0.8154   -1.6173   -0.4732
   -0.6200   -0.8218   -0.3228   -0.3239   -2.0803   -1.4251   -1.5310    9.8368
   -0.9552   -1.5407   -0.2159
   -0.4833   -0.9883   -0.6760   -0.6788   -0.8461   -2.0803   -0.8154   -0.9552
    9.3898   -0.9637   -0.9026
   -0.6613   -0.9842   -0.4881   -0.4905   -0.8154   -1.5310   -1.6173   -1.5407
   -0.9637    9.5654   -0.4732
   -0.0055    0.5449    0.7661    0.7658   -0.9026   -0.2159   -0.4732   -0.2159
   -0.9026   -0.4732    1.1122
  type:            1  U0 =    4.88428362075938     
  type:            2  U0 =    1.31751686530234     
  type:            3  U0 =    9.38977912797304     
 
 
 
  Extrapolation to a supercell            1           1           1
 
  number of atoms in the supercell:          10
 
 
  type1:            1  type2:            1
 
  number of shells:            2
 
  shell  #n: pc, sc, spinp   dist       chi_pc     chi_sc 
 
    1        1   1   1        0.0000    -0.4505    -0.4505
    2        1   1   1        5.1646     0.0943     0.0943
 
  type1:            1  type2:            2
 
  number of shells:            1
 
  shell  #n: pc, sc, spinp   dist       chi_pc     chi_sc 
 
    1        2   2   0        4.5080     0.0075     0.0075
 
  type1:            1  type2:            3
 
  number of shells:            3
 
  shell  #n: pc, sc, spinp   dist       chi_pc     chi_sc 
 
    1        2   2   0        2.9479     0.0499     0.0499
    2        2   2   0        4.4999     0.0249     0.0249
    3        2   2   0        2.3225     0.0249     0.0249
 
  type1:            2  type2:            2
 
  number of shells:            2
 
  shell  #n: pc, sc, spinp   dist       chi_pc     chi_sc 
 
    1        1   1   0        0.0000    -0.3648    -0.3648
    2        1   1   0        5.1646    -0.0161    -0.0161
 
  type1:            2  type2:            3
 
  number of shells:            6
 
  shell  #n: pc, sc, spinp   dist       chi_pc     chi_sc 
 
    1        1   1   0        4.8723     0.0231     0.0231
    2        1   1   0        5.1642     0.0115     0.0115
    3        1   1   0        4.8788     0.0115     0.0115
    4        1   1   0        0.0081     0.0109     0.0109
    5        1   1   0        4.5960     0.0219     0.0219
    6        1   1   0        4.5918     0.0109     0.0109
 
  type1:            3  type2:            3
 
  number of shells:            6
 
  shell  #n: pc, sc, spinp   dist       chi_pc     chi_sc 
 
    1        1   1   0        0.0000    -0.1672    -0.1672
    2        1   1   0        4.6028     0.0080     0.0080
    3        1   1   0        1.2636     0.0079     0.0079
    4        1   1   0        4.8655     0.0078     0.0078
    5        1   1   0        4.6645     0.0076     0.0076
    6        1   1   0        5.1548     0.0076     0.0076
 
  CHI_0 Matrix 
 
  -0.4505   0.0943   0.0075   0.0075   0.0499   0.0249   0.0249   0.0249
   0.0499   0.0249   0.1419
   0.0943  -0.4505   0.0075   0.0075   0.0000   0.0000   0.0000   0.0000
   0.0000   0.0000   0.3412
   0.0075   0.0075  -0.3648  -0.0161   0.0231   0.0115   0.0115   0.0109
   0.0219   0.0109   0.2758
   0.0075   0.0075  -0.0161  -0.3648   0.0219   0.0109   0.0109   0.0115
   0.0231   0.0115   0.2758
   0.0499   0.0000   0.0231   0.0219  -0.1672   0.0080   0.0079   0.0078
   0.0076   0.0076   0.0335
   0.0249   0.0000   0.0115   0.0109   0.0080  -0.1672   0.0000   0.0000
   0.0078   0.0000   0.1041
   0.0249   0.0000   0.0115   0.0109   0.0079   0.0000  -0.1672   0.0000
   0.0076   0.0000   0.1043
   0.0249   0.0000   0.0109   0.0115   0.0078   0.0000   0.0000  -0.1672
   0.0080   0.0000   0.1041
   0.0499   0.0000   0.0219   0.0231   0.0076   0.0078   0.0076   0.0080
  -0.1672   0.0079   0.0335
   0.0249   0.0000   0.0109   0.0115   0.0076   0.0000   0.0000   0.0000
   0.0079  -0.1672   0.1043
   0.1419   0.3412   0.2758   0.2758   0.0335   0.1041   0.1043   0.1041
   0.0335   0.1043  -1.5185
 
 
  CHI Matrix 
 
  -0.1268  -0.0034   0.0065   0.0065   0.0129   0.0064   0.0064   0.0064
   0.0129   0.0064   0.0656
  -0.0034  -0.1268   0.0065   0.0065   0.0000   0.0000   0.0000   0.0000
   0.0000   0.0000   0.1172
   0.0065   0.0065  -0.2783   0.0037   0.0113   0.0057   0.0057   0.0055
   0.0110   0.0055   0.2168
   0.0065   0.0065   0.0037  -0.2783   0.0110   0.0055   0.0055   0.0057
   0.0113   0.0057   0.2168
   0.0129   0.0000   0.0113   0.0110  -0.0583   0.0042   0.0042   0.0001
   0.0047   0.0047   0.0051
   0.0064   0.0000   0.0057   0.0055   0.0042  -0.0583   0.0000   0.0000
   0.0001   0.0000   0.0364
   0.0064   0.0000   0.0057   0.0055   0.0042   0.0000  -0.0583   0.0000
   0.0047   0.0000   0.0317
   0.0064   0.0000   0.0055   0.0057   0.0001   0.0000   0.0000  -0.0583
   0.0042   0.0000   0.0364
   0.0129   0.0000   0.0110   0.0113   0.0047   0.0001   0.0047   0.0042
  -0.0583   0.0042   0.0051
   0.0064   0.0000   0.0055   0.0057   0.0047   0.0000   0.0000   0.0000
   0.0042  -0.0583   0.0317
   0.0656   0.1172   0.2168   0.2168   0.0051   0.0364   0.0317   0.0364
   0.0051   0.0317  -0.7627
 
 
  CHI0^-1 - CHI^-1 Matrix 
 
    4.8721   -1.1930   -0.1141   -0.1141   -0.3609   -0.6522   -0.6824   -0.6522
   -0.3609   -0.6824   -0.0599
   -1.1930    5.8860    0.4515    0.4515   -1.4546   -0.7272   -0.9683   -0.7272
   -1.4546   -0.9683    0.7042
   -0.1141    0.4515    1.3011    0.6225   -0.6607   -0.3441   -0.5018   -0.3431
   -0.6578   -0.4994    0.7459
   -0.1141    0.4515    0.6225    1.3011   -0.6578   -0.3431   -0.4994   -0.3441
   -0.6607   -0.5018    0.7459
   -0.3609   -1.4546   -0.6607   -0.6578    9.4580   -0.9168   -0.9268   -2.0418
   -0.7779   -0.7784   -0.8821
   -0.6522   -0.7272   -0.3441   -0.3431   -0.9168    9.8134   -1.5535   -1.4484
   -2.0418   -1.5437   -0.2427
   -0.6824   -0.9683   -0.5018   -0.4994   -0.9268   -1.5535    9.5623   -1.5437
   -0.7784   -1.6205   -0.4874
   -0.6522   -0.7272   -0.3431   -0.3441   -2.0418   -1.4484   -1.5437    9.8134
   -0.9168   -1.5535   -0.2427
   -0.3609   -1.4546   -0.6578   -0.6607   -0.7779   -2.0418   -0.7784   -0.9168
    9.4580   -0.9268   -0.8821
   -0.6824   -0.9683   -0.4994   -0.5018   -0.7784   -1.5437   -1.6205   -1.5535
   -0.9268    9.5623   -0.4874
   -0.0599    0.7042    0.7459    0.7459   -0.8821   -0.2427   -0.4874   -0.2427
   -0.8821   -0.4874    1.0884
  type:            1  U1 =    4.87207826790135     
  type:            2  U1 =    1.30109805020933     
  type:            3  U1 =    9.45797300139407     
