 
  number of atoms in the primitive cell:          10
 
 
  CHI_0 Matrix 
 
  -0.9497   0.6345   0.0061   0.0067   0.0308   0.0125   0.0125   0.0125
   0.0308   0.0125   0.1910
   0.6345  -0.9497   0.0067   0.0067   0.0207   0.0000   0.0000   0.0000
   0.0207   0.0000   0.2605
   0.0061   0.0067  -0.1838  -0.0084   0.0111   0.0055   0.0055   0.0051
   0.0104   0.0051   0.1367
   0.0067   0.0067  -0.0084  -0.1838   0.0104   0.0051   0.0051   0.0055
   0.0111   0.0055   0.1361
   0.0308   0.0207   0.0111   0.0104  -0.0831   0.0045   0.0045   0.0037
   0.0041   0.0041  -0.0107
   0.0125   0.0000   0.0055   0.0051   0.0045  -0.0831   0.0000   0.0000
   0.0037   0.0000   0.0519
   0.0125   0.0000   0.0055   0.0051   0.0045   0.0000  -0.0831   0.0000
   0.0041   0.0000   0.0515
   0.0125   0.0000   0.0051   0.0055   0.0037   0.0000   0.0000  -0.0831
   0.0045   0.0000   0.0519
   0.0308   0.0207   0.0104   0.0111   0.0041   0.0037   0.0041   0.0045
  -0.0831   0.0045  -0.0107
   0.0125   0.0000   0.0051   0.0055   0.0041   0.0000   0.0000   0.0000
   0.0045  -0.0831   0.0515
   0.1910   0.2605   0.1367   0.1361  -0.0107   0.0519   0.0515   0.0519
  -0.0107   0.0515  -0.9095
 
 
  CHI Matrix 
 
  -0.6279   0.4046   0.0071   0.0093   0.0127   0.0066   0.0066   0.0066
   0.0127   0.0066   0.1549
   0.4046  -0.6279   0.0093   0.0093   0.0106   0.0000   0.0000   0.0000
   0.0106   0.0000   0.1834
   0.0071   0.0093  -0.1403   0.0015   0.0054   0.0027   0.0027   0.0028
   0.0057   0.0028   0.1004
   0.0093   0.0093   0.0015  -0.1403   0.0057   0.0028   0.0028   0.0027
   0.0054   0.0027   0.0982
   0.0127   0.0106   0.0054   0.0057  -0.0335   0.0028   0.0028  -0.0005
   0.0029   0.0029  -0.0119
   0.0066   0.0000   0.0027   0.0028   0.0028  -0.0335   0.0000   0.0000
  -0.0005   0.0000   0.0190
   0.0066   0.0000   0.0027   0.0028   0.0028   0.0000  -0.0335   0.0000
   0.0029   0.0000   0.0156
   0.0066   0.0000   0.0028   0.0027  -0.0005   0.0000   0.0000  -0.0335
   0.0028   0.0000   0.0190
   0.0127   0.0106   0.0057   0.0054   0.0029  -0.0005   0.0029   0.0028
  -0.0335   0.0028  -0.0119
   0.0066   0.0000   0.0028   0.0027   0.0029   0.0000   0.0000   0.0000
   0.0028  -0.0335   0.0156
   0.1549   0.1834   0.1004   0.0982  -0.0119   0.0190   0.0156   0.0190
  -0.0119   0.0156  -0.5825
 
 
  CHI0^-1 - CHI^-1 Matrix 
 
    1.4756    1.1808    0.7471    0.7694   -1.1808   -0.5801   -0.8898   -0.5803
   -1.1811   -0.8899    1.1292
    1.1808    1.5615    0.7992    0.8079   -1.1649   -0.6352   -0.9604   -0.6353
   -1.1650   -0.9605    1.1719
    0.7471    0.7992    2.2383    0.8787   -1.3158   -0.6610   -1.0056   -0.5929
   -1.2085   -0.9440    1.0645
    0.7694    0.8079    0.8787    2.2161   -1.1930   -0.6001   -0.9472   -0.6680
   -1.3000   -1.0087    1.0449
   -1.1808   -1.1649   -1.3158   -1.1930   15.2417   -1.3185   -1.2718   -3.9390
   -1.0054   -1.1662   -1.6863
   -0.5801   -0.6352   -0.6610   -0.6001   -1.3185   15.6944   -2.5895   -2.3858
   -3.9388   -2.5837   -0.4016
   -0.8898   -0.9604   -1.0056   -0.9472   -1.2718   -2.5895   15.0923   -2.5837
   -1.1661   -2.7199   -0.9582
   -0.5803   -0.6353   -0.5929   -0.6680   -3.9390   -2.3858   -2.5837   15.6946
   -1.3185   -2.5895   -0.4015
   -1.1811   -1.1650   -1.2085   -1.3000   -1.0054   -3.9388   -1.1661   -1.3185
   15.2413   -1.2718   -1.6861
   -0.8899   -0.9605   -0.9440   -1.0087   -1.1662   -2.5837   -2.7199   -2.5895
   -1.2718   15.0923   -0.9581
    1.1292    1.1719    1.0645    1.0449   -1.6863   -0.4016   -0.9582   -0.4015
   -1.6861   -0.9581    1.6815
  type:            1  U0 =    1.47562546631646     
  type:            2  U0 =    2.23831797574243     
  type:            3  U0 =    15.2416765590456     
 
 
 
  Extrapolation to a supercell            1           1           1
 
  number of atoms in the supercell:          10
 
 
  type1:            1  type2:            1
 
  number of shells:            2
 
  shell  #n: pc, sc, spinp   dist       chi_pc     chi_sc 
 
    1        1   1   1        0.0000    -0.9497    -0.9497
    2        1   1   1        5.1646     0.6345     0.6345
 
  type1:            1  type2:            2
 
  number of shells:            1
 
  shell  #n: pc, sc, spinp   dist       chi_pc     chi_sc 
 
    1        2   2   0        4.5080     0.0061     0.0061
 
  type1:            1  type2:            3
 
  number of shells:            3
 
  shell  #n: pc, sc, spinp   dist       chi_pc     chi_sc 
 
    1        2   2   0        2.9479     0.0308     0.0308
    2        2   2   0        4.4999     0.0125     0.0125
    3        2   2   0        2.3225     0.0125     0.0125
 
  type1:            2  type2:            2
 
  number of shells:            2
 
  shell  #n: pc, sc, spinp   dist       chi_pc     chi_sc 
 
    1        1   1   0        0.0000    -0.1838    -0.1838
    2        1   1   0        5.1646    -0.0084    -0.0084
 
  type1:            2  type2:            3
 
  number of shells:            6
 
  shell  #n: pc, sc, spinp   dist       chi_pc     chi_sc 
 
    1        1   1   0        4.8723     0.0111     0.0111
    2        1   1   0        5.1642     0.0055     0.0055
    3        1   1   0        4.8788     0.0055     0.0055
    4        1   1   0        0.0081     0.0051     0.0051
    5        1   1   0        4.5960     0.0104     0.0104
    6        1   1   0        4.5918     0.0051     0.0051
 
  type1:            3  type2:            3
 
  number of shells:            6
 
  shell  #n: pc, sc, spinp   dist       chi_pc     chi_sc 
 
    1        1   1   0        0.0000    -0.0831    -0.0831
    2        1   1   0        4.6028     0.0045     0.0045
    3        1   1   0        1.2636     0.0045     0.0045
    4        1   1   0        4.8655     0.0037     0.0037
    5        1   1   0        4.6645     0.0041     0.0041
    6        1   1   0        5.1548     0.0041     0.0041
 
  CHI_0 Matrix 
 
  -0.9497   0.6345   0.0061   0.0061   0.0308   0.0125   0.0125   0.0125
   0.0308   0.0125   0.1916
   0.6345  -0.9497   0.0061   0.0061   0.0000   0.0000   0.0000   0.0000
   0.0000   0.0000   0.3030
   0.0061   0.0061  -0.1838  -0.0084   0.0111   0.0055   0.0055   0.0051
   0.0104   0.0051   0.1372
   0.0061   0.0061  -0.0084  -0.1838   0.0104   0.0051   0.0051   0.0055
   0.0111   0.0055   0.1372
   0.0308   0.0000   0.0111   0.0104  -0.0831   0.0045   0.0045   0.0037
   0.0041   0.0041   0.0100
   0.0125   0.0000   0.0055   0.0051   0.0045  -0.0831   0.0000   0.0000
   0.0037   0.0000   0.0519
   0.0125   0.0000   0.0055   0.0051   0.0045   0.0000  -0.0831   0.0000
   0.0041   0.0000   0.0515
   0.0125   0.0000   0.0051   0.0055   0.0037   0.0000   0.0000  -0.0831
   0.0045   0.0000   0.0519
   0.0308   0.0000   0.0104   0.0111   0.0041   0.0037   0.0041   0.0045
  -0.0831   0.0045   0.0100
   0.0125   0.0000   0.0051   0.0055   0.0041   0.0000   0.0000   0.0000
   0.0045  -0.0831   0.0515
   0.1916   0.3030   0.1372   0.1372   0.0100   0.0519   0.0515   0.0519
   0.0100   0.0515  -0.9956
 
 
  CHI Matrix 
 
  -0.6279   0.4046   0.0071   0.0071   0.0127   0.0066   0.0066   0.0066
   0.0127   0.0066   0.1571
   0.4046  -0.6279   0.0071   0.0071   0.0000   0.0000   0.0000   0.0000
   0.0000   0.0000   0.2091
   0.0071   0.0071  -0.1403   0.0015   0.0054   0.0027   0.0027   0.0028
   0.0057   0.0028   0.1027
   0.0071   0.0071   0.0015  -0.1403   0.0057   0.0028   0.0028   0.0027
   0.0054   0.0027   0.1027
   0.0127   0.0000   0.0054   0.0057  -0.0335   0.0028   0.0028  -0.0005
   0.0029   0.0029  -0.0013
   0.0066   0.0000   0.0027   0.0028   0.0028  -0.0335   0.0000   0.0000
  -0.0005   0.0000   0.0190
   0.0066   0.0000   0.0027   0.0028   0.0028   0.0000  -0.0335   0.0000
   0.0029   0.0000   0.0156
   0.0066   0.0000   0.0028   0.0027  -0.0005   0.0000   0.0000  -0.0335
   0.0028   0.0000   0.0190
   0.0127   0.0000   0.0057   0.0054   0.0029  -0.0005   0.0029   0.0028
  -0.0335   0.0028  -0.0013
   0.0066   0.0000   0.0028   0.0027   0.0029   0.0000   0.0000   0.0000
   0.0028  -0.0335   0.0156
   0.1571   0.2091   0.1027   0.1027  -0.0013   0.0190   0.0156   0.0190
  -0.0013   0.0156  -0.6383
 
 
  CHI0^-1 - CHI^-1 Matrix 
 
    1.5545    1.3026    0.7393    0.7393   -1.2435   -0.5741   -0.9083   -0.5741
   -1.2435   -0.9083    1.1160
    1.3026    1.7292    0.8180    0.8180   -1.3691   -0.5923   -0.9782   -0.5923
   -1.3691   -0.9782    1.2113
    0.7393    0.8180    2.1957    0.8476   -1.1947   -0.7043   -1.0124   -0.6362
   -1.0876   -0.9509    0.9854
    0.7393    0.8180    0.8476    2.1957   -1.0876   -0.6362   -0.9509   -0.7043
   -1.1947   -1.0124    0.9854
   -1.2435   -1.3691   -1.1947   -1.0876   15.0123   -1.2120   -1.2409   -3.8323
   -1.2346   -1.1352   -1.4626
   -0.5741   -0.5923   -0.7043   -0.6362   -1.2120   15.6524   -2.5989   -2.4279
   -3.8323   -2.5931   -0.4814
   -0.9083   -0.9782   -1.0124   -0.9509   -1.2409   -2.5989   15.1011   -2.5931
   -1.1352   -2.7111   -0.9722
   -0.5741   -0.5923   -0.6362   -0.7043   -3.8323   -2.4279   -2.5931   15.6524
   -1.2120   -2.5989   -0.4814
   -1.2435   -1.3691   -1.0876   -1.1947   -1.2346   -3.8323   -1.1352   -1.2120
   15.0123   -1.2409   -1.4626
   -0.9083   -0.9782   -0.9509   -1.0124   -1.1352   -2.5931   -2.7111   -2.5989
   -1.2409   15.1011   -0.9722
    1.1160    1.2113    0.9854    0.9854   -1.4626   -0.4814   -0.9722   -0.4814
   -1.4626   -0.9722    1.5343
  type:            1  U1 =    1.55451834991963     
  type:            2  U1 =    2.19572438383002     
  type:            3  U1 =    15.0123146398360     
