 
  number of atoms in the primitive cell:          10
 
 
  CHI_0 Matrix 
 
  -0.9497   0.6345   0.0061   0.0067   0.0308   0.0125   0.0125   0.0125
   0.0308   0.0125   0.0000
   0.6345  -0.9497   0.0067   0.0067   0.0207   0.0000   0.0000   0.0000
   0.0207   0.0000   0.0000
   0.0061   0.0067  -0.1838  -0.0084   0.0111   0.0055   0.0055   0.0051
   0.0104   0.0051   0.0000
   0.0067   0.0067  -0.0084  -0.1838   0.0104   0.0051   0.0051   0.0055
   0.0111   0.0055   0.0000
   0.0308   0.0207   0.0111   0.0104  -0.0831   0.0045   0.0045   0.0037
   0.0041   0.0041   0.0000
   0.0125   0.0000   0.0055   0.0051   0.0045  -0.0831   0.0000   0.0000
   0.0037   0.0000   0.0000
   0.0125   0.0000   0.0055   0.0051   0.0045   0.0000  -0.0831   0.0000
   0.0041   0.0000   0.0000
   0.0125   0.0000   0.0051   0.0055   0.0037   0.0000   0.0000  -0.0831
   0.0045   0.0000   0.0000
   0.0308   0.0207   0.0104   0.0111   0.0041   0.0037   0.0041   0.0045
  -0.0831   0.0045   0.0000
   0.0125   0.0000   0.0051   0.0055   0.0041   0.0000   0.0000   0.0000
   0.0045  -0.0831   0.0000
   0.0000   0.0000   0.0000   0.0000   0.0000   0.0000   0.0000   0.0000
   0.0000   0.0000   1.0000
 
 
  CHI Matrix 
 
  -0.6279   0.4046   0.0071   0.0093   0.0127   0.0066   0.0066   0.0066
   0.0127   0.0066   0.0000
   0.4046  -0.6279   0.0093   0.0093   0.0106   0.0000   0.0000   0.0000
   0.0106   0.0000   0.0000
   0.0071   0.0093  -0.1403   0.0015   0.0054   0.0027   0.0027   0.0028
   0.0057   0.0028   0.0000
   0.0093   0.0093   0.0015  -0.1403   0.0057   0.0028   0.0028   0.0027
   0.0054   0.0027   0.0000
   0.0127   0.0106   0.0054   0.0057  -0.0335   0.0028   0.0028  -0.0005
   0.0029   0.0029   0.0000
   0.0066   0.0000   0.0027   0.0028   0.0028  -0.0335   0.0000   0.0000
  -0.0005   0.0000   0.0000
   0.0066   0.0000   0.0027   0.0028   0.0028   0.0000  -0.0335   0.0000
   0.0029   0.0000   0.0000
   0.0066   0.0000   0.0028   0.0027  -0.0005   0.0000   0.0000  -0.0335
   0.0028   0.0000   0.0000
   0.0127   0.0106   0.0057   0.0054   0.0029  -0.0005   0.0029   0.0028
  -0.0335   0.0028   0.0000
   0.0066   0.0000   0.0028   0.0027   0.0029   0.0000   0.0000   0.0000
   0.0028  -0.0335   0.0000
   0.0000   0.0000   0.0000   0.0000   0.0000   0.0000   0.0000   0.0000
   0.0000   0.0000   1.0000
 
 
  CHI0^-1 - CHI^-1 Matrix 
 
    0.8988    0.5612    0.2349    0.2768    1.0578    0.3738    0.6208    0.3735
    1.0573    0.6205    0.0000
    0.5612    0.8993    0.2444    0.2726    1.0310    0.2760    0.5074    0.2758
    1.0307    0.5072    0.0000
    0.2349    0.2444    1.7909    0.4507    0.9876    0.3576    0.5696    0.4256
    1.0946    0.6311    0.0000
    0.2768    0.2726    0.4507    1.8077    1.1298    0.4381    0.6476    0.3700
    1.0226    0.5860    0.0000
    1.0578    1.0310    0.9876    1.1298   20.2958    2.4509    3.0543   -0.1697
    4.0485    3.1597    0.0000
    0.3738    0.2760    0.3576    0.4381    2.4509   18.1792    0.4518    0.0987
   -0.1696    0.4575    0.0000
    0.6208    0.5074    0.5696    0.6476    3.0543    0.4518   18.6902    0.4574
    3.1598    0.8779    0.0000
    0.3735    0.2758    0.4256    0.3700   -0.1697    0.0987    0.4574   18.1790
    2.4505    0.4516    0.0000
    1.0573    1.0307    1.0946    1.0226    4.0485   -0.1696    3.1598    2.4505
   20.2950    3.0539    0.0000
    0.6205    0.5072    0.6311    0.5860    3.1597    0.4575    0.8779    0.4516
    3.0539   18.6900    0.0000
    0.0000    0.0000    0.0000    0.0000    0.0000    0.0000    0.0000    0.0000
    0.0000    0.0000    0.0000
  type:            1  U0 =   0.898780244463770     
  type:            2  U0 =    1.79085490079607     
  type:            3  U0 =    20.2957990396991     
 
 
 
  Extrapolation to a supercell            1           1           1
 
  number of atoms in the supercell:          10
 
 
  type1:            1  type2:            1
 
  number of shells:            2
 
  shell  #n: pc, sc, spinp   dist       chi_pc     chi_sc 
 
    1        1   1   1        0.0000    -0.9497    -0.9497
    2        1   1   1        5.1646     0.6345     0.6345
 
  type1:            1  type2:            2
 
  number of shells:            1
 
  shell  #n: pc, sc, spinp   dist       chi_pc     chi_sc 
 
    1        2   2   0        4.5080     0.0061     0.0061
 
  type1:            1  type2:            3
 
  number of shells:            3
 
  shell  #n: pc, sc, spinp   dist       chi_pc     chi_sc 
 
    1        2   2   0        2.9479     0.0308     0.0308
    2        2   2   0        4.4999     0.0125     0.0125
    3        2   2   0        2.3225     0.0125     0.0125
 
  type1:            2  type2:            2
 
  number of shells:            2
 
  shell  #n: pc, sc, spinp   dist       chi_pc     chi_sc 
 
    1        1   1   0        0.0000    -0.1838    -0.1838
    2        1   1   0        5.1646    -0.0084    -0.0084
 
  type1:            2  type2:            3
 
  number of shells:            6
 
  shell  #n: pc, sc, spinp   dist       chi_pc     chi_sc 
 
    1        1   1   0        4.8723     0.0111     0.0111
    2        1   1   0        5.1642     0.0055     0.0055
    3        1   1   0        4.8788     0.0055     0.0055
    4        1   1   0        0.0081     0.0051     0.0051
    5        1   1   0        4.5960     0.0104     0.0104
    6        1   1   0        4.5918     0.0051     0.0051
 
  type1:            3  type2:            3
 
  number of shells:            6
 
  shell  #n: pc, sc, spinp   dist       chi_pc     chi_sc 
 
    1        1   1   0        0.0000    -0.0831    -0.0831
    2        1   1   0        4.6028     0.0045     0.0045
    3        1   1   0        1.2636     0.0045     0.0045
    4        1   1   0        4.8655     0.0037     0.0037
    5        1   1   0        4.6645     0.0041     0.0041
    6        1   1   0        5.1548     0.0041     0.0041
 
  CHI_0 Matrix 
 
  -0.9497   0.6345   0.0061   0.0061   0.0308   0.0125   0.0125   0.0125
   0.0308   0.0125   0.0000
   0.6345  -0.9497   0.0061   0.0061   0.0000   0.0000   0.0000   0.0000
   0.0000   0.0000   0.0000
   0.0061   0.0061  -0.1838  -0.0084   0.0111   0.0055   0.0055   0.0051
   0.0104   0.0051   0.0000
   0.0061   0.0061  -0.0084  -0.1838   0.0104   0.0051   0.0051   0.0055
   0.0111   0.0055   0.0000
   0.0308   0.0000   0.0111   0.0104  -0.0831   0.0045   0.0045   0.0037
   0.0041   0.0041   0.0000
   0.0125   0.0000   0.0055   0.0051   0.0045  -0.0831   0.0000   0.0000
   0.0037   0.0000   0.0000
   0.0125   0.0000   0.0055   0.0051   0.0045   0.0000  -0.0831   0.0000
   0.0041   0.0000   0.0000
   0.0125   0.0000   0.0051   0.0055   0.0037   0.0000   0.0000  -0.0831
   0.0045   0.0000   0.0000
   0.0308   0.0000   0.0104   0.0111   0.0041   0.0037   0.0041   0.0045
  -0.0831   0.0045   0.0000
   0.0125   0.0000   0.0051   0.0055   0.0041   0.0000   0.0000   0.0000
   0.0045  -0.0831   0.0000
   0.0000   0.0000   0.0000   0.0000   0.0000   0.0000   0.0000   0.0000
   0.0000   0.0000   1.0000
 
 
  CHI Matrix 
 
  -0.6279   0.4046   0.0071   0.0071   0.0127   0.0066   0.0066   0.0066
   0.0127   0.0066   0.0000
   0.4046  -0.6279   0.0071   0.0071   0.0000   0.0000   0.0000   0.0000
   0.0000   0.0000   0.0000
   0.0071   0.0071  -0.1403   0.0015   0.0054   0.0027   0.0027   0.0028
   0.0057   0.0028   0.0000
   0.0071   0.0071   0.0015  -0.1403   0.0057   0.0028   0.0028   0.0027
   0.0054   0.0027   0.0000
   0.0127   0.0000   0.0054   0.0057  -0.0335   0.0028   0.0028  -0.0005
   0.0029   0.0029   0.0000
   0.0066   0.0000   0.0027   0.0028   0.0028  -0.0335   0.0000   0.0000
  -0.0005   0.0000   0.0000
   0.0066   0.0000   0.0027   0.0028   0.0028   0.0000  -0.0335   0.0000
   0.0029   0.0000   0.0000
   0.0066   0.0000   0.0028   0.0027  -0.0005   0.0000   0.0000  -0.0335
   0.0028   0.0000   0.0000
   0.0127   0.0000   0.0057   0.0054   0.0029  -0.0005   0.0029   0.0028
  -0.0335   0.0028   0.0000
   0.0066   0.0000   0.0028   0.0027   0.0029   0.0000   0.0000   0.0000
   0.0028  -0.0335   0.0000
   0.0000   0.0000   0.0000   0.0000   0.0000   0.0000   0.0000   0.0000
   0.0000   0.0000   1.0000
 
 
  CHI0^-1 - CHI^-1 Matrix 
 
    0.8568    0.5097    0.1722    0.1722    0.6375    0.3255    0.4823    0.3255
    0.6375    0.4823    0.0000
    0.5097    0.8410    0.1556    0.1556    0.4166    0.2122    0.3171    0.2122
    0.4166    0.3171    0.0000
    0.1722    0.1556    1.7592    0.4110    0.8168    0.3260    0.5087    0.3940
    0.9239    0.5703    0.0000
    0.1722    0.1556    0.4110    1.7592    0.9239    0.3940    0.5703    0.3260
    0.8168    0.5087    0.0000
    0.6375    0.4166    0.8168    0.9239   19.4719    2.2664    2.7283   -0.3540
    3.2250    2.8340    0.0000
    0.3255    0.2122    0.3260    0.3940    2.2664   18.1495    0.3891    0.0692
   -0.3540    0.3949    0.0000
    0.4823    0.3171    0.5087    0.5703    2.7283    0.3891   18.5799    0.3949
    2.8340    0.7677    0.0000
    0.3255    0.2122    0.3940    0.3260   -0.3540    0.0692    0.3949   18.1495
    2.2664    0.3891    0.0000
    0.6375    0.4166    0.9239    0.8168    3.2250   -0.3540    2.8340    2.2664
   19.4719    2.7283    0.0000
    0.4823    0.3171    0.5703    0.5087    2.8340    0.3949    0.7677    0.3891
    2.7283   18.5799    0.0000
    0.0000    0.0000    0.0000    0.0000    0.0000    0.0000    0.0000    0.0000
    0.0000    0.0000    0.0000
  type:            1  U1 =   0.856801415275525     
  type:            2  U1 =    1.75915385849175     
  type:            3  U1 =    19.4718846969521     
