 
  number of atoms in the primitive cell:          10
 
 
  CHI_0 Matrix 
 
  -0.8422   0.4966   0.0083   0.0085   0.0458   0.0229   0.0229   0.0229
   0.0458   0.0229   0.1458
   0.4966  -0.8422   0.0085   0.0085   0.0232   0.0000   0.0000   0.0000
   0.0232   0.0000   0.2822
   0.0083   0.0085  -0.3671  -0.0164   0.0237   0.0118   0.0118   0.0109
   0.0219   0.0109   0.2756
   0.0085   0.0085  -0.0164  -0.3671   0.0219   0.0109   0.0109   0.0118
   0.0237   0.0118   0.2753
   0.0458   0.0232   0.0237   0.0219  -0.1522   0.0072   0.0072   0.0075
   0.0070   0.0070   0.0017
   0.0229   0.0000   0.0118   0.0109   0.0072  -0.1522   0.0000   0.0000
   0.0075   0.0000   0.0918
   0.0229   0.0000   0.0118   0.0109   0.0072   0.0000  -0.1522   0.0000
   0.0070   0.0000   0.0924
   0.0229   0.0000   0.0109   0.0118   0.0075   0.0000   0.0000  -0.1522
   0.0072   0.0000   0.0918
   0.0458   0.0232   0.0219   0.0237   0.0070   0.0075   0.0070   0.0072
  -0.1522   0.0072   0.0017
   0.0229   0.0000   0.0109   0.0118   0.0070   0.0000   0.0000   0.0000
   0.0072  -0.1522   0.0924
   0.1458   0.2822   0.2756   0.2753   0.0017   0.0918   0.0924   0.0918
   0.0017   0.0924  -1.3508
 
 
  CHI Matrix 
 
  -0.1254   0.0010   0.0064   0.0065   0.0122   0.0061   0.0061   0.0061
   0.0122   0.0061   0.0628
   0.0010  -0.1254   0.0065   0.0065   0.0061   0.0000   0.0000   0.0000
   0.0061   0.0000   0.0992
   0.0064   0.0065  -0.2797   0.0036   0.0117   0.0058   0.0058   0.0057
   0.0114   0.0057   0.2172
   0.0065   0.0065   0.0036  -0.2797   0.0114   0.0057   0.0057   0.0058
   0.0117   0.0058   0.2171
   0.0122   0.0061   0.0117   0.0114  -0.0575   0.0040   0.0040   0.0014
   0.0046   0.0046  -0.0024
   0.0061   0.0000   0.0058   0.0057   0.0040  -0.0575   0.0000   0.0000
   0.0014   0.0000   0.0345
   0.0061   0.0000   0.0058   0.0057   0.0040   0.0000  -0.0575   0.0000
   0.0046   0.0000   0.0313
   0.0061   0.0000   0.0057   0.0058   0.0014   0.0000   0.0000  -0.0575
   0.0040   0.0000   0.0345
   0.0122   0.0061   0.0114   0.0117   0.0046   0.0014   0.0046   0.0040
  -0.0575   0.0040  -0.0024
   0.0061   0.0000   0.0057   0.0058   0.0046   0.0000   0.0000   0.0000
   0.0040  -0.0575   0.0313
   0.0628   0.0992   0.2172   0.2171  -0.0024   0.0345   0.0313   0.0345
  -0.0024   0.0313  -0.7232
 
 
  CHI0^-1 - CHI^-1 Matrix 
 
    5.3908   -1.5622   -0.1357   -0.1347   -0.4693   -0.6154   -0.6505   -0.6154
   -0.4693   -0.6505   -0.0877
   -1.5622    6.1491    0.3440    0.3431   -1.0589   -0.8757   -0.9907   -0.8757
   -1.0590   -0.9907    0.5766
   -0.1357    0.3440    1.3184    0.6397   -0.6825   -0.3410   -0.4603   -0.3338
   -0.6659   -0.4522    0.7692
   -0.1347    0.3431    0.6397    1.3183   -0.6659   -0.3338   -0.4521   -0.3410
   -0.6825   -0.4603    0.7692
   -0.4693   -1.0589   -0.6825   -0.6659    9.0335   -0.9563   -0.9629   -1.7079
   -0.8305   -0.8075   -0.8917
   -0.6154   -0.8757   -0.3410   -0.3338   -0.9563    9.4502   -1.4881   -1.4046
   -1.7079   -1.4812   -0.2463
   -0.6505   -0.9907   -0.4603   -0.4521   -0.9629   -1.4881    9.2741   -1.4812
   -0.8075   -1.5482   -0.4326
   -0.6154   -0.8757   -0.3338   -0.3410   -1.7079   -1.4046   -1.4812    9.4502
   -0.9563   -1.4881   -0.2463
   -0.4693   -1.0590   -0.6659   -0.6825   -0.8305   -1.7079   -0.8075   -0.9563
    9.0335   -0.9629   -0.8917
   -0.6505   -0.9907   -0.4522   -0.4603   -0.8075   -1.4812   -1.5482   -1.4881
   -0.9629    9.2741   -0.4326
   -0.0877    0.5766    0.7692    0.7692   -0.8917   -0.2463   -0.4326   -0.2463
   -0.8917   -0.4326    1.1140
  type:            1  U0 =    5.39078337768280     
  type:            2  U0 =    1.31842959280821     
  type:            3  U0 =    9.03347375487927     
 
 
 
  Extrapolation to a supercell            1           1           1
 
  number of atoms in the supercell:          10
 
 
  type1:            1  type2:            1
 
  number of shells:            2
 
  shell  #n: pc, sc, spinp   dist       chi_pc     chi_sc 
 
    1        1   1   1        0.0000    -0.8422    -0.8422
    2        1   1   1        5.1646     0.4966     0.4966
 
  type1:            1  type2:            2
 
  number of shells:            1
 
  shell  #n: pc, sc, spinp   dist       chi_pc     chi_sc 
 
    1        2   2   0        4.5080     0.0083     0.0083
 
  type1:            1  type2:            3
 
  number of shells:            3
 
  shell  #n: pc, sc, spinp   dist       chi_pc     chi_sc 
 
    1        2   2   0        2.9479     0.0458     0.0458
    2        2   2   0        4.4999     0.0229     0.0229
    3        2   2   0        2.3225     0.0229     0.0229
 
  type1:            2  type2:            2
 
  number of shells:            2
 
  shell  #n: pc, sc, spinp   dist       chi_pc     chi_sc 
 
    1        1   1   0        0.0000    -0.3671    -0.3671
    2        1   1   0        5.1646    -0.0164    -0.0164
 
  type1:            2  type2:            3
 
  number of shells:            6
 
  shell  #n: pc, sc, spinp   dist       chi_pc     chi_sc 
 
    1        1   1   0        4.8723     0.0237     0.0237
    2        1   1   0        5.1642     0.0118     0.0118
    3        1   1   0        4.8788     0.0118     0.0118
    4        1   1   0        0.0081     0.0109     0.0109
    5        1   1   0        4.5960     0.0219     0.0219
    6        1   1   0        4.5918     0.0109     0.0109
 
  type1:            3  type2:            3
 
  number of shells:            6
 
  shell  #n: pc, sc, spinp   dist       chi_pc     chi_sc 
 
    1        1   1   0        0.0000    -0.1522    -0.1522
    2        1   1   0        4.6028     0.0072     0.0072
    3        1   1   0        1.2636     0.0072     0.0072
    4        1   1   0        4.8655     0.0075     0.0075
    5        1   1   0        4.6645     0.0070     0.0070
    6        1   1   0        5.1548     0.0070     0.0070
 
  CHI_0 Matrix 
 
  -0.8422   0.4966   0.0083   0.0083   0.0458   0.0229   0.0229   0.0229
   0.0458   0.0229   0.1461
   0.4966  -0.8422   0.0083   0.0083   0.0000   0.0000   0.0000   0.0000
   0.0000   0.0000   0.3291
   0.0083   0.0083  -0.3671  -0.0164   0.0237   0.0118   0.0118   0.0109
   0.0219   0.0109   0.2759
   0.0083   0.0083  -0.0164  -0.3671   0.0219   0.0109   0.0109   0.0118
   0.0237   0.0118   0.2759
   0.0458   0.0000   0.0237   0.0219  -0.1522   0.0072   0.0072   0.0075
   0.0070   0.0070   0.0249
   0.0229   0.0000   0.0118   0.0109   0.0072  -0.1522   0.0000   0.0000
   0.0075   0.0000   0.0918
   0.0229   0.0000   0.0118   0.0109   0.0072   0.0000  -0.1522   0.0000
   0.0070   0.0000   0.0924
   0.0229   0.0000   0.0109   0.0118   0.0075   0.0000   0.0000  -0.1522
   0.0072   0.0000   0.0918
   0.0458   0.0000   0.0219   0.0237   0.0070   0.0075   0.0070   0.0072
  -0.1522   0.0072   0.0249
   0.0229   0.0000   0.0109   0.0118   0.0070   0.0000   0.0000   0.0000
   0.0072  -0.1522   0.0924
   0.1461   0.3291   0.2759   0.2759   0.0249   0.0918   0.0924   0.0918
   0.0249   0.0924  -1.4453
 
 
  CHI Matrix 
 
  -0.1254   0.0010   0.0064   0.0064   0.0122   0.0061   0.0061   0.0061
   0.0122   0.0061   0.0629
   0.0010  -0.1254   0.0064   0.0064   0.0000   0.0000   0.0000   0.0000
   0.0000   0.0000   0.1116
   0.0064   0.0064  -0.2797   0.0036   0.0117   0.0058   0.0058   0.0057
   0.0114   0.0057   0.2173
   0.0064   0.0064   0.0036  -0.2797   0.0114   0.0057   0.0057   0.0058
   0.0117   0.0058   0.2173
   0.0122   0.0000   0.0117   0.0114  -0.0575   0.0040   0.0040   0.0014
   0.0046   0.0046   0.0037
   0.0061   0.0000   0.0058   0.0057   0.0040  -0.0575   0.0000   0.0000
   0.0014   0.0000   0.0345
   0.0061   0.0000   0.0058   0.0057   0.0040   0.0000  -0.0575   0.0000
   0.0046   0.0000   0.0313
   0.0061   0.0000   0.0057   0.0058   0.0014   0.0000   0.0000  -0.0575
   0.0040   0.0000   0.0345
   0.0122   0.0000   0.0114   0.0117   0.0046   0.0014   0.0046   0.0040
  -0.0575   0.0040   0.0037
   0.0061   0.0000   0.0057   0.0058   0.0046   0.0000   0.0000   0.0000
   0.0040  -0.0575   0.0313
   0.0629   0.1116   0.2173   0.2173   0.0037   0.0345   0.0313   0.0345
   0.0037   0.0313  -0.7482
 
 
  CHI0^-1 - CHI^-1 Matrix 
 
    5.3604   -1.5738   -0.1740   -0.1740   -0.3072   -0.6522   -0.6819   -0.6522
   -0.3072   -0.6819   -0.1560
   -1.5738    6.5148    0.4669    0.4669   -1.5671   -0.7910   -0.9587   -0.7910
   -1.5671   -0.9587    0.7587
   -0.1740    0.4669    1.3034    0.6247   -0.6726   -0.3587   -0.4714   -0.3516
   -0.6560   -0.4633    0.7527
   -0.1740    0.4669    0.6247    1.3034   -0.6560   -0.3516   -0.4633   -0.3587
   -0.6726   -0.4714    0.7527
   -0.3072   -1.5671   -0.6726   -0.6560    9.1240   -0.9200   -0.9284   -1.6716
   -0.7399   -0.7730   -0.8883
   -0.6522   -0.7910   -0.3587   -0.3516   -0.9200    9.4310   -1.5000   -1.4238
   -1.6716   -1.4931   -0.2691
   -0.6819   -0.9587   -0.4714   -0.4633   -0.9284   -1.5000    9.2690   -1.4931
   -0.7730   -1.5533   -0.4459
   -0.6522   -0.7910   -0.3516   -0.3587   -1.6716   -1.4238   -1.4931    9.4310
   -0.9200   -1.5000   -0.2691
   -0.3072   -1.5671   -0.6560   -0.6726   -0.7399   -1.6716   -0.7730   -0.9200
    9.1240   -0.9284   -0.8883
   -0.6819   -0.9587   -0.4633   -0.4714   -0.7730   -1.4931   -1.5533   -1.5000
   -0.9284    9.2690   -0.4459
   -0.1560    0.7587    0.7527    0.7527   -0.8883   -0.2691   -0.4459   -0.2691
   -0.8883   -0.4459    1.0986
  type:            1  U1 =    5.36038867704229     
  type:            2  U1 =    1.30338727266367     
  type:            3  U1 =    9.12403156402516     
