 
  number of atoms in the primitive cell:          10
 
 
  CHI_0 Matrix 
 
  -0.8422   0.4966   0.0083   0.0085   0.0458   0.0229   0.0229   0.0229
   0.0458   0.0229   0.0000
   0.4966  -0.8422   0.0085   0.0085   0.0232   0.0000   0.0000   0.0000
   0.0232   0.0000   0.0000
   0.0083   0.0085  -0.3671  -0.0164   0.0237   0.0118   0.0118   0.0109
   0.0219   0.0109   0.0000
   0.0085   0.0085  -0.0164  -0.3671   0.0219   0.0109   0.0109   0.0118
   0.0237   0.0118   0.0000
   0.0458   0.0232   0.0237   0.0219  -0.1522   0.0072   0.0072   0.0075
   0.0070   0.0070   0.0000
   0.0229   0.0000   0.0118   0.0109   0.0072  -0.1522   0.0000   0.0000
   0.0075   0.0000   0.0000
   0.0229   0.0000   0.0118   0.0109   0.0072   0.0000  -0.1522   0.0000
   0.0070   0.0000   0.0000
   0.0229   0.0000   0.0109   0.0118   0.0075   0.0000   0.0000  -0.1522
   0.0072   0.0000   0.0000
   0.0458   0.0232   0.0219   0.0237   0.0070   0.0075   0.0070   0.0072
  -0.1522   0.0072   0.0000
   0.0229   0.0000   0.0109   0.0118   0.0070   0.0000   0.0000   0.0000
   0.0072  -0.1522   0.0000
   0.0000   0.0000   0.0000   0.0000   0.0000   0.0000   0.0000   0.0000
   0.0000   0.0000   1.0000
 
 
  CHI Matrix 
 
  -0.1254   0.0010   0.0064   0.0065   0.0122   0.0061   0.0061   0.0061
   0.0122   0.0061   0.0000
   0.0010  -0.1254   0.0065   0.0065   0.0061   0.0000   0.0000   0.0000
   0.0061   0.0000   0.0000
   0.0064   0.0065  -0.2797   0.0036   0.0117   0.0058   0.0058   0.0057
   0.0114   0.0057   0.0000
   0.0065   0.0065   0.0036  -0.2797   0.0114   0.0057   0.0057   0.0058
   0.0117   0.0058   0.0000
   0.0122   0.0061   0.0117   0.0114  -0.0575   0.0040   0.0040   0.0014
   0.0046   0.0046   0.0000
   0.0061   0.0000   0.0058   0.0057   0.0040  -0.0575   0.0000   0.0000
   0.0014   0.0000   0.0000
   0.0061   0.0000   0.0058   0.0057   0.0040   0.0000  -0.0575   0.0000
   0.0046   0.0000   0.0000
   0.0061   0.0000   0.0057   0.0058   0.0014   0.0000   0.0000  -0.0575
   0.0040   0.0000   0.0000
   0.0122   0.0061   0.0114   0.0117   0.0046   0.0014   0.0046   0.0040
  -0.0575   0.0040   0.0000
   0.0061   0.0000   0.0057   0.0058   0.0046   0.0000   0.0000   0.0000
   0.0040  -0.0575   0.0000
   0.0000   0.0000   0.0000   0.0000   0.0000   0.0000   0.0000   0.0000
   0.0000   0.0000   1.0000
 
 
  CHI0^-1 - CHI^-1 Matrix 
 
    6.6802   -0.9371    0.2968    0.2978    1.6242    0.8326    0.9838    0.8326
    1.6241    0.9838    0.0000
   -0.9371    6.1098    0.1122    0.1113    0.3702   -0.0919   -0.0207   -0.0919
    0.3702   -0.0207    0.0000
    0.2968    0.1122    0.8940    0.2153    0.5541    0.2502    0.3171    0.2573
    0.5707    0.3252    0.0000
    0.2978    0.1113    0.2153    0.8940    0.5707    0.2574    0.3253    0.2502
    0.5540    0.3172    0.0000
    1.6242    0.3702    0.5541    0.5707   11.9310    1.2958    1.4755    0.5442
    2.0671    1.6309    0.0000
    0.8326   -0.0919    0.2502    0.2574    1.2958   11.0569    0.3049    0.2022
    0.5442    0.3118    0.0000
    0.9838   -0.0207    0.3171    0.3253    1.4755    0.3049   11.2534    0.3118
    1.6309    0.4311    0.0000
    0.8326   -0.0919    0.2573    0.2502    0.5442    0.2022    0.3118   11.0569
    1.2958    0.3049    0.0000
    1.6241    0.3702    0.5707    0.5540    2.0671    0.5442    1.6309    1.2958
   11.9310    1.4754    0.0000
    0.9838   -0.0207    0.3252    0.3172    1.6309    0.3118    0.4311    0.3049
    1.4754   11.2534    0.0000
    0.0000    0.0000    0.0000    0.0000    0.0000    0.0000    0.0000    0.0000
    0.0000    0.0000    0.0000
  type:            1  U0 =    6.68018027609084     
  type:            2  U0 =   0.894023381651927     
  type:            3  U0 =    11.9310012440124     
 
 
 
  Extrapolation to a supercell            1           1           1
 
  number of atoms in the supercell:          10
 
 
  type1:            1  type2:            1
 
  number of shells:            2
 
  shell  #n: pc, sc, spinp   dist       chi_pc     chi_sc 
 
    1        1   1   1        0.0000    -0.8422    -0.8422
    2        1   1   1        5.1646     0.4966     0.4966
 
  type1:            1  type2:            2
 
  number of shells:            1
 
  shell  #n: pc, sc, spinp   dist       chi_pc     chi_sc 
 
    1        2   2   0        4.5080     0.0083     0.0083
 
  type1:            1  type2:            3
 
  number of shells:            3
 
  shell  #n: pc, sc, spinp   dist       chi_pc     chi_sc 
 
    1        2   2   0        2.9479     0.0458     0.0458
    2        2   2   0        4.4999     0.0229     0.0229
    3        2   2   0        2.3225     0.0229     0.0229
 
  type1:            2  type2:            2
 
  number of shells:            2
 
  shell  #n: pc, sc, spinp   dist       chi_pc     chi_sc 
 
    1        1   1   0        0.0000    -0.3671    -0.3671
    2        1   1   0        5.1646    -0.0164    -0.0164
 
  type1:            2  type2:            3
 
  number of shells:            6
 
  shell  #n: pc, sc, spinp   dist       chi_pc     chi_sc 
 
    1        1   1   0        4.8723     0.0237     0.0237
    2        1   1   0        5.1642     0.0118     0.0118
    3        1   1   0        4.8788     0.0118     0.0118
    4        1   1   0        0.0081     0.0109     0.0109
    5        1   1   0        4.5960     0.0219     0.0219
    6        1   1   0        4.5918     0.0109     0.0109
 
  type1:            3  type2:            3
 
  number of shells:            6
 
  shell  #n: pc, sc, spinp   dist       chi_pc     chi_sc 
 
    1        1   1   0        0.0000    -0.1522    -0.1522
    2        1   1   0        4.6028     0.0072     0.0072
    3        1   1   0        1.2636     0.0072     0.0072
    4        1   1   0        4.8655     0.0075     0.0075
    5        1   1   0        4.6645     0.0070     0.0070
    6        1   1   0        5.1548     0.0070     0.0070
 
  CHI_0 Matrix 
 
  -0.8422   0.4966   0.0083   0.0083   0.0458   0.0229   0.0229   0.0229
   0.0458   0.0229   0.0000
   0.4966  -0.8422   0.0083   0.0083   0.0000   0.0000   0.0000   0.0000
   0.0000   0.0000   0.0000
   0.0083   0.0083  -0.3671  -0.0164   0.0237   0.0118   0.0118   0.0109
   0.0219   0.0109   0.0000
   0.0083   0.0083  -0.0164  -0.3671   0.0219   0.0109   0.0109   0.0118
   0.0237   0.0118   0.0000
   0.0458   0.0000   0.0237   0.0219  -0.1522   0.0072   0.0072   0.0075
   0.0070   0.0070   0.0000
   0.0229   0.0000   0.0118   0.0109   0.0072  -0.1522   0.0000   0.0000
   0.0075   0.0000   0.0000
   0.0229   0.0000   0.0118   0.0109   0.0072   0.0000  -0.1522   0.0000
   0.0070   0.0000   0.0000
   0.0229   0.0000   0.0109   0.0118   0.0075   0.0000   0.0000  -0.1522
   0.0072   0.0000   0.0000
   0.0458   0.0000   0.0219   0.0237   0.0070   0.0075   0.0070   0.0072
  -0.1522   0.0072   0.0000
   0.0229   0.0000   0.0109   0.0118   0.0070   0.0000   0.0000   0.0000
   0.0072  -0.1522   0.0000
   0.0000   0.0000   0.0000   0.0000   0.0000   0.0000   0.0000   0.0000
   0.0000   0.0000   1.0000
 
 
  CHI Matrix 
 
  -0.1254   0.0010   0.0064   0.0064   0.0122   0.0061   0.0061   0.0061
   0.0122   0.0061   0.0000
   0.0010  -0.1254   0.0064   0.0064   0.0000   0.0000   0.0000   0.0000
   0.0000   0.0000   0.0000
   0.0064   0.0064  -0.2797   0.0036   0.0117   0.0058   0.0058   0.0057
   0.0114   0.0057   0.0000
   0.0064   0.0064   0.0036  -0.2797   0.0114   0.0057   0.0057   0.0058
   0.0117   0.0058   0.0000
   0.0122   0.0000   0.0117   0.0114  -0.0575   0.0040   0.0040   0.0014
   0.0046   0.0046   0.0000
   0.0061   0.0000   0.0058   0.0057   0.0040  -0.0575   0.0000   0.0000
   0.0014   0.0000   0.0000
   0.0061   0.0000   0.0058   0.0057   0.0040   0.0000  -0.0575   0.0000
   0.0046   0.0000   0.0000
   0.0061   0.0000   0.0057   0.0058   0.0014   0.0000   0.0000  -0.0575
   0.0040   0.0000   0.0000
   0.0122   0.0000   0.0114   0.0117   0.0046   0.0014   0.0046   0.0040
  -0.0575   0.0040   0.0000
   0.0061   0.0000   0.0057   0.0058   0.0046   0.0000   0.0000   0.0000
   0.0040  -0.0575   0.0000
   0.0000   0.0000   0.0000   0.0000   0.0000   0.0000   0.0000   0.0000
   0.0000   0.0000   1.0000
 
 
  CHI0^-1 - CHI^-1 Matrix 
 
    6.7710   -1.0778    0.3279    0.3279    1.8357    0.8715    1.0186    0.8715
    1.8357    1.0186    0.0000
   -1.0778    6.0960    0.0542    0.0542   -0.3388   -0.1820   -0.1729   -0.1820
   -0.3388   -0.1729    0.0000
    0.3279    0.0542    0.8966    0.2180    0.5616    0.2563    0.3204    0.2634
    0.5783    0.3286    0.0000
    0.3279    0.0542    0.2180    0.8966    0.5783    0.2634    0.3286    0.2563
    0.5616    0.3204    0.0000
    1.8357   -0.3388    0.5616    0.5783   11.9993    1.3360    1.5044    0.5844
    2.1353    1.6598    0.0000
    0.8715   -0.1820    0.2563    0.2634    1.3360   11.0677    0.3136    0.2129
    0.5844    0.3205    0.0000
    1.0186   -0.1729    0.3204    0.3286    1.5044    0.3136   11.2595    0.3205
    1.6598    0.4371    0.0000
    0.8715   -0.1820    0.2634    0.2563    0.5844    0.2129    0.3205   11.0677
    1.3360    0.3136    0.0000
    1.8357   -0.3388    0.5783    0.5616    2.1353    0.5844    1.6598    1.3360
   11.9993    1.5044    0.0000
    1.0186   -0.1729    0.3286    0.3204    1.6598    0.3205    0.4371    0.3136
    1.5044   11.2595    0.0000
    0.0000    0.0000    0.0000    0.0000    0.0000    0.0000    0.0000    0.0000
    0.0000    0.0000    0.0000
  type:            1  U1 =    6.77095623871334     
  type:            2  U1 =   0.896643728636812     
  type:            3  U1 =    11.9992771461203     
