 
  number of atoms in the primitive cell:          10
 
 
  CHI_0 Matrix 
 
  -0.3816   0.0035   0.0071   0.0071   0.0555   0.0277   0.0277   0.0277
   0.0555   0.0277   0.1421
   0.0035  -0.3816   0.0071   0.0071   0.0283   0.0000   0.0000   0.0000
   0.0283   0.0000   0.3072
   0.0071   0.0071  -0.3632  -0.0159   0.0224   0.0112   0.0112   0.0111
   0.0222   0.0111   0.2756
   0.0071   0.0071  -0.0159  -0.3632   0.0222   0.0111   0.0111   0.0112
   0.0224   0.0112   0.2755
   0.0555   0.0283   0.0224   0.0222  -0.1909   0.0098   0.0099   0.0103
   0.0088   0.0088   0.0148
   0.0277   0.0000   0.0112   0.0111   0.0098  -0.1909   0.0000   0.0000
   0.0103   0.0000   0.1207
   0.0277   0.0000   0.0112   0.0111   0.0099   0.0000  -0.1909   0.0000
   0.0088   0.0000   0.1223
   0.0277   0.0000   0.0111   0.0112   0.0103   0.0000   0.0000  -0.1909
   0.0098   0.0000   0.1207
   0.0555   0.0283   0.0222   0.0224   0.0088   0.0103   0.0088   0.0098
  -0.1909   0.0099   0.0148
   0.0277   0.0000   0.0111   0.0112   0.0088   0.0000   0.0000   0.0000
   0.0099  -0.1909   0.1223
   0.1421   0.3072   0.2756   0.2755   0.0148   0.1207   0.1223   0.1207
   0.0148   0.1223  -1.5161
 
 
  CHI Matrix 
 
  -0.1434  -0.0035   0.0075   0.0076   0.0142   0.0071   0.0071   0.0071
   0.0142   0.0071   0.0750
  -0.0035  -0.1434   0.0076   0.0076   0.0071   0.0000   0.0000   0.0000
   0.0071   0.0000   0.1175
   0.0075   0.0076  -0.2774   0.0031   0.0110   0.0056   0.0056   0.0054
   0.0107   0.0054   0.2155
   0.0076   0.0076   0.0031  -0.2774   0.0107   0.0054   0.0054   0.0056
   0.0110   0.0056   0.2153
   0.0142   0.0071   0.0110   0.0107  -0.0585   0.0044   0.0044  -0.0013
   0.0049   0.0049  -0.0018
   0.0071   0.0000   0.0056   0.0054   0.0044  -0.0585   0.0000   0.0000
  -0.0013   0.0000   0.0373
   0.0071   0.0000   0.0056   0.0054   0.0044   0.0000  -0.0585   0.0000
   0.0049   0.0000   0.0311
   0.0071   0.0000   0.0054   0.0056  -0.0013   0.0000   0.0000  -0.0585
   0.0044   0.0000   0.0373
   0.0142   0.0071   0.0107   0.0110   0.0049  -0.0013   0.0049   0.0044
  -0.0585   0.0044  -0.0018
   0.0071   0.0000   0.0054   0.0056   0.0049   0.0000   0.0000   0.0000
   0.0044  -0.0585   0.0311
   0.0750   0.1175   0.2155   0.2153  -0.0018   0.0373   0.0311   0.0373
  -0.0018   0.0311  -0.7566
 
 
  CHI0^-1 - CHI^-1 Matrix 
 
    3.8235   -0.5056    0.0494    0.0515   -0.5149   -0.6068   -0.6654   -0.6068
   -0.5149   -0.6654    0.1554
   -0.5056    4.4047    0.3823    0.3817   -0.9187   -0.7387   -0.9572   -0.7387
   -0.9187   -0.9572    0.5662
    0.0494    0.3823    1.3190    0.6329   -0.7008   -0.3207   -0.5437   -0.3287
   -0.7142   -0.5499    0.7744
    0.0515    0.3817    0.6329    1.3182   -0.7139   -0.3289   -0.5500   -0.3209
   -0.7005   -0.5438    0.7738
   -0.5149   -0.9187   -0.7008   -0.7139   10.0437   -0.9903   -0.9987   -2.5456
   -0.8688   -0.8338   -0.9580
   -0.6068   -0.7387   -0.3207   -0.3289   -0.9903   10.5098   -1.6481   -1.4953
   -2.5456   -1.6351   -0.2002
   -0.6654   -0.9572   -0.5437   -0.5500   -0.9987   -1.6481   10.1165   -1.6351
   -0.8338   -1.7402   -0.5442
   -0.6068   -0.7387   -0.3287   -0.3209   -2.5456   -1.4953   -1.6351   10.5098
   -0.9903   -1.6481   -0.2002
   -0.5149   -0.9187   -0.7142   -0.7005   -0.8688   -2.5456   -0.8338   -0.9903
   10.0437   -0.9987   -0.9580
   -0.6654   -0.9572   -0.5499   -0.5438   -0.8338   -1.6351   -1.7402   -1.6481
   -0.9987   10.1165   -0.5442
    0.1554    0.5662    0.7744    0.7738   -0.9580   -0.2002   -0.5442   -0.2002
   -0.9580   -0.5442    1.1352
  type:            1  U0 =    3.82352966438991     
  type:            2  U0 =    1.31901717085478     
  type:            3  U0 =    10.0437000377025     
 
 
 
  Extrapolation to a supercell            1           1           1
 
  number of atoms in the supercell:          10
 
 
  type1:            1  type2:            1
 
  number of shells:            2
 
  shell  #n: pc, sc, spinp   dist       chi_pc     chi_sc 
 
    1        1   1   1        0.0000    -0.3816    -0.3816
    2        1   1   1        5.1646     0.0035     0.0035
 
  type1:            1  type2:            2
 
  number of shells:            1
 
  shell  #n: pc, sc, spinp   dist       chi_pc     chi_sc 
 
    1        2   2   0        4.5080     0.0071     0.0071
 
  type1:            1  type2:            3
 
  number of shells:            3
 
  shell  #n: pc, sc, spinp   dist       chi_pc     chi_sc 
 
    1        2   2   0        2.9479     0.0555     0.0555
    2        2   2   0        4.4999     0.0277     0.0277
    3        2   2   0        2.3225     0.0277     0.0277
 
  type1:            2  type2:            2
 
  number of shells:            2
 
  shell  #n: pc, sc, spinp   dist       chi_pc     chi_sc 
 
    1        1   1   0        0.0000    -0.3632    -0.3632
    2        1   1   0        5.1646    -0.0159    -0.0159
 
  type1:            2  type2:            3
 
  number of shells:            6
 
  shell  #n: pc, sc, spinp   dist       chi_pc     chi_sc 
 
    1        1   1   0        4.8723     0.0224     0.0224
    2        1   1   0        5.1642     0.0112     0.0112
    3        1   1   0        4.8788     0.0112     0.0112
    4        1   1   0        0.0081     0.0111     0.0111
    5        1   1   0        4.5960     0.0222     0.0222
    6        1   1   0        4.5918     0.0111     0.0111
 
  type1:            3  type2:            3
 
  number of shells:            6
 
  shell  #n: pc, sc, spinp   dist       chi_pc     chi_sc 
 
    1        1   1   0        0.0000    -0.1909    -0.1909
    2        1   1   0        4.6028     0.0098     0.0098
    3        1   1   0        1.2636     0.0099     0.0099
    4        1   1   0        4.8655     0.0103     0.0103
    5        1   1   0        4.6645     0.0088     0.0088
    6        1   1   0        5.1548     0.0088     0.0088
 
  CHI_0 Matrix 
 
  -0.3816   0.0035   0.0071   0.0071   0.0555   0.0277   0.0277   0.0277
   0.0555   0.0277   0.1422
   0.0035  -0.3816   0.0071   0.0071   0.0000   0.0000   0.0000   0.0000
   0.0000   0.0000   0.3640
   0.0071   0.0071  -0.3632  -0.0159   0.0224   0.0112   0.0112   0.0111
   0.0222   0.0111   0.2756
   0.0071   0.0071  -0.0159  -0.3632   0.0222   0.0111   0.0111   0.0112
   0.0224   0.0112   0.2756
   0.0555   0.0000   0.0224   0.0222  -0.1909   0.0098   0.0099   0.0103
   0.0088   0.0088   0.0432
   0.0277   0.0000   0.0112   0.0111   0.0098  -0.1909   0.0000   0.0000
   0.0103   0.0000   0.1207
   0.0277   0.0000   0.0112   0.0111   0.0099   0.0000  -0.1909   0.0000
   0.0088   0.0000   0.1223
   0.0277   0.0000   0.0111   0.0112   0.0103   0.0000   0.0000  -0.1909
   0.0098   0.0000   0.1207
   0.0555   0.0000   0.0222   0.0224   0.0088   0.0103   0.0088   0.0098
  -0.1909   0.0099   0.0432
   0.0277   0.0000   0.0111   0.0112   0.0088   0.0000   0.0000   0.0000
   0.0099  -0.1909   0.1223
   0.1422   0.3640   0.2756   0.2756   0.0432   0.1207   0.1223   0.1207
   0.0432   0.1223  -1.6298
 
 
  CHI Matrix 
 
  -0.1434  -0.0035   0.0075   0.0075   0.0142   0.0071   0.0071   0.0071
   0.0142   0.0071   0.0751
  -0.0035  -0.1434   0.0075   0.0075   0.0000   0.0000   0.0000   0.0000
   0.0000   0.0000   0.1319
   0.0075   0.0075  -0.2774   0.0031   0.0110   0.0056   0.0056   0.0054
   0.0107   0.0054   0.2156
   0.0075   0.0075   0.0031  -0.2774   0.0107   0.0054   0.0054   0.0056
   0.0110   0.0056   0.2156
   0.0142   0.0000   0.0110   0.0107  -0.0585   0.0044   0.0044  -0.0013
   0.0049   0.0049   0.0053
   0.0071   0.0000   0.0056   0.0054   0.0044  -0.0585   0.0000   0.0000
  -0.0013   0.0000   0.0373
   0.0071   0.0000   0.0056   0.0054   0.0044   0.0000  -0.0585   0.0000
   0.0049   0.0000   0.0311
   0.0071   0.0000   0.0054   0.0056  -0.0013   0.0000   0.0000  -0.0585
   0.0044   0.0000   0.0373
   0.0142   0.0000   0.0107   0.0110   0.0049  -0.0013   0.0049   0.0044
  -0.0585   0.0044   0.0053
   0.0071   0.0000   0.0054   0.0056   0.0049   0.0000   0.0000   0.0000
   0.0044  -0.0585   0.0311
   0.0751   0.1319   0.2156   0.2156   0.0053   0.0373   0.0311   0.0373
   0.0053   0.0311  -0.7857
 
 
  CHI0^-1 - CHI^-1 Matrix 
 
    3.8089   -0.4654    0.0269    0.0269   -0.4520   -0.6321   -0.6762   -0.6321
   -0.4520   -0.6762    0.1233
   -0.4654    4.6464    0.4749    0.4749   -1.3111   -0.6383   -0.9598   -0.6383
   -1.3111   -0.9598    0.6878
    0.0269    0.4749    1.3016    0.6158   -0.6735   -0.3432   -0.5544   -0.3512
   -0.6869   -0.5606    0.7504
    0.0269    0.4749    0.6158    1.3016   -0.6869   -0.3512   -0.5606   -0.3432
   -0.6735   -0.5544    0.7504
   -0.4520   -1.3111   -0.6735   -0.6869   10.0807   -0.9486   -0.9603   -2.5039
   -0.8318   -0.7954   -0.9171
   -0.6321   -0.6383   -0.3432   -0.3512   -0.9486   10.4818   -1.6614   -1.5232
   -2.5039   -1.6483   -0.2315
   -0.6762   -0.9598   -0.5544   -0.5606   -0.9603   -1.6614   10.1158   -1.6483
   -0.7954   -1.7409   -0.5584
   -0.6321   -0.6383   -0.3512   -0.3432   -2.5039   -1.5232   -1.6483   10.4818
   -0.9486   -1.6614   -0.2315
   -0.4520   -1.3111   -0.6869   -0.6735   -0.8318   -2.5039   -0.7954   -0.9486
   10.0807   -0.9603   -0.9171
   -0.6762   -0.9598   -0.5606   -0.5544   -0.7954   -1.6483   -1.7409   -1.6614
   -0.9603   10.1158   -0.5584
    0.1233    0.6878    0.7504    0.7504   -0.9171   -0.2315   -0.5584   -0.2315
   -0.9171   -0.5584    1.1019
  type:            1  U1 =    3.80893175561894     
  type:            2  U1 =    1.30157107423484     
  type:            3  U1 =    10.0807413089841     
