 
  number of atoms in the primitive cell:          10
 
 
  CHI_0 Matrix 
 
  -0.3816   0.0035   0.0071   0.0071   0.0555   0.0277   0.0277   0.0277
   0.0555   0.0277   0.0000
   0.0035  -0.3816   0.0071   0.0071   0.0283   0.0000   0.0000   0.0000
   0.0283   0.0000   0.0000
   0.0071   0.0071  -0.3632  -0.0159   0.0224   0.0112   0.0112   0.0111
   0.0222   0.0111   0.0000
   0.0071   0.0071  -0.0159  -0.3632   0.0222   0.0111   0.0111   0.0112
   0.0224   0.0112   0.0000
   0.0555   0.0283   0.0224   0.0222  -0.1909   0.0098   0.0099   0.0103
   0.0088   0.0088   0.0000
   0.0277   0.0000   0.0112   0.0111   0.0098  -0.1909   0.0000   0.0000
   0.0103   0.0000   0.0000
   0.0277   0.0000   0.0112   0.0111   0.0099   0.0000  -0.1909   0.0000
   0.0088   0.0000   0.0000
   0.0277   0.0000   0.0111   0.0112   0.0103   0.0000   0.0000  -0.1909
   0.0098   0.0000   0.0000
   0.0555   0.0283   0.0222   0.0224   0.0088   0.0103   0.0088   0.0098
  -0.1909   0.0099   0.0000
   0.0277   0.0000   0.0111   0.0112   0.0088   0.0000   0.0000   0.0000
   0.0099  -0.1909   0.0000
   0.0000   0.0000   0.0000   0.0000   0.0000   0.0000   0.0000   0.0000
   0.0000   0.0000   1.0000
 
 
  CHI Matrix 
 
  -0.1434  -0.0035   0.0075   0.0076   0.0142   0.0071   0.0071   0.0071
   0.0142   0.0071   0.0000
  -0.0035  -0.1434   0.0076   0.0076   0.0071   0.0000   0.0000   0.0000
   0.0071   0.0000   0.0000
   0.0075   0.0076  -0.2774   0.0031   0.0110   0.0056   0.0056   0.0054
   0.0107   0.0054   0.0000
   0.0076   0.0076   0.0031  -0.2774   0.0107   0.0054   0.0054   0.0056
   0.0110   0.0056   0.0000
   0.0142   0.0071   0.0110   0.0107  -0.0585   0.0044   0.0044  -0.0013
   0.0049   0.0049   0.0000
   0.0071   0.0000   0.0056   0.0054   0.0044  -0.0585   0.0000   0.0000
  -0.0013   0.0000   0.0000
   0.0071   0.0000   0.0056   0.0054   0.0044   0.0000  -0.0585   0.0000
   0.0049   0.0000   0.0000
   0.0071   0.0000   0.0054   0.0056  -0.0013   0.0000   0.0000  -0.0585
   0.0044   0.0000   0.0000
   0.0142   0.0071   0.0107   0.0110   0.0049  -0.0013   0.0049   0.0044
  -0.0585   0.0044   0.0000
   0.0071   0.0000   0.0054   0.0056   0.0049   0.0000   0.0000   0.0000
   0.0044  -0.0585   0.0000
   0.0000   0.0000   0.0000   0.0000   0.0000   0.0000   0.0000   0.0000
   0.0000   0.0000   1.0000
 
 
  CHI0^-1 - CHI^-1 Matrix 
 
    4.6479   -0.0921    0.2548    0.2574    1.4229    0.5732    0.8586    0.5732
    1.4229    0.8586    0.0000
   -0.0921    4.4075    0.1769    0.1769    0.6083    0.0305    0.1560    0.0305
    0.6083    0.1560    0.0000
    0.2548    0.1769    0.9054    0.2199    0.6180    0.2404    0.3613    0.2324
    0.6046    0.3551    0.0000
    0.2574    0.1769    0.2199    0.9058    0.6055    0.2328    0.3556    0.2408
    0.6189    0.3618    0.0000
    1.4229    0.6083    0.6180    0.6055   13.0949    1.3031    1.6387   -0.2522
    2.1824    1.8036    0.0000
    0.5732    0.0305    0.2404    0.2328    1.3031   12.0454    0.2315    0.0404
   -0.2522    0.2446    0.0000
    0.8586    0.1560    0.3613    0.3556    1.6387    0.2315   12.3402    0.2446
    1.8036    0.4835    0.0000
    0.5732    0.0305    0.2324    0.2408   -0.2522    0.0404    0.2446   12.0454
    1.3031    0.2315    0.0000
    1.4229    0.6083    0.6046    0.6189    2.1824   -0.2522    1.8036    1.3031
   13.0949    1.6387    0.0000
    0.8586    0.1560    0.3551    0.3618    1.8036    0.2446    0.4835    0.2315
    1.6387   12.3402    0.0000
    0.0000    0.0000    0.0000    0.0000    0.0000    0.0000    0.0000    0.0000
    0.0000    0.0000    0.0000
  type:            1  U0 =    4.64785875045876     
  type:            2  U0 =   0.905429250051968     
  type:            3  U0 =    13.0949374047918     
 
 
 
  Extrapolation to a supercell            1           1           1
 
  number of atoms in the supercell:          10
 
 
  type1:            1  type2:            1
 
  number of shells:            2
 
  shell  #n: pc, sc, spinp   dist       chi_pc     chi_sc 
 
    1        1   1   1        0.0000    -0.3816    -0.3816
    2        1   1   1        5.1646     0.0035     0.0035
 
  type1:            1  type2:            2
 
  number of shells:            1
 
  shell  #n: pc, sc, spinp   dist       chi_pc     chi_sc 
 
    1        2   2   0        4.5080     0.0071     0.0071
 
  type1:            1  type2:            3
 
  number of shells:            3
 
  shell  #n: pc, sc, spinp   dist       chi_pc     chi_sc 
 
    1        2   2   0        2.9479     0.0555     0.0555
    2        2   2   0        4.4999     0.0277     0.0277
    3        2   2   0        2.3225     0.0277     0.0277
 
  type1:            2  type2:            2
 
  number of shells:            2
 
  shell  #n: pc, sc, spinp   dist       chi_pc     chi_sc 
 
    1        1   1   0        0.0000    -0.3632    -0.3632
    2        1   1   0        5.1646    -0.0159    -0.0159
 
  type1:            2  type2:            3
 
  number of shells:            6
 
  shell  #n: pc, sc, spinp   dist       chi_pc     chi_sc 
 
    1        1   1   0        4.8723     0.0224     0.0224
    2        1   1   0        5.1642     0.0112     0.0112
    3        1   1   0        4.8788     0.0112     0.0112
    4        1   1   0        0.0081     0.0111     0.0111
    5        1   1   0        4.5960     0.0222     0.0222
    6        1   1   0        4.5918     0.0111     0.0111
 
  type1:            3  type2:            3
 
  number of shells:            6
 
  shell  #n: pc, sc, spinp   dist       chi_pc     chi_sc 
 
    1        1   1   0        0.0000    -0.1909    -0.1909
    2        1   1   0        4.6028     0.0098     0.0098
    3        1   1   0        1.2636     0.0099     0.0099
    4        1   1   0        4.8655     0.0103     0.0103
    5        1   1   0        4.6645     0.0088     0.0088
    6        1   1   0        5.1548     0.0088     0.0088
 
  CHI_0 Matrix 
 
  -0.3816   0.0035   0.0071   0.0071   0.0555   0.0277   0.0277   0.0277
   0.0555   0.0277   0.0000
   0.0035  -0.3816   0.0071   0.0071   0.0000   0.0000   0.0000   0.0000
   0.0000   0.0000   0.0000
   0.0071   0.0071  -0.3632  -0.0159   0.0224   0.0112   0.0112   0.0111
   0.0222   0.0111   0.0000
   0.0071   0.0071  -0.0159  -0.3632   0.0222   0.0111   0.0111   0.0112
   0.0224   0.0112   0.0000
   0.0555   0.0000   0.0224   0.0222  -0.1909   0.0098   0.0099   0.0103
   0.0088   0.0088   0.0000
   0.0277   0.0000   0.0112   0.0111   0.0098  -0.1909   0.0000   0.0000
   0.0103   0.0000   0.0000
   0.0277   0.0000   0.0112   0.0111   0.0099   0.0000  -0.1909   0.0000
   0.0088   0.0000   0.0000
   0.0277   0.0000   0.0111   0.0112   0.0103   0.0000   0.0000  -0.1909
   0.0098   0.0000   0.0000
   0.0555   0.0000   0.0222   0.0224   0.0088   0.0103   0.0088   0.0098
  -0.1909   0.0099   0.0000
   0.0277   0.0000   0.0111   0.0112   0.0088   0.0000   0.0000   0.0000
   0.0099  -0.1909   0.0000
   0.0000   0.0000   0.0000   0.0000   0.0000   0.0000   0.0000   0.0000
   0.0000   0.0000   1.0000
 
 
  CHI Matrix 
 
  -0.1434  -0.0035   0.0075   0.0075   0.0142   0.0071   0.0071   0.0071
   0.0142   0.0071   0.0000
  -0.0035  -0.1434   0.0075   0.0075   0.0000   0.0000   0.0000   0.0000
   0.0000   0.0000   0.0000
   0.0075   0.0075  -0.2774   0.0031   0.0110   0.0056   0.0056   0.0054
   0.0107   0.0054   0.0000
   0.0075   0.0075   0.0031  -0.2774   0.0107   0.0054   0.0054   0.0056
   0.0110   0.0056   0.0000
   0.0142   0.0000   0.0110   0.0107  -0.0585   0.0044   0.0044  -0.0013
   0.0049   0.0049   0.0000
   0.0071   0.0000   0.0056   0.0054   0.0044  -0.0585   0.0000   0.0000
  -0.0013   0.0000   0.0000
   0.0071   0.0000   0.0056   0.0054   0.0044   0.0000  -0.0585   0.0000
   0.0049   0.0000   0.0000
   0.0071   0.0000   0.0054   0.0056  -0.0013   0.0000   0.0000  -0.0585
   0.0044   0.0000   0.0000
   0.0142   0.0000   0.0107   0.0110   0.0049  -0.0013   0.0049   0.0044
  -0.0585   0.0044   0.0000
   0.0071   0.0000   0.0054   0.0056   0.0049   0.0000   0.0000   0.0000
   0.0044  -0.0585   0.0000
   0.0000   0.0000   0.0000   0.0000   0.0000   0.0000   0.0000   0.0000
   0.0000   0.0000   1.0000
 
 
  CHI0^-1 - CHI^-1 Matrix 
 
    4.6642   -0.1746    0.2551    0.2551    1.4437    0.5780    0.8608    0.5780
    1.4437    0.8608    0.0000
   -0.1746    4.3727    0.1386    0.1386    0.0201    0.0073    0.0126    0.0073
    0.0201    0.0126    0.0000
    0.2551    0.1386    0.9026    0.2169    0.5951    0.2398    0.3555    0.2318
    0.5817    0.3493    0.0000
    0.2551    0.1386    0.2169    0.9026    0.5817    0.2318    0.3493    0.2398
    0.5951    0.3555    0.0000
    1.4437    0.0201    0.5951    0.5817   13.0169    1.3019    1.6171   -0.2534
    2.1043    1.7819    0.0000
    0.5780    0.0073    0.2398    0.2318    1.3019   12.0467    0.2304    0.0417
   -0.2534    0.2435    0.0000
    0.8608    0.0126    0.3555    0.3493    1.6171    0.2304   12.3345    0.2435
    1.7819    0.4778    0.0000
    0.5780    0.0073    0.2318    0.2398   -0.2534    0.0417    0.2435   12.0467
    1.3019    0.2304    0.0000
    1.4437    0.0201    0.5817    0.5951    2.1043   -0.2534    1.7819    1.3019
   13.0169    1.6171    0.0000
    0.8608    0.0126    0.3493    0.3555    1.7819    0.2435    0.4778    0.2304
    1.6171   12.3345    0.0000
    0.0000    0.0000    0.0000    0.0000    0.0000    0.0000    0.0000    0.0000
    0.0000    0.0000    0.0000
  type:            1  U1 =    4.66423487095785     
  type:            2  U1 =   0.902621559991282     
  type:            3  U1 =    13.0168565533396     
