 
  number of atoms in the primitive cell:          10
 
 
  CHI_0 Matrix 
 
  -0.3979   0.0303   0.0073   0.0074   0.0527   0.0263   0.0263   0.0263
   0.0527   0.0263   0.1424
   0.0303  -0.3979   0.0074   0.0074   0.0269   0.0000   0.0000   0.0000
   0.0269   0.0000   0.2991
   0.0073   0.0074  -0.3638  -0.0160   0.0228   0.0114   0.0114   0.0110
   0.0220   0.0110   0.2755
   0.0074   0.0074  -0.0160  -0.3638   0.0220   0.0110   0.0110   0.0114
   0.0228   0.0114   0.2755
   0.0527   0.0269   0.0228   0.0220  -0.1778   0.0086   0.0086   0.0086
   0.0081   0.0081   0.0114
   0.0263   0.0000   0.0114   0.0110   0.0086  -0.1778   0.0000   0.0000
   0.0086   0.0000   0.1118
   0.0263   0.0000   0.0114   0.0110   0.0086   0.0000  -0.1778   0.0000
   0.0081   0.0000   0.1124
   0.0263   0.0000   0.0110   0.0114   0.0086   0.0000   0.0000  -0.1778
   0.0086   0.0000   0.1118
   0.0527   0.0269   0.0220   0.0228   0.0081   0.0086   0.0081   0.0086
  -0.1778   0.0086   0.0114
   0.0263   0.0000   0.0110   0.0114   0.0081   0.0000   0.0000   0.0000
   0.0086  -0.1778   0.1124
   0.1424   0.2991   0.2755   0.2755   0.0114   0.1118   0.1124   0.1118
   0.0114   0.1124  -1.4636
 
 
  CHI Matrix 
 
  -0.1351  -0.0039   0.0070   0.0071   0.0136   0.0068   0.0068   0.0068
   0.0136   0.0068   0.0705
  -0.0039  -0.1351   0.0071   0.0071   0.0069   0.0000   0.0000   0.0000
   0.0069   0.0000   0.1111
   0.0070   0.0071  -0.2778   0.0036   0.0113   0.0056   0.0056   0.0054
   0.0110   0.0054   0.2157
   0.0071   0.0071   0.0036  -0.2778   0.0110   0.0054   0.0054   0.0056
   0.0113   0.0056   0.2156
   0.0136   0.0069   0.0113   0.0110  -0.0583   0.0041   0.0041  -0.0006
   0.0046   0.0046  -0.0013
   0.0068   0.0000   0.0056   0.0054   0.0041  -0.0583   0.0000   0.0000
  -0.0006   0.0000   0.0370
   0.0068   0.0000   0.0056   0.0054   0.0041   0.0000  -0.0583   0.0000
   0.0046   0.0000   0.0317
   0.0068   0.0000   0.0054   0.0056  -0.0006   0.0000   0.0000  -0.0583
   0.0041   0.0000   0.0370
   0.0136   0.0069   0.0110   0.0113   0.0046  -0.0006   0.0046   0.0041
  -0.0583   0.0041  -0.0013
   0.0068   0.0000   0.0054   0.0056   0.0046   0.0000   0.0000   0.0000
   0.0041  -0.0583   0.0317
   0.0705   0.1111   0.2157   0.2156  -0.0013   0.0370   0.0317   0.0370
  -0.0013   0.0317  -0.7476
 
 
  CHI0^-1 - CHI^-1 Matrix 
 
    4.2828   -0.8052   -0.0114   -0.0100   -0.4892   -0.6163   -0.6628   -0.6163
   -0.4892   -0.6628    0.0804
   -0.8052    4.8903    0.3498    0.3494   -0.9243   -0.7781   -0.9598   -0.7781
   -0.9243   -0.9598    0.5398
   -0.0114    0.3498    1.3064    0.6271   -0.6687   -0.3261   -0.5119   -0.3309
   -0.6760   -0.5150    0.7567
   -0.0100    0.3494    0.6271    1.3058   -0.6759   -0.3310   -0.5150   -0.3262
   -0.6686   -0.5120    0.7563
   -0.4892   -0.9243   -0.6687   -0.6759    9.7395   -1.0033   -1.0159   -2.3036
   -0.8850   -0.8615   -0.9121
   -0.6163   -0.7781   -0.3261   -0.3310   -1.0033   10.1880   -1.5879   -1.4548
   -2.3036   -1.5767   -0.2102
   -0.6628   -0.9598   -0.5119   -0.5150   -1.0159   -1.5879    9.8641   -1.5767
   -0.8615   -1.6742   -0.4984
   -0.6163   -0.7781   -0.3309   -0.3262   -2.3036   -1.4548   -1.5767   10.1880
   -1.0033   -1.5879   -0.2102
   -0.4892   -0.9243   -0.6760   -0.6686   -0.8850   -2.3036   -0.8615   -1.0033
    9.7395   -1.0159   -0.9121
   -0.6628   -0.9598   -0.5150   -0.5120   -0.8615   -1.5767   -1.6742   -1.5879
   -1.0159    9.8641   -0.4984
    0.0804    0.5398    0.7567    0.7563   -0.9121   -0.2102   -0.4984   -0.2102
   -0.9121   -0.4984    1.1082
  type:            1  U0 =    4.28281663234210     
  type:            2  U0 =    1.30635787632744     
  type:            3  U0 =    9.73951989183201     
 
 
 
  Extrapolation to a supercell            1           1           1
 
  number of atoms in the supercell:          10
 
 
  type1:            1  type2:            1
 
  number of shells:            2
 
  shell  #n: pc, sc, spinp   dist       chi_pc     chi_sc 
 
    1        1   1   1        0.0000    -0.3979    -0.3979
    2        1   1   1        5.1646     0.0303     0.0303
 
  type1:            1  type2:            2
 
  number of shells:            1
 
  shell  #n: pc, sc, spinp   dist       chi_pc     chi_sc 
 
    1        2   2   0        4.5080     0.0073     0.0073
 
  type1:            1  type2:            3
 
  number of shells:            3
 
  shell  #n: pc, sc, spinp   dist       chi_pc     chi_sc 
 
    1        2   2   0        2.9479     0.0527     0.0527
    2        2   2   0        4.4999     0.0263     0.0263
    3        2   2   0        2.3225     0.0263     0.0263
 
  type1:            2  type2:            2
 
  number of shells:            2
 
  shell  #n: pc, sc, spinp   dist       chi_pc     chi_sc 
 
    1        1   1   0        0.0000    -0.3638    -0.3638
    2        1   1   0        5.1646    -0.0160    -0.0160
 
  type1:            2  type2:            3
 
  number of shells:            6
 
  shell  #n: pc, sc, spinp   dist       chi_pc     chi_sc 
 
    1        1   1   0        4.8723     0.0228     0.0228
    2        1   1   0        5.1642     0.0114     0.0114
    3        1   1   0        4.8788     0.0114     0.0114
    4        1   1   0        0.0081     0.0110     0.0110
    5        1   1   0        4.5960     0.0220     0.0220
    6        1   1   0        4.5918     0.0110     0.0110
 
  type1:            3  type2:            3
 
  number of shells:            6
 
  shell  #n: pc, sc, spinp   dist       chi_pc     chi_sc 
 
    1        1   1   0        0.0000    -0.1778    -0.1778
    2        1   1   0        4.6028     0.0086     0.0086
    3        1   1   0        1.2636     0.0086     0.0086
    4        1   1   0        4.8655     0.0086     0.0086
    5        1   1   0        4.6645     0.0081     0.0081
    6        1   1   0        5.1548     0.0081     0.0081
 
  CHI_0 Matrix 
 
  -0.3979   0.0303   0.0073   0.0073   0.0527   0.0263   0.0263   0.0263
   0.0527   0.0263   0.1424
   0.0303  -0.3979   0.0073   0.0073   0.0000   0.0000   0.0000   0.0000
   0.0000   0.0000   0.3530
   0.0073   0.0073  -0.3638  -0.0160   0.0228   0.0114   0.0114   0.0110
   0.0220   0.0110   0.2756
   0.0073   0.0073  -0.0160  -0.3638   0.0220   0.0110   0.0110   0.0114
   0.0228   0.0114   0.2756
   0.0527   0.0000   0.0228   0.0220  -0.1778   0.0086   0.0086   0.0086
   0.0081   0.0081   0.0382
   0.0263   0.0000   0.0114   0.0110   0.0086  -0.1778   0.0000   0.0000
   0.0086   0.0000   0.1118
   0.0263   0.0000   0.0114   0.0110   0.0086   0.0000  -0.1778   0.0000
   0.0081   0.0000   0.1124
   0.0263   0.0000   0.0110   0.0114   0.0086   0.0000   0.0000  -0.1778
   0.0086   0.0000   0.1118
   0.0527   0.0000   0.0220   0.0228   0.0081   0.0086   0.0081   0.0086
  -0.1778   0.0086   0.0382
   0.0263   0.0000   0.0110   0.0114   0.0081   0.0000   0.0000   0.0000
   0.0086  -0.1778   0.1124
   0.1424   0.3530   0.2756   0.2756   0.0382   0.1118   0.1124   0.1118
   0.0382   0.1124  -1.5715
 
 
  CHI Matrix 
 
  -0.1351  -0.0039   0.0070   0.0070   0.0136   0.0068   0.0068   0.0068
   0.0136   0.0068   0.0706
  -0.0039  -0.1351   0.0070   0.0070   0.0000   0.0000   0.0000   0.0000
   0.0000   0.0000   0.1250
   0.0070   0.0070  -0.2778   0.0036   0.0113   0.0056   0.0056   0.0054
   0.0110   0.0054   0.2158
   0.0070   0.0070   0.0036  -0.2778   0.0110   0.0054   0.0054   0.0056
   0.0113   0.0056   0.2158
   0.0136   0.0000   0.0113   0.0110  -0.0583   0.0041   0.0041  -0.0006
   0.0046   0.0046   0.0056
   0.0068   0.0000   0.0056   0.0054   0.0041  -0.0583   0.0000   0.0000
  -0.0006   0.0000   0.0370
   0.0068   0.0000   0.0056   0.0054   0.0041   0.0000  -0.0583   0.0000
   0.0046   0.0000   0.0317
   0.0068   0.0000   0.0054   0.0056  -0.0006   0.0000   0.0000  -0.0583
   0.0041   0.0000   0.0370
   0.0136   0.0000   0.0110   0.0113   0.0046  -0.0006   0.0046   0.0041
  -0.0583   0.0041   0.0056
   0.0068   0.0000   0.0054   0.0056   0.0046   0.0000   0.0000   0.0000
   0.0041  -0.0583   0.0317
   0.0706   0.1250   0.2158   0.2158   0.0056   0.0370   0.0317   0.0370
   0.0056   0.0317  -0.7756
 
 
  CHI0^-1 - CHI^-1 Matrix 
 
    4.2713   -0.7864   -0.0386   -0.0386   -0.4008   -0.6444   -0.6782   -0.6444
   -0.4008   -0.6782    0.0390
   -0.7864    5.1672    0.4505    0.4505   -1.3496   -0.6796   -0.9499   -0.6796
   -1.3496   -0.9499    0.6767
   -0.0386    0.4505    1.2897    0.6107   -0.6451   -0.3475   -0.5233   -0.3522
   -0.6524   -0.5263    0.7347
   -0.0386    0.4505    0.6107    1.2897   -0.6524   -0.3522   -0.5263   -0.3475
   -0.6451   -0.5233    0.7347
   -0.4008   -1.3496   -0.6451   -0.6524    9.7898   -0.9630   -0.9779   -2.2632
   -0.8347   -0.8234   -0.8796
   -0.6444   -0.6796   -0.3475   -0.3522   -0.9630   10.1620   -1.6015   -1.4807
   -2.2632   -1.5904   -0.2394
   -0.6782   -0.9499   -0.5233   -0.5263   -0.9779   -1.6015    9.8612   -1.5904
   -0.8234   -1.6770   -0.5132
   -0.6444   -0.6796   -0.3522   -0.3475   -2.2632   -1.4807   -1.5904   10.1620
   -0.9630   -1.6015   -0.2394
   -0.4008   -1.3496   -0.6524   -0.6451   -0.8347   -2.2632   -0.8234   -0.9630
    9.7898   -0.9779   -0.8796
   -0.6782   -0.9499   -0.5263   -0.5233   -0.8234   -1.5904   -1.6770   -1.6015
   -0.9779    9.8612   -0.5132
    0.0390    0.6767    0.7347    0.7347   -0.8796   -0.2394   -0.5132   -0.2394
   -0.8796   -0.5132    1.0794
  type:            1  U1 =    4.27132094937525     
  type:            2  U1 =    1.28966613984901     
  type:            3  U1 =    9.78980190630626     
