 
  number of atoms in the primitive cell:          10
 
 
  CHI_0 Matrix 
 
  -0.3979   0.0303   0.0073   0.0074   0.0527   0.0263   0.0263   0.0263
   0.0527   0.0263   0.0000
   0.0303  -0.3979   0.0074   0.0074   0.0269   0.0000   0.0000   0.0000
   0.0269   0.0000   0.0000
   0.0073   0.0074  -0.3638  -0.0160   0.0228   0.0114   0.0114   0.0110
   0.0220   0.0110   0.0000
   0.0074   0.0074  -0.0160  -0.3638   0.0220   0.0110   0.0110   0.0114
   0.0228   0.0114   0.0000
   0.0527   0.0269   0.0228   0.0220  -0.1778   0.0086   0.0086   0.0086
   0.0081   0.0081   0.0000
   0.0263   0.0000   0.0114   0.0110   0.0086  -0.1778   0.0000   0.0000
   0.0086   0.0000   0.0000
   0.0263   0.0000   0.0114   0.0110   0.0086   0.0000  -0.1778   0.0000
   0.0081   0.0000   0.0000
   0.0263   0.0000   0.0110   0.0114   0.0086   0.0000   0.0000  -0.1778
   0.0086   0.0000   0.0000
   0.0527   0.0269   0.0220   0.0228   0.0081   0.0086   0.0081   0.0086
  -0.1778   0.0086   0.0000
   0.0263   0.0000   0.0110   0.0114   0.0081   0.0000   0.0000   0.0000
   0.0086  -0.1778   0.0000
   0.0000   0.0000   0.0000   0.0000   0.0000   0.0000   0.0000   0.0000
   0.0000   0.0000   1.0000
 
 
  CHI Matrix 
 
  -0.1351  -0.0039   0.0070   0.0071   0.0136   0.0068   0.0068   0.0068
   0.0136   0.0068   0.0000
  -0.0039  -0.1351   0.0071   0.0071   0.0069   0.0000   0.0000   0.0000
   0.0069   0.0000   0.0000
   0.0070   0.0071  -0.2778   0.0036   0.0113   0.0056   0.0056   0.0054
   0.0110   0.0054   0.0000
   0.0071   0.0071   0.0036  -0.2778   0.0110   0.0054   0.0054   0.0056
   0.0113   0.0056   0.0000
   0.0136   0.0069   0.0113   0.0110  -0.0583   0.0041   0.0041  -0.0006
   0.0046   0.0046   0.0000
   0.0068   0.0000   0.0056   0.0054   0.0041  -0.0583   0.0000   0.0000
  -0.0006   0.0000   0.0000
   0.0068   0.0000   0.0056   0.0054   0.0041   0.0000  -0.0583   0.0000
   0.0046   0.0000   0.0000
   0.0068   0.0000   0.0054   0.0056  -0.0006   0.0000   0.0000  -0.0583
   0.0041   0.0000   0.0000
   0.0136   0.0069   0.0110   0.0113   0.0046  -0.0006   0.0046   0.0041
  -0.0583   0.0041   0.0000
   0.0068   0.0000   0.0054   0.0056   0.0046   0.0000   0.0000   0.0000
   0.0041  -0.0583   0.0000
   0.0000   0.0000   0.0000   0.0000   0.0000   0.0000   0.0000   0.0000
   0.0000   0.0000   1.0000
 
 
  CHI0^-1 - CHI^-1 Matrix 
 
    5.2302   -0.3172    0.2597    0.2614    1.4507    0.6217    0.8634    0.6217
    1.4507    0.8634    0.0000
   -0.3172    4.9189    0.1616    0.1615    0.5562    0.0006    0.1070    0.0006
    0.5562    0.1070    0.0000
    0.2597    0.1616    0.9012    0.2223    0.5949    0.2357    0.3380    0.2309
    0.5877    0.3350    0.0000
    0.2614    0.1615    0.2223    0.9014    0.5882    0.2312    0.3353    0.2359
    0.5954    0.3383    0.0000
    1.4507    0.5562    0.5949    0.5882   12.6720    1.2273    1.5028   -0.0730
    2.0475    1.6573    0.0000
    0.6217    0.0006    0.2357    0.2312    1.2273   11.7167    0.2290    0.0739
   -0.0730    0.2402    0.0000
    0.8634    0.1070    0.3380    0.3353    1.5028    0.2290   11.9691    0.2402
    1.6573    0.4309    0.0000
    0.6217    0.0006    0.2309    0.2359   -0.0730    0.0739    0.2402   11.7167
    1.2273    0.2290    0.0000
    1.4507    0.5562    0.5877    0.5954    2.0475   -0.0730    1.6573    1.2273
   12.6720    1.5028    0.0000
    0.8634    0.1070    0.3350    0.3383    1.6573    0.2402    0.4309    0.2290
    1.5028   11.9691    0.0000
    0.0000    0.0000    0.0000    0.0000    0.0000    0.0000    0.0000    0.0000
    0.0000    0.0000    0.0000
  type:            1  U0 =    5.23017588826916     
  type:            2  U0 =   0.901225538182320     
  type:            3  U0 =    12.6719905166870     
 
 
 
  Extrapolation to a supercell            1           1           1
 
  number of atoms in the supercell:          10
 
 
  type1:            1  type2:            1
 
  number of shells:            2
 
  shell  #n: pc, sc, spinp   dist       chi_pc     chi_sc 
 
    1        1   1   1        0.0000    -0.3979    -0.3979
    2        1   1   1        5.1646     0.0303     0.0303
 
  type1:            1  type2:            2
 
  number of shells:            1
 
  shell  #n: pc, sc, spinp   dist       chi_pc     chi_sc 
 
    1        2   2   0        4.5080     0.0073     0.0073
 
  type1:            1  type2:            3
 
  number of shells:            3
 
  shell  #n: pc, sc, spinp   dist       chi_pc     chi_sc 
 
    1        2   2   0        2.9479     0.0527     0.0527
    2        2   2   0        4.4999     0.0263     0.0263
    3        2   2   0        2.3225     0.0263     0.0263
 
  type1:            2  type2:            2
 
  number of shells:            2
 
  shell  #n: pc, sc, spinp   dist       chi_pc     chi_sc 
 
    1        1   1   0        0.0000    -0.3638    -0.3638
    2        1   1   0        5.1646    -0.0160    -0.0160
 
  type1:            2  type2:            3
 
  number of shells:            6
 
  shell  #n: pc, sc, spinp   dist       chi_pc     chi_sc 
 
    1        1   1   0        4.8723     0.0228     0.0228
    2        1   1   0        5.1642     0.0114     0.0114
    3        1   1   0        4.8788     0.0114     0.0114
    4        1   1   0        0.0081     0.0110     0.0110
    5        1   1   0        4.5960     0.0220     0.0220
    6        1   1   0        4.5918     0.0110     0.0110
 
  type1:            3  type2:            3
 
  number of shells:            6
 
  shell  #n: pc, sc, spinp   dist       chi_pc     chi_sc 
 
    1        1   1   0        0.0000    -0.1778    -0.1778
    2        1   1   0        4.6028     0.0086     0.0086
    3        1   1   0        1.2636     0.0086     0.0086
    4        1   1   0        4.8655     0.0086     0.0086
    5        1   1   0        4.6645     0.0081     0.0081
    6        1   1   0        5.1548     0.0081     0.0081
 
  CHI_0 Matrix 
 
  -0.3979   0.0303   0.0073   0.0073   0.0527   0.0263   0.0263   0.0263
   0.0527   0.0263   0.0000
   0.0303  -0.3979   0.0073   0.0073   0.0000   0.0000   0.0000   0.0000
   0.0000   0.0000   0.0000
   0.0073   0.0073  -0.3638  -0.0160   0.0228   0.0114   0.0114   0.0110
   0.0220   0.0110   0.0000
   0.0073   0.0073  -0.0160  -0.3638   0.0220   0.0110   0.0110   0.0114
   0.0228   0.0114   0.0000
   0.0527   0.0000   0.0228   0.0220  -0.1778   0.0086   0.0086   0.0086
   0.0081   0.0081   0.0000
   0.0263   0.0000   0.0114   0.0110   0.0086  -0.1778   0.0000   0.0000
   0.0086   0.0000   0.0000
   0.0263   0.0000   0.0114   0.0110   0.0086   0.0000  -0.1778   0.0000
   0.0081   0.0000   0.0000
   0.0263   0.0000   0.0110   0.0114   0.0086   0.0000   0.0000  -0.1778
   0.0086   0.0000   0.0000
   0.0527   0.0000   0.0220   0.0228   0.0081   0.0086   0.0081   0.0086
  -0.1778   0.0086   0.0000
   0.0263   0.0000   0.0110   0.0114   0.0081   0.0000   0.0000   0.0000
   0.0086  -0.1778   0.0000
   0.0000   0.0000   0.0000   0.0000   0.0000   0.0000   0.0000   0.0000
   0.0000   0.0000   1.0000
 
 
  CHI Matrix 
 
  -0.1351  -0.0039   0.0070   0.0070   0.0136   0.0068   0.0068   0.0068
   0.0136   0.0068   0.0000
  -0.0039  -0.1351   0.0070   0.0070   0.0000   0.0000   0.0000   0.0000
   0.0000   0.0000   0.0000
   0.0070   0.0070  -0.2778   0.0036   0.0113   0.0056   0.0056   0.0054
   0.0110   0.0054   0.0000
   0.0070   0.0070   0.0036  -0.2778   0.0110   0.0054   0.0054   0.0056
   0.0113   0.0056   0.0000
   0.0136   0.0000   0.0113   0.0110  -0.0583   0.0041   0.0041  -0.0006
   0.0046   0.0046   0.0000
   0.0068   0.0000   0.0056   0.0054   0.0041  -0.0583   0.0000   0.0000
  -0.0006   0.0000   0.0000
   0.0068   0.0000   0.0056   0.0054   0.0041   0.0000  -0.0583   0.0000
   0.0046   0.0000   0.0000
   0.0068   0.0000   0.0054   0.0056  -0.0006   0.0000   0.0000  -0.0583
   0.0041   0.0000   0.0000
   0.0136   0.0000   0.0110   0.0113   0.0046  -0.0006   0.0046   0.0041
  -0.0583   0.0041   0.0000
   0.0068   0.0000   0.0054   0.0056   0.0046   0.0000   0.0000   0.0000
   0.0041  -0.0583   0.0000
   0.0000   0.0000   0.0000   0.0000   0.0000   0.0000   0.0000   0.0000
   0.0000   0.0000   1.0000
 
 
  CHI0^-1 - CHI^-1 Matrix 
 
    5.2726   -0.4227    0.2670    0.2670    1.5192    0.6353    0.8754    0.6353
    1.5192    0.8754    0.0000
   -0.4227    4.8932    0.1184    0.1184   -0.0673   -0.0376   -0.0340   -0.0376
   -0.0673   -0.0340    0.0000
    0.2670    0.1184    0.8996    0.2206    0.5792    0.2365    0.3346    0.2318
    0.5719    0.3316    0.0000
    0.2670    0.1184    0.2206    0.8996    0.5719    0.2318    0.3316    0.2365
    0.5792    0.3346    0.0000
    1.5192   -0.0673    0.5792    0.5719   12.6285    1.2354    1.4944   -0.0649
    2.0040    1.6489    0.0000
    0.6353   -0.0376    0.2365    0.2318    1.2354   11.7201    0.2304    0.0774
   -0.0649    0.2416    0.0000
    0.8754   -0.0340    0.3346    0.3316    1.4944    0.2304   11.9671    0.2416
    1.6489    0.4288    0.0000
    0.6353   -0.0376    0.2318    0.2365   -0.0649    0.0774    0.2416   11.7201
    1.2354    0.2304    0.0000
    1.5192   -0.0673    0.5719    0.5792    2.0040   -0.0649    1.6489    1.2354
   12.6285    1.4944    0.0000
    0.8754   -0.0340    0.3316    0.3346    1.6489    0.2416    0.4288    0.2304
    1.4944   11.9671    0.0000
    0.0000    0.0000    0.0000    0.0000    0.0000    0.0000    0.0000    0.0000
    0.0000    0.0000    0.0000
  type:            1  U1 =    5.27264052285267     
  type:            2  U1 =   0.899632583877886     
  type:            3  U1 =    12.6284560619827     
