 
  number of atoms in the primitive cell:          10
 
 
  CHI_0 Matrix 
 
  -1.1132   0.7505   0.0078   0.0084   0.0465   0.0233   0.0233   0.0233
   0.0465   0.0233   0.0000
   0.7505  -1.1132   0.0084   0.0084   0.0227   0.0000   0.0000   0.0000
   0.0227   0.0000   0.0000
   0.0078   0.0084  -0.3666  -0.0165   0.0242   0.0121   0.0121   0.0110
   0.0220   0.0110   0.0000
   0.0084   0.0084  -0.0165  -0.3666   0.0220   0.0110   0.0110   0.0121
   0.0242   0.0121   0.0000
   0.0465   0.0227   0.0242   0.0220  -0.1501   0.0064   0.0064   0.0120
   0.0064   0.0064   0.0000
   0.0233   0.0000   0.0121   0.0110   0.0064  -0.1501   0.0000   0.0000
   0.0120   0.0000   0.0000
   0.0233   0.0000   0.0121   0.0110   0.0064   0.0000  -0.1501   0.0000
   0.0064   0.0000   0.0000
   0.0233   0.0000   0.0110   0.0121   0.0120   0.0000   0.0000  -0.1501
   0.0064   0.0000   0.0000
   0.0465   0.0227   0.0220   0.0242   0.0064   0.0120   0.0064   0.0064
  -0.1501   0.0064   0.0000
   0.0233   0.0000   0.0110   0.0121   0.0064   0.0000   0.0000   0.0000
   0.0064  -0.1501   0.0000
   0.0000   0.0000   0.0000   0.0000   0.0000   0.0000   0.0000   0.0000
   0.0000   0.0000   1.0000
 
 
  CHI Matrix 
 
  -0.2708   0.1254   0.0078   0.0088   0.0130   0.0064   0.0064   0.0064
   0.0130   0.0064   0.0000
   0.1254  -0.2708   0.0088   0.0088   0.0083   0.0000   0.0000   0.0000
   0.0083   0.0000   0.0000
   0.0078   0.0088  -0.2798   0.0032   0.0114   0.0057   0.0057   0.0056
   0.0113   0.0056   0.0000
   0.0088   0.0088   0.0032  -0.2798   0.0113   0.0056   0.0056   0.0057
   0.0114   0.0057   0.0000
   0.0130   0.0083   0.0114   0.0113  -0.0576   0.0037   0.0037   0.0019
   0.0043   0.0043   0.0000
   0.0064   0.0000   0.0057   0.0056   0.0037  -0.0576   0.0000   0.0000
   0.0019   0.0000   0.0000
   0.0064   0.0000   0.0057   0.0056   0.0037   0.0000  -0.0576   0.0000
   0.0043   0.0000   0.0000
   0.0064   0.0000   0.0056   0.0057   0.0019   0.0000   0.0000  -0.0576
   0.0037   0.0000   0.0000
   0.0130   0.0083   0.0113   0.0114   0.0043   0.0019   0.0043   0.0037
  -0.0576   0.0037   0.0000
   0.0064   0.0000   0.0056   0.0057   0.0043   0.0000   0.0000   0.0000
   0.0037  -0.0576   0.0000
   0.0000   0.0000   0.0000   0.0000   0.0000   0.0000   0.0000   0.0000
   0.0000   0.0000   1.0000
 
 
  CHI0^-1 - CHI^-1 Matrix 
 
    3.2693    1.2209    0.2339    0.2488    1.0984    0.4168    0.5416    0.4168
    1.0984    0.5416    0.0000
    1.2209    3.1698    0.2093    0.2160    0.8644    0.1898    0.2935    0.1898
    0.8643    0.2935    0.0000
    0.2339    0.2093    0.8865    0.2098    0.5174    0.2146    0.2861    0.2287
    0.5473    0.3020    0.0000
    0.2488    0.2160    0.2098    0.8891    0.5529    0.2310    0.3047    0.2169
    0.5231    0.2888    0.0000
    1.0984    0.8644    0.5174    0.5529   11.7227    1.1396    1.3154    0.4044
    1.9335    1.4671    0.0000
    0.4168    0.1898    0.2146    0.2310    1.1396   10.8540    0.2315    0.1374
    0.4044    0.2362    0.0000
    0.5416    0.2935    0.2861    0.3047    1.3154    0.2315   11.0509    0.2362
    1.4671    0.3393    0.0000
    0.4168    0.1898    0.2287    0.2169    0.4044    0.1374    0.2362   10.8540
    1.1396    0.2315    0.0000
    1.0984    0.8643    0.5473    0.5231    1.9335    0.4044    1.4671    1.1396
   11.7227    1.3154    0.0000
    0.5416    0.2935    0.3020    0.2888    1.4671    0.2362    0.3393    0.2315
    1.3154   11.0509    0.0000
    0.0000    0.0000    0.0000    0.0000    0.0000    0.0000    0.0000    0.0000
    0.0000    0.0000    0.0000
  type:            1  U0 =    3.26933027328259     
  type:            2  U0 =   0.886482678809356     
  type:            3  U0 =    11.7226979426578     
 
 
 
  Extrapolation to a supercell            1           1           1
 
  number of atoms in the supercell:          10
 
 
  type1:            1  type2:            1
 
  number of shells:            2
 
  shell  #n: pc, sc, spinp   dist       chi_pc     chi_sc 
 
    1        1   1   1        0.0000    -1.1132    -1.1132
    2        1   1   1        5.1646     0.7505     0.7505
 
  type1:            1  type2:            2
 
  number of shells:            1
 
  shell  #n: pc, sc, spinp   dist       chi_pc     chi_sc 
 
    1        2   2   0        4.5080     0.0078     0.0078
 
  type1:            1  type2:            3
 
  number of shells:            3
 
  shell  #n: pc, sc, spinp   dist       chi_pc     chi_sc 
 
    1        2   2   0        2.9479     0.0465     0.0465
    2        2   2   0        4.4999     0.0233     0.0233
    3        2   2   0        2.3225     0.0233     0.0233
 
  type1:            2  type2:            2
 
  number of shells:            2
 
  shell  #n: pc, sc, spinp   dist       chi_pc     chi_sc 
 
    1        1   1   0        0.0000    -0.3666    -0.3666
    2        1   1   0        5.1646    -0.0165    -0.0165
 
  type1:            2  type2:            3
 
  number of shells:            6
 
  shell  #n: pc, sc, spinp   dist       chi_pc     chi_sc 
 
    1        1   1   0        4.8723     0.0242     0.0242
    2        1   1   0        5.1642     0.0121     0.0121
    3        1   1   0        4.8788     0.0121     0.0121
    4        1   1   0        0.0081     0.0110     0.0110
    5        1   1   0        4.5960     0.0220     0.0220
    6        1   1   0        4.5918     0.0110     0.0110
 
  type1:            3  type2:            3
 
  number of shells:            6
 
  shell  #n: pc, sc, spinp   dist       chi_pc     chi_sc 
 
    1        1   1   0        0.0000    -0.1501    -0.1501
    2        1   1   0        4.6028     0.0064     0.0064
    3        1   1   0        1.2636     0.0064     0.0064
    4        1   1   0        4.8655     0.0120     0.0120
    5        1   1   0        4.6645     0.0064     0.0064
    6        1   1   0        5.1548     0.0064     0.0064
 
  CHI_0 Matrix 
 
  -1.1132   0.7505   0.0078   0.0078   0.0465   0.0233   0.0233   0.0233
   0.0465   0.0233   0.0000
   0.7505  -1.1132   0.0078   0.0078   0.0000   0.0000   0.0000   0.0000
   0.0000   0.0000   0.0000
   0.0078   0.0078  -0.3666  -0.0165   0.0242   0.0121   0.0121   0.0110
   0.0220   0.0110   0.0000
   0.0078   0.0078  -0.0165  -0.3666   0.0220   0.0110   0.0110   0.0121
   0.0242   0.0121   0.0000
   0.0465   0.0000   0.0242   0.0220  -0.1501   0.0064   0.0064   0.0120
   0.0064   0.0064   0.0000
   0.0233   0.0000   0.0121   0.0110   0.0064  -0.1501   0.0000   0.0000
   0.0120   0.0000   0.0000
   0.0233   0.0000   0.0121   0.0110   0.0064   0.0000  -0.1501   0.0000
   0.0064   0.0000   0.0000
   0.0233   0.0000   0.0110   0.0121   0.0120   0.0000   0.0000  -0.1501
   0.0064   0.0000   0.0000
   0.0465   0.0000   0.0220   0.0242   0.0064   0.0120   0.0064   0.0064
  -0.1501   0.0064   0.0000
   0.0233   0.0000   0.0110   0.0121   0.0064   0.0000   0.0000   0.0000
   0.0064  -0.1501   0.0000
   0.0000   0.0000   0.0000   0.0000   0.0000   0.0000   0.0000   0.0000
   0.0000   0.0000   1.0000
 
 
  CHI Matrix 
 
  -0.2708   0.1254   0.0078   0.0078   0.0130   0.0064   0.0064   0.0064
   0.0130   0.0064   0.0000
   0.1254  -0.2708   0.0078   0.0078   0.0000   0.0000   0.0000   0.0000
   0.0000   0.0000   0.0000
   0.0078   0.0078  -0.2798   0.0032   0.0114   0.0057   0.0057   0.0056
   0.0113   0.0056   0.0000
   0.0078   0.0078   0.0032  -0.2798   0.0113   0.0056   0.0056   0.0057
   0.0114   0.0057   0.0000
   0.0130   0.0000   0.0114   0.0113  -0.0576   0.0037   0.0037   0.0019
   0.0043   0.0043   0.0000
   0.0064   0.0000   0.0057   0.0056   0.0037  -0.0576   0.0000   0.0000
   0.0019   0.0000   0.0000
   0.0064   0.0000   0.0057   0.0056   0.0037   0.0000  -0.0576   0.0000
   0.0043   0.0000   0.0000
   0.0064   0.0000   0.0056   0.0057   0.0019   0.0000   0.0000  -0.0576
   0.0037   0.0000   0.0000
   0.0130   0.0000   0.0113   0.0114   0.0043   0.0019   0.0043   0.0037
  -0.0576   0.0037   0.0000
   0.0064   0.0000   0.0056   0.0057   0.0043   0.0000   0.0000   0.0000
   0.0037  -0.0576   0.0000
   0.0000   0.0000   0.0000   0.0000   0.0000   0.0000   0.0000   0.0000
   0.0000   0.0000   1.0000
 
 
  CHI0^-1 - CHI^-1 Matrix 
 
    3.2130    1.1222    0.2115    0.2115    0.8780    0.3924    0.4867    0.3924
    0.8780    0.4867    0.0000
    1.1222    3.0684    0.1494    0.1494    0.3043    0.1228    0.1752    0.1228
    0.3043    0.1752    0.0000
    0.2115    0.1494    0.8809    0.2029    0.4775    0.2099    0.2754    0.2239
    0.5073    0.2913    0.0000
    0.2115    0.1494    0.2029    0.8809    0.5073    0.2239    0.2913    0.2099
    0.4775    0.2754    0.0000
    0.8780    0.3043    0.4775    0.5073   11.5191    1.1030    1.2499    0.3678
    1.7299    1.4016    0.0000
    0.3924    0.1228    0.2099    0.2239    1.1030   10.8504    0.2199    0.1338
    0.3678    0.2246    0.0000
    0.4867    0.1752    0.2754    0.2913    1.2499    0.2199   11.0309    0.2246
    1.4016    0.3193    0.0000
    0.3924    0.1228    0.2239    0.2099    0.3678    0.1338    0.2246   10.8504
    1.1030    0.2199    0.0000
    0.8780    0.3043    0.5073    0.4775    1.7299    0.3678    1.4016    1.1030
   11.5191    1.2499    0.0000
    0.4867    0.1752    0.2913    0.2754    1.4016    0.2246    0.3193    0.2199
    1.2499   11.0309    0.0000
    0.0000    0.0000    0.0000    0.0000    0.0000    0.0000    0.0000    0.0000
    0.0000    0.0000    0.0000
  type:            1  U1 =    3.21298046232257     
  type:            2  U1 =   0.880871138568941     
  type:            3  U1 =    11.5190829508427     
