 
  number of atoms in the primitive cell:          10
 
 
  CHI_0 Matrix 
 
  -1.1132   0.7505   0.0078   0.0084   0.0465   0.0233   0.0233   0.0233
   0.0465   0.0233   0.1605
   0.7505  -1.1132   0.0084   0.0084   0.0227   0.0000   0.0000   0.0000
   0.0227   0.0000   0.3005
   0.0078   0.0084  -0.3666  -0.0165   0.0242   0.0121   0.0121   0.0110
   0.0220   0.0110   0.2745
   0.0084   0.0084  -0.0165  -0.3666   0.0220   0.0110   0.0110   0.0121
   0.0242   0.0121   0.2739
   0.0465   0.0227   0.0242   0.0220  -0.1501   0.0064   0.0064   0.0120
   0.0064   0.0064  -0.0027
   0.0233   0.0000   0.0121   0.0110   0.0064  -0.1501   0.0000   0.0000
   0.0120   0.0000   0.0854
   0.0233   0.0000   0.0121   0.0110   0.0064   0.0000  -0.1501   0.0000
   0.0064   0.0000   0.0911
   0.0233   0.0000   0.0110   0.0121   0.0120   0.0000   0.0000  -0.1501
   0.0064   0.0000   0.0854
   0.0465   0.0227   0.0220   0.0242   0.0064   0.0120   0.0064   0.0064
  -0.1501   0.0064  -0.0027
   0.0233   0.0000   0.0110   0.0121   0.0064   0.0000   0.0000   0.0000
   0.0064  -0.1501   0.0911
   0.1605   0.3005   0.2745   0.2739  -0.0027   0.0854   0.0911   0.0854
  -0.0027   0.0911  -1.3569
 
 
  CHI Matrix 
 
  -0.2708   0.1254   0.0078   0.0088   0.0130   0.0064   0.0064   0.0064
   0.0130   0.0064   0.0773
   0.1254  -0.2708   0.0088   0.0088   0.0083   0.0000   0.0000   0.0000
   0.0083   0.0000   0.1113
   0.0078   0.0088  -0.2798   0.0032   0.0114   0.0057   0.0057   0.0056
   0.0113   0.0056   0.2146
   0.0088   0.0088   0.0032  -0.2798   0.0113   0.0056   0.0056   0.0057
   0.0114   0.0057   0.2136
   0.0130   0.0083   0.0114   0.0113  -0.0576   0.0037   0.0037   0.0019
   0.0043   0.0043  -0.0043
   0.0064   0.0000   0.0057   0.0056   0.0037  -0.0576   0.0000   0.0000
   0.0019   0.0000   0.0342
   0.0064   0.0000   0.0057   0.0056   0.0037   0.0000  -0.0576   0.0000
   0.0043   0.0000   0.0319
   0.0064   0.0000   0.0056   0.0057   0.0019   0.0000   0.0000  -0.0576
   0.0037   0.0000   0.0342
   0.0130   0.0083   0.0113   0.0114   0.0043   0.0019   0.0043   0.0037
  -0.0576   0.0037  -0.0043
   0.0064   0.0000   0.0056   0.0057   0.0043   0.0000   0.0000   0.0000
   0.0037  -0.0576   0.0319
   0.0773   0.1113   0.2146   0.2136  -0.0043   0.0342   0.0319   0.0342
  -0.0043   0.0319  -0.7403
 
 
  CHI0^-1 - CHI^-1 Matrix 
 
    2.6601    0.7549    0.1202    0.1310   -0.5953   -0.6441   -0.7021   -0.6441
   -0.5953   -0.7021    0.2168
    0.7549    2.8470    0.2388    0.2414   -0.6861   -0.7280   -0.8070   -0.7280
   -0.6861   -0.8070    0.3600
    0.1202    0.2388    1.2683    0.5875   -0.6807   -0.3507   -0.4621   -0.3367
   -0.6509   -0.4462    0.7124
    0.1310    0.2414    0.5875    1.2627   -0.6494   -0.3385   -0.4476   -0.3526
   -0.6792   -0.4635    0.7083
   -0.5953   -0.6861   -0.6807   -0.6494    8.9445   -1.0058   -1.0128   -1.7410
   -0.8446   -0.8612   -0.8676
   -0.6441   -0.7280   -0.3507   -0.3385   -1.0058    9.3414   -1.4640   -1.3752
   -1.7410   -1.4593   -0.2349
   -0.7021   -0.8070   -0.4621   -0.4476   -1.0128   -1.4640    9.1727   -1.4593
   -0.8612   -1.5390   -0.4177
   -0.6441   -0.7280   -0.3367   -0.3526   -1.7410   -1.3752   -1.4593    9.3414
   -1.0058   -1.4640   -0.2349
   -0.5953   -0.6861   -0.6509   -0.6792   -0.8446   -1.7410   -0.8612   -1.0058
    8.9445   -1.0128   -0.8676
   -0.7021   -0.8070   -0.4462   -0.4635   -0.8612   -1.4593   -1.5390   -1.4640
   -1.0128    9.1727   -0.4177
    0.2168    0.3600    0.7124    0.7083   -0.8676   -0.2349   -0.4177   -0.2349
   -0.8676   -0.4177    1.0429
  type:            1  U0 =    2.66012633795832     
  type:            2  U0 =    1.26834608564144     
  type:            3  U0 =    8.94452170645952     
 
 
 
  Extrapolation to a supercell            1           1           1
 
  number of atoms in the supercell:          10
 
 
  type1:            1  type2:            1
 
  number of shells:            2
 
  shell  #n: pc, sc, spinp   dist       chi_pc     chi_sc 
 
    1        1   1   1        0.0000    -1.1132    -1.1132
    2        1   1   1        5.1646     0.7505     0.7505
 
  type1:            1  type2:            2
 
  number of shells:            1
 
  shell  #n: pc, sc, spinp   dist       chi_pc     chi_sc 
 
    1        2   2   0        4.5080     0.0078     0.0078
 
  type1:            1  type2:            3
 
  number of shells:            3
 
  shell  #n: pc, sc, spinp   dist       chi_pc     chi_sc 
 
    1        2   2   0        2.9479     0.0465     0.0465
    2        2   2   0        4.4999     0.0233     0.0233
    3        2   2   0        2.3225     0.0233     0.0233
 
  type1:            2  type2:            2
 
  number of shells:            2
 
  shell  #n: pc, sc, spinp   dist       chi_pc     chi_sc 
 
    1        1   1   0        0.0000    -0.3666    -0.3666
    2        1   1   0        5.1646    -0.0165    -0.0165
 
  type1:            2  type2:            3
 
  number of shells:            6
 
  shell  #n: pc, sc, spinp   dist       chi_pc     chi_sc 
 
    1        1   1   0        4.8723     0.0242     0.0242
    2        1   1   0        5.1642     0.0121     0.0121
    3        1   1   0        4.8788     0.0121     0.0121
    4        1   1   0        0.0081     0.0110     0.0110
    5        1   1   0        4.5960     0.0220     0.0220
    6        1   1   0        4.5918     0.0110     0.0110
 
  type1:            3  type2:            3
 
  number of shells:            6
 
  shell  #n: pc, sc, spinp   dist       chi_pc     chi_sc 
 
    1        1   1   0        0.0000    -0.1501    -0.1501
    2        1   1   0        4.6028     0.0064     0.0064
    3        1   1   0        1.2636     0.0064     0.0064
    4        1   1   0        4.8655     0.0120     0.0120
    5        1   1   0        4.6645     0.0064     0.0064
    6        1   1   0        5.1548     0.0064     0.0064
 
  CHI_0 Matrix 
 
  -1.1132   0.7505   0.0078   0.0078   0.0465   0.0233   0.0233   0.0233
   0.0465   0.0233   0.1611
   0.7505  -1.1132   0.0078   0.0078   0.0000   0.0000   0.0000   0.0000
   0.0000   0.0000   0.3470
   0.0078   0.0078  -0.3666  -0.0165   0.0242   0.0121   0.0121   0.0110
   0.0220   0.0110   0.2751
   0.0078   0.0078  -0.0165  -0.3666   0.0220   0.0110   0.0110   0.0121
   0.0242   0.0121   0.2751
   0.0465   0.0000   0.0242   0.0220  -0.1501   0.0064   0.0064   0.0120
   0.0064   0.0064   0.0200
   0.0233   0.0000   0.0121   0.0110   0.0064  -0.1501   0.0000   0.0000
   0.0120   0.0000   0.0854
   0.0233   0.0000   0.0121   0.0110   0.0064   0.0000  -0.1501   0.0000
   0.0064   0.0000   0.0911
   0.0233   0.0000   0.0110   0.0121   0.0120   0.0000   0.0000  -0.1501
   0.0064   0.0000   0.0854
   0.0465   0.0000   0.0220   0.0242   0.0064   0.0120   0.0064   0.0064
  -0.1501   0.0064   0.0200
   0.0233   0.0000   0.0110   0.0121   0.0064   0.0000   0.0000   0.0000
   0.0064  -0.1501   0.0911
   0.1611   0.3470   0.2751   0.2751   0.0200   0.0854   0.0911   0.0854
   0.0200   0.0911  -1.4512
 
 
  CHI Matrix 
 
  -0.2708   0.1254   0.0078   0.0078   0.0130   0.0064   0.0064   0.0064
   0.0130   0.0064   0.0783
   0.1254  -0.2708   0.0078   0.0078   0.0000   0.0000   0.0000   0.0000
   0.0000   0.0000   0.1298
   0.0078   0.0078  -0.2798   0.0032   0.0114   0.0057   0.0057   0.0056
   0.0113   0.0056   0.2155
   0.0078   0.0078   0.0032  -0.2798   0.0113   0.0056   0.0056   0.0057
   0.0114   0.0057   0.2155
   0.0130   0.0000   0.0114   0.0113  -0.0576   0.0037   0.0037   0.0019
   0.0043   0.0043   0.0040
   0.0064   0.0000   0.0057   0.0056   0.0037  -0.0576   0.0000   0.0000
   0.0019   0.0000   0.0342
   0.0064   0.0000   0.0057   0.0056   0.0037   0.0000  -0.0576   0.0000
   0.0043   0.0000   0.0319
   0.0064   0.0000   0.0056   0.0057   0.0019   0.0000   0.0000  -0.0576
   0.0037   0.0000   0.0342
   0.0130   0.0000   0.0113   0.0114   0.0043   0.0019   0.0043   0.0037
  -0.0576   0.0037   0.0040
   0.0064   0.0000   0.0056   0.0057   0.0043   0.0000   0.0000   0.0000
   0.0037  -0.0576   0.0319
   0.0783   0.1298   0.2155   0.2155   0.0040   0.0342   0.0319   0.0342
   0.0040   0.0319  -0.7792
 
 
  CHI0^-1 - CHI^-1 Matrix 
 
    2.6920    0.8356    0.1307    0.1307   -0.6672   -0.6355   -0.7073   -0.6355
   -0.6672   -0.7073    0.2310
    0.8356    3.0162    0.3030    0.3030   -1.0065   -0.6707   -0.7843   -0.6707
   -1.0065   -0.7843    0.4654
    0.1307    0.3030    1.2403    0.5623   -0.6275   -0.3778   -0.4783   -0.3638
   -0.5977   -0.4624    0.6712
    0.1307    0.3030    0.5623    1.2403   -0.5977   -0.3638   -0.4624   -0.3778
   -0.6275   -0.4783    0.6712
   -0.6672   -1.0065   -0.6275   -0.5977    8.9497   -0.9491   -0.9682   -1.6843
   -0.8394   -0.8166   -0.7931
   -0.6355   -0.6707   -0.3778   -0.3638   -0.9491    9.3156   -1.4810   -1.4011
   -1.6843   -1.4763   -0.2759
   -0.7073   -0.7843   -0.4783   -0.4624   -0.9682   -1.4810    9.1640   -1.4763
   -0.8166   -1.5476   -0.4419
   -0.6355   -0.6707   -0.3638   -0.3778   -1.6843   -1.4011   -1.4763    9.3156
   -0.9491   -1.4810   -0.2759
   -0.6672   -1.0065   -0.5977   -0.6275   -0.8394   -1.6843   -0.8166   -0.9491
    8.9497   -0.9682   -0.7931
   -0.7073   -0.7843   -0.4624   -0.4783   -0.8166   -1.4763   -1.5476   -1.4810
   -0.9682    9.1640   -0.4419
    0.2310    0.4654    0.6712    0.6712   -0.7931   -0.2759   -0.4419   -0.2759
   -0.7931   -0.4419    0.9831
  type:            1  U1 =    2.69196169302263     
  type:            2  U1 =    1.24029294556297     
  type:            3  U1 =    8.94973189116199     
